<?xml version="1.0" encoding="utf-8"?><testsuites name="pytest tests"><testsuite name="pytest" errors="0" failures="0" skipped="0" tests="23" time="6.456" timestamp="2026-03-21T13:00:00.724773+00:00" hostname="agent-env-1712049c-d6d1-4e6a-9408-05866edeaf39"><testcase classname="backend.tests.test_multi_firm_inventory.TestAuthentication" name="test_admin_login" time="0.455" /><testcase classname="backend.tests.test_multi_firm_inventory.TestAuthentication" name="test_accountant_login" time="0.364" /><testcase classname="backend.tests.test_multi_firm_inventory.TestFirmCRUD" name="test_list_firms" time="0.453" /><testcase classname="backend.tests.test_multi_firm_inventory.TestFirmCRUD" name="test_list_active_firms_only" time="0.110" /><testcase classname="backend.tests.test_multi_firm_inventory.TestFirmCRUD" name="test_create_firm" time="0.212" /><testcase classname="backend.tests.test_multi_firm_inventory.TestFirmCRUD" name="test_update_firm" time="0.329" /><testcase classname="backend.tests.test_multi_firm_inventory.TestFirmCRUD" name="test_duplicate_gstin_rejected" time="0.232" /><testcase classname="backend.tests.test_multi_firm_inventory.TestRawMaterialCRUD" name="test_list_raw_materials" time="0.443" /><testcase classname="backend.tests.test_multi_firm_inventory.TestRawMaterialCRUD" name="test_list_raw_materials_by_firm" time="0.194" /><testcase classname="backend.tests.test_multi_firm_inventory.TestRawMaterialCRUD" name="test_create_raw_material" time="0.371" /><testcase classname="backend.tests.test_multi_firm_inventory.TestRawMaterialCRUD" name="test_update_raw_material" time="0.240" /><testcase classname="backend.tests.test_multi_firm_inventory.TestInventoryLedger" name="test_create_purchase_entry" time="0.223" /><testcase classname="backend.tests.test_multi_firm_inventory.TestInventoryLedger" name="test_create_adjustment_in_entry" time="0.218" /><testcase classname="backend.tests.test_multi_firm_inventory.TestInventoryLedger" name="test_create_adjustment_out_entry" time="0.229" /><testcase classname="backend.tests.test_multi_firm_inventory.TestInventoryLedger" name="test_prevent_negative_stock" time="0.236" /><testcase classname="backend.tests.test_multi_firm_inventory.TestInventoryLedger" name="test_list_ledger_entries" time="0.126" /><testcase classname="backend.tests.test_multi_firm_inventory.TestStockTransfer" name="test_transfer_without_invoice_rejected" time="0.322" /><testcase classname="backend.tests.test_multi_firm_inventory.TestStockTransfer" name="test_transfer_with_invoice_success" time="0.472" /><testcase classname="backend.tests.test_multi_firm_inventory.TestStockTransfer" name="test_transfer_same_firm_rejected" time="0.292" /><testcase classname="backend.tests.test_multi_firm_inventory.TestStockTransfer" name="test_transfer_insufficient_stock_rejected" time="0.344" /><testcase classname="backend.tests.test_multi_firm_inventory.TestStockTransfer" name="test_list_transfers" time="0.118" /><testcase classname="backend.tests.test_multi_firm_inventory.TestStockView" name="test_get_inventory_stock" time="0.140" /><testcase classname="backend.tests.test_multi_firm_inventory.TestStockView" name="test_get_stock_by_firm" time="0.119" /></testsuite></testsuites>