<?xml version="1.0" encoding="utf-8"?><testsuites name="pytest tests"><testsuite name="pytest" errors="0" failures="0" skipped="0" tests="20" time="6.791" timestamp="2026-03-24T17:13:20.376683+00:00" hostname="agent-env-1712049c-d6d1-4e6a-9408-05866edeaf39"><testcase classname="backend.tests.test_party_sales_v31.TestAuthSetup" name="test_admin_login" time="0.376" /><testcase classname="backend.tests.test_party_sales_v31.TestAuthSetup" name="test_accountant_login" time="0.342" /><testcase classname="backend.tests.test_party_sales_v31.TestPartyMaster" name="test_list_parties_empty_or_existing" time="0.738" /><testcase classname="backend.tests.test_party_sales_v31.TestPartyMaster" name="test_create_party_customer_type" time="0.128" /><testcase classname="backend.tests.test_party_sales_v31.TestPartyMaster" name="test_create_party_supplier_with_gstin" time="0.113" /><testcase classname="backend.tests.test_party_sales_v31.TestPartyMaster" name="test_create_party_contractor_type" time="0.159" /><testcase classname="backend.tests.test_party_sales_v31.TestPartyMaster" name="test_duplicate_gstin_prevention" time="0.278" /><testcase classname="backend.tests.test_party_sales_v31.TestPartyMaster" name="test_view_party_details" time="0.223" /><testcase classname="backend.tests.test_party_sales_v31.TestPartyMaster" name="test_edit_party_details" time="0.219" /><testcase classname="backend.tests.test_party_sales_v31.TestPartyMaster" name="test_filter_parties_by_type" time="0.352" /><testcase classname="backend.tests.test_party_sales_v31.TestPartyMaster" name="test_accountant_can_list_parties" time="0.621" /><testcase classname="backend.tests.test_party_sales_v31.TestMigrateCustomers" name="test_migrate_customers_endpoint" time="0.796" /><testcase classname="backend.tests.test_party_sales_v31.TestSalesRegister" name="test_list_sales_invoices" time="0.481" /><testcase classname="backend.tests.test_party_sales_v31.TestSalesRegister" name="test_get_dispatches_without_invoice" time="0.117" /><testcase classname="backend.tests.test_party_sales_v31.TestSalesRegister" name="test_get_firms_for_invoice" time="0.103" /><testcase classname="backend.tests.test_party_sales_v31.TestSalesRegister" name="test_get_parties_for_invoice" time="0.393" /><testcase classname="backend.tests.test_party_sales_v31.TestSalesRegister" name="test_invoice_creation_validation" time="0.107" /><testcase classname="backend.tests.test_party_sales_v31.TestPartyLedger" name="test_party_ledger_with_opening_balance" time="0.586" /><testcase classname="backend.tests.test_party_sales_v31.TestPartyLedger" name="test_party_ledger_not_found" time="0.101" /><testcase classname="backend.tests.test_party_sales_v31.TestMasterSKUsForInvoice" name="test_get_master_skus" time="0.501" /></testsuite></testsuites>