<?xml version="1.0" encoding="utf-8"?><testsuites name="pytest tests"><testsuite name="pytest" errors="0" failures="0" skipped="0" tests="43" time="16.308" timestamp="2026-03-14T09:21:38.175035+00:00" hostname="agent-env-1712049c-d6d1-4e6a-9408-05866edeaf39"><testcase classname="backend.tests.test_pre_deployment_v11.TestAuthenticationAllRoles" name="test_login_call_support" time="0.355" /><testcase classname="backend.tests.test_pre_deployment_v11.TestAuthenticationAllRoles" name="test_login_supervisor" time="0.320" /><testcase classname="backend.tests.test_pre_deployment_v11.TestAuthenticationAllRoles" name="test_login_accountant" time="0.329" /><testcase classname="backend.tests.test_pre_deployment_v11.TestAuthenticationAllRoles" name="test_login_admin" time="0.323" /><testcase classname="backend.tests.test_pre_deployment_v11.TestAuthenticationAllRoles" name="test_login_gate" time="0.326" /><testcase classname="backend.tests.test_pre_deployment_v11.TestAuthenticationAllRoles" name="test_login_invalid_credentials" time="0.106" /><testcase classname="backend.tests.test_pre_deployment_v11.TestAuthenticationAllRoles" name="test_jwt_token_protection" time="0.098" /><testcase classname="backend.tests.test_pre_deployment_v11.TestRoleBasedAccess" name="test_admin_can_access_all_endpoints" time="0.771" /><testcase classname="backend.tests.test_pre_deployment_v11.TestRoleBasedAccess" name="test_call_support_cannot_access_admin_stats" time="0.381" /><testcase classname="backend.tests.test_pre_deployment_v11.TestRoleBasedAccess" name="test_accountant_can_access_dispatches" time="0.392" /><testcase classname="backend.tests.test_pre_deployment_v11.TestTicketOperations" name="test_list_tickets_as_admin" time="0.418" /><testcase classname="backend.tests.test_pre_deployment_v11.TestTicketOperations" name="test_list_tickets_as_call_support" time="0.387" /><testcase classname="backend.tests.test_pre_deployment_v11.TestTicketOperations" name="test_get_single_ticket" time="0.439" /><testcase classname="backend.tests.test_pre_deployment_v11.TestTicketOperations" name="test_ticket_has_required_fields" time="0.395" /><testcase classname="backend.tests.test_pre_deployment_v11.TestCallSupportOperations" name="test_support_sees_phone_tickets" time="0.405" /><testcase classname="backend.tests.test_pre_deployment_v11.TestCallSupportOperations" name="test_escalate_to_supervisor_requires_notes" time="0.437" /><testcase classname="backend.tests.test_pre_deployment_v11.TestCallSupportOperations" name="test_route_to_hardware_requires_notes" time="0.428" /><testcase classname="backend.tests.test_pre_deployment_v11.TestSupervisorOperations" name="test_supervisor_queue_endpoint" time="0.364" /><testcase classname="backend.tests.test_pre_deployment_v11.TestSupervisorOperations" name="test_supervisor_stats_endpoint" time="0.399" /><testcase classname="backend.tests.test_pre_deployment_v11.TestAccountantOperations" name="test_accountant_sees_dispatches" time="0.388" /><testcase classname="backend.tests.test_pre_deployment_v11.TestAccountantOperations" name="test_accountant_sees_hardware_tickets" time="0.382" /><testcase classname="backend.tests.test_pre_deployment_v11.TestAccountantOperations" name="test_accountant_decision_endpoint" time="0.437" /><testcase classname="backend.tests.test_pre_deployment_v11.TestTechnicianOperations" name="test_technician_queue_endpoint" time="0.388" /><testcase classname="backend.tests.test_pre_deployment_v11.TestTechnicianOperations" name="test_technician_my_repairs_endpoint" time="0.417" /><testcase classname="backend.tests.test_pre_deployment_v11.TestDispatcherOperations" name="test_dispatcher_queue_endpoint" time="0.392" /><testcase classname="backend.tests.test_pre_deployment_v11.TestDispatcherOperations" name="test_dispatcher_can_list_dispatches" time="0.372" /><testcase classname="backend.tests.test_pre_deployment_v11.TestGateOperations" name="test_gate_logs_endpoint" time="0.385" /><testcase classname="backend.tests.test_pre_deployment_v11.TestGateOperations" name="test_gate_scheduled_endpoint" time="0.403" /><testcase classname="backend.tests.test_pre_deployment_v11.TestWarrantyOperations" name="test_list_warranties_as_admin" time="0.387" /><testcase classname="backend.tests.test_pre_deployment_v11.TestWarrantyOperations" name="test_warranty_extensions_endpoint" time="0.370" /><testcase classname="backend.tests.test_pre_deployment_v11.TestWarrantyOperations" name="test_warranty_has_required_fields" time="0.377" /><testcase classname="backend.tests.test_pre_deployment_v11.TestAdminOperations" name="test_admin_stats_endpoint" time="0.384" /><testcase classname="backend.tests.test_pre_deployment_v11.TestAdminOperations" name="test_admin_customers_endpoint" time="0.436" /><testcase classname="backend.tests.test_pre_deployment_v11.TestAdminOperations" name="test_admin_users_endpoint" time="0.377" /><testcase classname="backend.tests.test_pre_deployment_v11.TestAdminOperations" name="test_admin_tickets_endpoint" time="0.381" /><testcase classname="backend.tests.test_pre_deployment_v11.TestAdminOperations" name="test_admin_agent_performance" time="0.394" /><testcase classname="backend.tests.test_pre_deployment_v11.TestAdminOperations" name="test_admin_detailed_performance" time="0.408" /><testcase classname="backend.tests.test_pre_deployment_v11.TestSKUManagement" name="test_list_skus" time="0.381" /><testcase classname="backend.tests.test_pre_deployment_v11.TestSKUManagement" name="test_sku_has_required_fields" time="0.368" /><testcase classname="backend.tests.test_pre_deployment_v11.TestHealthAndMisc" name="test_health_endpoint" time="0.110" /><testcase classname="backend.tests.test_pre_deployment_v11.TestHealthAndMisc" name="test_admin_stats_endpoint_works" time="0.384" /><testcase classname="backend.tests.test_pre_deployment_v11.TestErrorHandling" name="test_404_returns_detail" time="0.424" /><testcase classname="backend.tests.test_pre_deployment_v11.TestErrorHandling" name="test_validation_error_format" time="0.381" /></testsuite></testsuites>