<?xml version="1.0" encoding="utf-8"?><testsuites name="pytest tests"><testsuite name="pytest" errors="0" failures="0" skipped="0" tests="12" time="7.351" timestamp="2026-03-19T16:02:35.095067+00:00" hostname="agent-env-1712049c-d6d1-4e6a-9408-05866edeaf39"><testcase classname="backend.tests.test_walkin_feedback_v15.TestAuthentication" name="test_technician_login" time="0.522" /><testcase classname="backend.tests.test_walkin_feedback_v15.TestAuthentication" name="test_admin_login" time="0.345" /><testcase classname="backend.tests.test_walkin_feedback_v15.TestAdminPerformanceMetrics" name="test_performance_metrics_endpoint" time="0.597" /><testcase classname="backend.tests.test_walkin_feedback_v15.TestAdminPerformanceMetrics" name="test_staff_metrics_structure" time="0.589" /><testcase classname="backend.tests.test_walkin_feedback_v15.TestWalkinTicket" name="test_create_walkin_ticket" time="0.554" /><testcase classname="backend.tests.test_walkin_feedback_v15.TestWalkinTicket" name="test_walkin_ticket_has_is_walkin_flag" time="0.627" /><testcase classname="backend.tests.test_walkin_feedback_v15.TestTechnicianQueue" name="test_technician_queue_endpoint" time="0.520" /><testcase classname="backend.tests.test_walkin_feedback_v15.TestTechnicianQueue" name="test_all_notes_structure" time="0.486" /><testcase classname="backend.tests.test_walkin_feedback_v15.TestCompleteRepairSerialNumbers" name="test_complete_repair_requires_serial_numbers" time="0.738" /><testcase classname="backend.tests.test_walkin_feedback_v15.TestCompleteRepairSerialNumbers" name="test_complete_repair_with_serial_numbers" time="0.753" /><testcase classname="backend.tests.test_walkin_feedback_v15.TestWalkinTicketWorkflow" name="test_walkin_ticket_skips_accountant" time="0.907" /><testcase classname="backend.tests.test_walkin_feedback_v15.TestTechnicianMyRepairs" name="test_my_repairs_endpoint" time="0.508" /></testsuite></testsuites>