<?xml version="1.0" encoding="utf-8"?><testsuites name="pytest tests"><testsuite name="pytest" errors="0" failures="0" skipped="0" tests="29" time="9.517" timestamp="2026-03-13T07:12:10.626249+00:00" hostname="agent-env-1712049c-d6d1-4e6a-9408-05866edeaf39"><testcase classname="backend.tests.test_e2e_workflow_v6.TestAllRolesAuth" name="test_admin_login" time="0.352" /><testcase classname="backend.tests.test_e2e_workflow_v6.TestAllRolesAuth" name="test_customer_login" time="0.276" /><testcase classname="backend.tests.test_e2e_workflow_v6.TestAllRolesAuth" name="test_support_login" time="0.278" /><testcase classname="backend.tests.test_e2e_workflow_v6.TestAllRolesAuth" name="test_supervisor_login" time="0.275" /><testcase classname="backend.tests.test_e2e_workflow_v6.TestAllRolesAuth" name="test_accountant_login" time="0.271" /><testcase classname="backend.tests.test_e2e_workflow_v6.TestAllRolesAuth" name="test_technician_login" time="0.270" /><testcase classname="backend.tests.test_e2e_workflow_v6.TestAllRolesAuth" name="test_dispatcher_login" time="0.273" /><testcase classname="backend.tests.test_e2e_workflow_v6.TestDuplicateTicketPrevention" name="test_check_duplicate_endpoint_exists" time="0.320" /><testcase classname="backend.tests.test_e2e_workflow_v6.TestDuplicateTicketPrevention" name="test_check_duplicate_with_serial_number" time="0.320" /><testcase classname="backend.tests.test_e2e_workflow_v6.TestDuplicateTicketPrevention" name="test_check_duplicate_with_order_id" time="0.324" /><testcase classname="backend.tests.test_e2e_workflow_v6.TestAdminAnalytics" name="test_admin_stats_endpoint" time="0.334" /><testcase classname="backend.tests.test_e2e_workflow_v6.TestAdminAnalytics" name="test_admin_agent_performance" time="0.341" /><testcase classname="backend.tests.test_e2e_workflow_v6.TestAdminSSO" name="test_admin_can_access_tickets" time="0.349" /><testcase classname="backend.tests.test_e2e_workflow_v6.TestAdminSSO" name="test_admin_can_access_supervisor_queue" time="0.327" /><testcase classname="backend.tests.test_e2e_workflow_v6.TestAdminSSO" name="test_admin_can_access_dispatcher_queue" time="0.318" /><testcase classname="backend.tests.test_e2e_workflow_v6.TestAdminSSO" name="test_admin_can_access_accountant_queue" time="0.329" /><testcase classname="backend.tests.test_e2e_workflow_v6.TestAdminSSO" name="test_admin_can_access_dispatches" time="0.326" /><testcase classname="backend.tests.test_e2e_workflow_v6.TestAccountantHardwareTab" name="test_accountant_can_see_hardware_tickets" time="0.326" /><testcase classname="backend.tests.test_e2e_workflow_v6.TestAccountantHardwareTab" name="test_hardware_tickets_have_notes_fields" time="0.341" /><testcase classname="backend.tests.test_e2e_workflow_v6.TestAccountantHardwareTab" name="test_accountant_can_see_supervisor_decision" time="0.331" /><testcase classname="backend.tests.test_e2e_workflow_v6.TestE2EWorkflow" name="test_step1_customer_can_list_tickets" time="0.323" /><testcase classname="backend.tests.test_e2e_workflow_v6.TestE2EWorkflow" name="test_step2_support_sees_phone_tickets" time="0.331" /><testcase classname="backend.tests.test_e2e_workflow_v6.TestE2EWorkflow" name="test_step3_support_escalate_requires_notes" time="0.464" /><testcase classname="backend.tests.test_e2e_workflow_v6.TestE2EWorkflow" name="test_step4_supervisor_sees_escalated_queue" time="0.325" /><testcase classname="backend.tests.test_e2e_workflow_v6.TestE2EWorkflow" name="test_step5_supervisor_action_requires_notes" time="0.430" /><testcase classname="backend.tests.test_e2e_workflow_v6.TestE2EWorkflow" name="test_step6_accountant_sees_hardware_tickets" time="0.329" /><testcase classname="backend.tests.test_e2e_workflow_v6.TestE2EWorkflow" name="test_step7_technician_sees_in_repair_tickets" time="0.320" /><testcase classname="backend.tests.test_e2e_workflow_v6.TestE2EWorkflow" name="test_step8_dispatcher_queue" time="0.323" /><testcase classname="backend.tests.test_e2e_workflow_v6.TestGateScan" name="test_gate_logs_endpoint" time="0.320" /></testsuite></testsuites>