<?xml version="1.0" encoding="utf-8"?><testsuites name="pytest tests"><testsuite name="pytest" errors="0" failures="0" skipped="0" tests="13" time="12.039" timestamp="2026-04-19T21:38:25.122730+00:00" hostname="agent-env-1712049c-d6d1-4e6a-9408-05866edeaf39"><testcase classname="backend.tests.test_batch1_audit_fixes.TestAuthAndHealth" name="test_admin_login_success" time="0.432" /><testcase classname="backend.tests.test_batch1_audit_fixes.TestAuthAndHealth" name="test_support_user_login_success" time="0.345" /><testcase classname="backend.tests.test_batch1_audit_fixes.TestAuthAndHealth" name="test_tickets_list_endpoint" time="0.475" /><testcase classname="backend.tests.test_batch1_audit_fixes.TestAuthAndHealth" name="test_credit_notes_list_endpoint" time="0.123" /><testcase classname="backend.tests.test_batch1_audit_fixes.TestTicketStateMachine" name="test_get_test_ticket_status" time="0.509" /><testcase classname="backend.tests.test_batch1_audit_fixes.TestTicketStateMachine" name="test_support_user_invalid_transition_blocked" time="0.562" /><testcase classname="backend.tests.test_batch1_audit_fixes.TestTicketStateMachine" name="test_support_user_valid_transition_allowed" time="2.900" /><testcase classname="backend.tests.test_batch1_audit_fixes.TestTicketStateMachine" name="test_admin_can_force_any_transition" time="3.012" /><testcase classname="backend.tests.test_batch1_audit_fixes.TestBankTransactionIdempotency" name="test_get_bank_statement" time="0.518" /><testcase classname="backend.tests.test_batch1_audit_fixes.TestBankTransactionIdempotency" name="test_match_transaction_idempotency" time="0.459" /><testcase classname="backend.tests.test_batch1_audit_fixes.TestCreditNoteIdempotency" name="test_credit_note_duplicate_invoice_blocked" time="1.250" /><testcase classname="backend.tests.test_batch1_audit_fixes.TestWarrantySerialUniqueness" name="test_warranty_duplicate_serial_blocked" time="0.676" /><testcase classname="backend.tests.test_batch1_audit_fixes.TestQuotationConvertAtomicity" name="test_quotation_double_convert_blocked" time="0.699" /></testsuite></testsuites>