<?xml version="1.0" encoding="utf-8"?><testsuites name="pytest tests"><testsuite name="pytest" errors="0" failures="0" skipped="0" tests="17" time="13.382" timestamp="2026-04-19T21:47:05.216705+00:00" hostname="agent-env-1712049c-d6d1-4e6a-9408-05866edeaf39"><testcase classname="backend.tests.test_batch2_3_audit_fixes.TestAuthAndHealth" name="test_admin_login_success" time="0.440" /><testcase classname="backend.tests.test_batch2_3_audit_fixes.TestAuthAndHealth" name="test_support_user_login_success" time="0.380" /><testcase classname="backend.tests.test_batch2_3_audit_fixes.TestAuthAndHealth" name="test_customer_login_success" time="0.367" /><testcase classname="backend.tests.test_batch2_3_audit_fixes.TestAuthAndHealth" name="test_tickets_list_endpoint" time="0.510" /><testcase classname="backend.tests.test_batch2_3_audit_fixes.TestAuthAndHealth" name="test_warranties_list_endpoint" time="0.625" /><testcase classname="backend.tests.test_batch2_3_audit_fixes.TestCentralizedStateMachine" name="test_support_user_invalid_transition_blocked" time="1.024" /><testcase classname="backend.tests.test_batch2_3_audit_fixes.TestCentralizedStateMachine" name="test_support_user_valid_transition_allowed" time="3.103" /><testcase classname="backend.tests.test_batch2_3_audit_fixes.TestCentralizedStateMachine" name="test_admin_can_force_any_transition" time="3.389" /><testcase classname="backend.tests.test_batch2_3_audit_fixes.TestWarrantyIDORProtection" name="test_customer_can_access_own_warranty" time="1.062" /><testcase classname="backend.tests.test_batch2_3_audit_fixes.TestWarrantyIDORProtection" name="test_customer_cannot_access_other_warranty" time="0.259" /><testcase classname="backend.tests.test_batch2_3_audit_fixes.TestWarrantyIDORProtection" name="test_admin_can_access_any_warranty" time="0.333" /><testcase classname="backend.tests.test_batch2_3_audit_fixes.TestSmartfloWebhookDedup" name="test_first_webhook_call_succeeds" time="0.124" /><testcase classname="backend.tests.test_batch2_3_audit_fixes.TestSmartfloWebhookDedup" name="test_duplicate_webhook_call_returns_duplicate" time="0.231" /><testcase classname="backend.tests.test_batch2_3_audit_fixes.TestSmartfloWebhookDedup" name="test_different_uuid_not_duplicate" time="0.252" /><testcase classname="backend.tests.test_batch2_3_audit_fixes.TestGSTPrecision" name="test_sales_invoice_gst_precision" time="0.478" /><testcase classname="backend.tests.test_batch2_3_audit_fixes.TestGSTPrecision" name="test_credit_note_gst_precision" time="0.140" /><testcase classname="backend.tests.test_batch2_3_audit_fixes.TestGSTPrecision" name="test_create_credit_note_gst_precision" time="0.572" /></testsuite></testsuites>