<?xml version="1.0" encoding="utf-8"?><testsuites name="pytest tests"><testsuite name="pytest" errors="0" failures="2" skipped="4" tests="13" time="12.280" timestamp="2026-03-21T14:51:35.345093+00:00" hostname="agent-env-1712049c-d6d1-4e6a-9408-05866edeaf39"><testcase classname="backend.tests.test_dispatch_stock_deduction.TestDispatchStockDeduction" name="test_01_verify_test_sku_exists" time="0.982" /><testcase classname="backend.tests.test_dispatch_stock_deduction.TestDispatchStockDeduction" name="test_02_verify_low_stock_sku_exists" time="0.947" /><testcase classname="backend.tests.test_dispatch_stock_deduction.TestDispatchStockDeduction" name="test_03_get_firms_for_dispatch" time="0.919" /><testcase classname="backend.tests.test_dispatch_stock_deduction.TestDispatchStockDeduction" name="test_04_dispatch_creation_does_not_deduct_stock" time="0.991"><failure message="AssertionError: Failed to create dispatch: {&quot;detail&quot;:[{&quot;type&quot;:&quot;missing&quot;,&quot;loc&quot;:[&quot;body&quot;,&quot;dispatch_type&quot;],&quot;msg&quot;:&quot;Field required&quot;,&quot;input&quot;:null,&quot;url&quot;:&quot;https://errors.pydantic.dev/2.12/v/missing&quot;},{&quot;type&quot;:&quot;missing&quot;,&quot;loc&quot;:[&quot;body&quot;,&quot;sku&quot;],&quot;msg&quot;:&quot;Field required&quot;,&quot;input&quot;:null,&quot;url&quot;:&quot;https://errors.pydantic.dev/2.12/v/missing&quot;},{&quot;type&quot;:&quot;missing&quot;,&quot;loc&quot;:[&quot;body&quot;,&quot;customer_name&quot;],&quot;msg&quot;:&quot;Field required&quot;,&quot;input&quot;:null,&quot;url&quot;:&quot;https://errors.pydantic.dev/2.12/v/missing&quot;},{&quot;type&quot;:&quot;missing&quot;,&quot;loc&quot;:[&quot;body&quot;,&quot;phone&quot;],&quot;msg&quot;:&quot;Field required&quot;,&quot;input&quot;:null,&quot;url&quot;:&quot;https://errors.pydantic.dev/2.12/v/missing&quot;},{&quot;type&quot;:&quot;missing&quot;,&quot;loc&quot;:[&quot;body&quot;,&quot;address&quot;],&quot;msg&quot;:&quot;Field required&quot;,&quot;input&quot;:null,&quot;url&quot;:&quot;https://errors.pydantic.dev/2.12/v/missing&quot;},{&quot;type&quot;:&quot;missing&quot;,&quot;loc&quot;:[&quot;body&quot;,&quot;reason&quot;],&quot;msg&quot;:&quot;Field required&quot;,&quot;input&quot;:null,&quot;url&quot;:&quot;https://errors.pydantic.dev/2.12/v/missing&quot;},{&quot;type&quot;:&quot;missing&quot;,&quot;loc&quot;:[&quot;body&quot;,&quot;order_id&quot;],&quot;msg&quot;:&quot;Field required&quot;,&quot;input&quot;:null,&quot;url&quot;:&quot;https://errors.pydantic.dev/2.12/v/missing&quot;},{&quot;type&quot;:&quot;missing&quot;,&quot;loc&quot;:[&quot;body&quot;,&quot;payment_reference&quot;],&quot;msg&quot;:&quot;Field required&quot;,&quot;input&quot;:null,&quot;url&quot;:&quot;https://errors.pydantic.dev/2.12/v/missing&quot;},{&quot;type&quot;:&quot;missing&quot;,&quot;loc&quot;:[&quot;body&quot;,&quot;invoice_file&quot;],&quot;msg&quot;:&quot;Field required&quot;,&quot;input&quot;:null,&quot;url&quot;:&quot;https://errors.pydantic.dev/2.12/v/missing&quot;}]}&#10;assert 422 in [200, 201]&#10; +  where 422 = &lt;Response [422]&gt;.status_code">backend/tests/test_dispatch_stock_deduction.py:153: in test_04_dispatch_creation_does_not_deduct_stock
    assert response.status_code in [200, 201], f"Failed to create dispatch: {response.text}"
E   AssertionError: Failed to create dispatch: {"detail":[{"type":"missing","loc":["body","dispatch_type"],"msg":"Field required","input":null,"url":"https://errors.pydantic.dev/2.12/v/missing"},{"type":"missing","loc":["body","sku"],"msg":"Field required","input":null,"url":"https://errors.pydantic.dev/2.12/v/missing"},{"type":"missing","loc":["body","customer_name"],"msg":"Field required","input":null,"url":"https://errors.pydantic.dev/2.12/v/missing"},{"type":"missing","loc":["body","phone"],"msg":"Field required","input":null,"url":"https://errors.pydantic.dev/2.12/v/missing"},{"type":"missing","loc":["body","address"],"msg":"Field required","input":null,"url":"https://errors.pydantic.dev/2.12/v/missing"},{"type":"missing","loc":["body","reason"],"msg":"Field required","input":null,"url":"https://errors.pydantic.dev/2.12/v/missing"},{"type":"missing","loc":["body","order_id"],"msg":"Field required","input":null,"url":"https://errors.pydantic.dev/2.12/v/missing"},{"type":"missing","loc":["body","payment_reference"],"msg":"Field required","input":null,"url":"https://errors.pydantic.dev/2.12/v/missing"},{"type":"missing","loc":["body","invoice_file"],"msg":"Field required","input":null,"url":"https://errors.pydantic.dev/2.12/v/missing"}]}
E   assert 422 in [200, 201]
E    +  where 422 = &lt;Response [422]&gt;.status_code</failure></testcase><testcase classname="backend.tests.test_dispatch_stock_deduction.TestDispatchStockDeduction" name="test_05_ready_for_dispatch_does_not_deduct_stock" time="0.912"><skipped type="pytest.skip" message="No test dispatch created in previous test">/app/backend/tests/test_dispatch_stock_deduction.py:185: No test dispatch created in previous test</skipped></testcase><testcase classname="backend.tests.test_dispatch_stock_deduction.TestDispatchStockDeduction" name="test_06_dispatched_status_deducts_stock" time="0.881"><skipped type="pytest.skip" message="No test dispatch created in previous test">/app/backend/tests/test_dispatch_stock_deduction.py:229: No test dispatch created in previous test</skipped></testcase><testcase classname="backend.tests.test_dispatch_stock_deduction.TestDispatchStockDeduction" name="test_07_dispatch_out_ledger_entry_created" time="0.911"><skipped type="pytest.skip" message="No test dispatch created in previous test">/app/backend/tests/test_dispatch_stock_deduction.py:274: No test dispatch created in previous test</skipped></testcase><testcase classname="backend.tests.test_dispatch_stock_deduction.TestDispatchStockDeduction" name="test_08_audit_log_created_for_stock_deduction" time="0.866"><skipped type="pytest.skip" message="No test dispatch created in previous test">/app/backend/tests/test_dispatch_stock_deduction.py:327: No test dispatch created in previous test</skipped></testcase><testcase classname="backend.tests.test_dispatch_stock_deduction.TestDispatchStockDeduction" name="test_09_insufficient_stock_blocks_dispatch" time="0.964"><failure message="Failed: Unexpected response: 422 - {&quot;detail&quot;:[{&quot;type&quot;:&quot;missing&quot;,&quot;loc&quot;:[&quot;body&quot;,&quot;dispatch_type&quot;],&quot;msg&quot;:&quot;Field required&quot;,&quot;input&quot;:null,&quot;url&quot;:&quot;https://errors.pydantic.dev/2.12/v/missing&quot;},{&quot;type&quot;:&quot;missing&quot;,&quot;loc&quot;:[&quot;body&quot;,&quot;sku&quot;],&quot;msg&quot;:&quot;Field required&quot;,&quot;input&quot;:null,&quot;url&quot;:&quot;https://errors.pydantic.dev/2.12/v/missing&quot;},{&quot;type&quot;:&quot;missing&quot;,&quot;loc&quot;:[&quot;body&quot;,&quot;customer_name&quot;],&quot;msg&quot;:&quot;Field required&quot;,&quot;input&quot;:null,&quot;url&quot;:&quot;https://errors.pydantic.dev/2.12/v/missing&quot;},{&quot;type&quot;:&quot;missing&quot;,&quot;loc&quot;:[&quot;body&quot;,&quot;phone&quot;],&quot;msg&quot;:&quot;Field required&quot;,&quot;input&quot;:null,&quot;url&quot;:&quot;https://errors.pydantic.dev/2.12/v/missing&quot;},{&quot;type&quot;:&quot;missing&quot;,&quot;loc&quot;:[&quot;body&quot;,&quot;address&quot;],&quot;msg&quot;:&quot;Field required&quot;,&quot;input&quot;:null,&quot;url&quot;:&quot;https://errors.pydantic.dev/2.12/v/missing&quot;},{&quot;type&quot;:&quot;missing&quot;,&quot;loc&quot;:[&quot;body&quot;,&quot;reason&quot;],&quot;msg&quot;:&quot;Field required&quot;,&quot;input&quot;:null,&quot;url&quot;:&quot;https://errors.pydantic.dev/2.12/v/missing&quot;},{&quot;type&quot;:&quot;missing&quot;,&quot;loc&quot;:[&quot;body&quot;,&quot;order_id&quot;],&quot;msg&quot;:&quot;Field required&quot;,&quot;input&quot;:null,&quot;url&quot;:&quot;https://errors.pydantic.dev/2.12/v/missing&quot;},{&quot;type&quot;:&quot;missing&quot;,&quot;loc&quot;:[&quot;body&quot;,&quot;payment_reference&quot;],&quot;msg&quot;:&quot;Field required&quot;,&quot;input&quot;:null,&quot;url&quot;:&quot;https://errors.pydantic.dev/2.12/v/missing&quot;},{&quot;type&quot;:&quot;missing&quot;,&quot;loc&quot;:[&quot;body&quot;,&quot;invoice_file&quot;],&quot;msg&quot;:&quot;Field required&quot;,&quot;input&quot;:null,&quot;url&quot;:&quot;https://errors.pydantic.dev/2.12/v/missing&quot;}]}">backend/tests/test_dispatch_stock_deduction.py:461: in test_09_insufficient_stock_blocks_dispatch
    pytest.fail(f"Unexpected response: {response.status_code} - {response.text}")
E   Failed: Unexpected response: 422 - {"detail":[{"type":"missing","loc":["body","dispatch_type"],"msg":"Field required","input":null,"url":"https://errors.pydantic.dev/2.12/v/missing"},{"type":"missing","loc":["body","sku"],"msg":"Field required","input":null,"url":"https://errors.pydantic.dev/2.12/v/missing"},{"type":"missing","loc":["body","customer_name"],"msg":"Field required","input":null,"url":"https://errors.pydantic.dev/2.12/v/missing"},{"type":"missing","loc":["body","phone"],"msg":"Field required","input":null,"url":"https://errors.pydantic.dev/2.12/v/missing"},{"type":"missing","loc":["body","address"],"msg":"Field required","input":null,"url":"https://errors.pydantic.dev/2.12/v/missing"},{"type":"missing","loc":["body","reason"],"msg":"Field required","input":null,"url":"https://errors.pydantic.dev/2.12/v/missing"},{"type":"missing","loc":["body","order_id"],"msg":"Field required","input":null,"url":"https://errors.pydantic.dev/2.12/v/missing"},{"type":"missing","loc":["body","payment_reference"],"msg":"Field required","input":null,"url":"https://errors.pydantic.dev/2.12/v/missing"},{"type":"missing","loc":["body","invoice_file"],"msg":"Field required","input":null,"url":"https://errors.pydantic.dev/2.12/v/missing"}]}</failure></testcase><testcase classname="backend.tests.test_dispatch_stock_deduction.TestDispatchStockDeduction" name="test_10_verify_existing_dispatched_dispatch" time="0.975" /><testcase classname="backend.tests.test_dispatch_stock_deduction.TestDispatchStockDeduction" name="test_11_dispatch_out_shows_in_ledger_api" time="0.939" /><testcase classname="backend.tests.test_dispatch_stock_deduction.TestDispatchStockDeductionEdgeCases" name="test_dispatch_without_firm_id_no_stock_deduction" time="0.949" /><testcase classname="backend.tests.test_dispatch_stock_deduction.TestDispatchStockDeductionEdgeCases" name="test_get_current_stock_includes_dispatch_out" time="0.938" /></testsuite></testsuites>