<?xml version="1.0" encoding="utf-8"?><testsuites name="pytest tests"><testsuite name="pytest" errors="0" failures="0" skipped="0" tests="19" time="3.889" timestamp="2026-03-21T13:11:53.045934+00:00" hostname="agent-env-1712049c-d6d1-4e6a-9408-05866edeaf39"><testcase classname="backend.tests.test_phase2_inventory.TestPhase2Authentication" name="test_admin_login" time="0.460" /><testcase classname="backend.tests.test_phase2_inventory.TestPhase2Authentication" name="test_accountant_login" time="0.378" /><testcase classname="backend.tests.test_phase2_inventory.TestMandatoryReasonForAdjustments" name="test_adjustment_in_without_reason_fails" time="1.041" /><testcase classname="backend.tests.test_phase2_inventory.TestMandatoryReasonForAdjustments" name="test_adjustment_out_without_reason_fails" time="0.115" /><testcase classname="backend.tests.test_phase2_inventory.TestMandatoryReasonForAdjustments" name="test_adjustment_in_with_whitespace_reason_fails" time="0.303" /><testcase classname="backend.tests.test_phase2_inventory.TestMandatoryReasonForAdjustments" name="test_adjustment_in_with_valid_reason_succeeds" time="0.140" /><testcase classname="backend.tests.test_phase2_inventory.TestMandatoryReasonForAdjustments" name="test_purchase_without_reason_succeeds" time="0.112" /><testcase classname="backend.tests.test_phase2_inventory.TestSKUFilteringByFirm" name="test_get_skus_without_filter" time="0.109" /><testcase classname="backend.tests.test_phase2_inventory.TestSKUFilteringByFirm" name="test_get_skus_filtered_by_firm" time="0.115" /><testcase classname="backend.tests.test_phase2_inventory.TestSKUFilteringByFirm" name="test_get_skus_in_stock_only" time="0.096" /><testcase classname="backend.tests.test_phase2_inventory.TestSKUFilteringByFirm" name="test_get_skus_in_stock_only_without_firm" time="0.104" /><testcase classname="backend.tests.test_phase2_inventory.TestDispatchWithFirmValidation" name="test_dispatch_without_firm_id" time="0.001" /><testcase classname="backend.tests.test_phase2_inventory.TestDispatchWithFirmValidation" name="test_dispatch_with_invalid_firm_id" time="0.107" /><testcase classname="backend.tests.test_phase2_inventory.TestDispatchWithFirmValidation" name="test_dispatch_with_sku_not_in_firm" time="0.096" /><testcase classname="backend.tests.test_phase2_inventory.TestFirmEndpoints" name="test_get_active_firms" time="0.116" /><testcase classname="backend.tests.test_phase2_inventory.TestLedgerEndpoints" name="test_get_ledger_entries" time="0.108" /><testcase classname="backend.tests.test_phase2_inventory.TestLedgerEndpoints" name="test_get_ledger_entries_by_firm" time="0.099" /><testcase classname="backend.tests.test_phase2_inventory.TestStockEndpoints" name="test_get_stock_levels" time="0.103" /><testcase classname="backend.tests.test_phase2_inventory.TestStockEndpoints" name="test_get_stock_by_firm" time="0.115" /></testsuite></testsuites>