<?xml version="1.0" encoding="utf-8"?><testsuites name="pytest tests"><testsuite name="pytest" errors="0" failures="0" skipped="0" tests="9" time="4.387" timestamp="2026-04-14T14:20:17.390336+00:00" hostname="agent-env-1712049c-d6d1-4e6a-9408-05866edeaf39"><testcase classname="backend.tests.test_dealer_flow.TestDealerFlow" name="test_01_get_dealers_list" time="0.431" /><testcase classname="backend.tests.test_dealer_flow.TestDealerFlow" name="test_02_admin_edit_dealer_phone" time="0.567" /><testcase classname="backend.tests.test_dealer_flow.TestDealerFlow" name="test_03_admin_edit_dealer_email" time="0.544" /><testcase classname="backend.tests.test_dealer_flow.TestDealerFlow" name="test_04_get_dealer_products" time="0.415" /><testcase classname="backend.tests.test_dealer_flow.TestDealerFlow" name="test_05_get_master_skus" time="0.419" /><testcase classname="backend.tests.test_dealer_flow.TestDealerFlow" name="test_06_admin_link_dealer_product_to_master_sku" time="0.616" /><testcase classname="backend.tests.test_dealer_flow.TestDealerFlow" name="test_07_dealer_products_catalogue_shows_master_sku" time="0.375" /><testcase classname="backend.tests.test_dealer_flow.TestDealerSpecificData" name="test_find_aanjaney_dealer" time="0.401" /><testcase classname="backend.tests.test_dealer_flow.TestDealerSpecificData" name="test_find_mg_inverter_product" time="0.561" /></testsuite></testsuites>