<?xml version="1.0" encoding="utf-8"?><testsuites name="pytest tests"><testsuite name="pytest" errors="0" failures="0" skipped="1" tests="11" time="4.408" timestamp="2026-04-17T09:29:17.678991+00:00" hostname="agent-env-1712049c-d6d1-4e6a-9408-05866edeaf39"><testcase classname="backend.tests.test_iteration_85_bug_fixes.TestBug1ManufacturedItemsStock" name="test_prepare_dispatch_returns_is_manufactured_true" time="0.530" /><testcase classname="backend.tests.test_iteration_85_bug_fixes.TestBug1ManufacturedItemsStock" name="test_prepare_dispatch_returns_available_serials" time="0.124" /><testcase classname="backend.tests.test_iteration_85_bug_fixes.TestBug1ManufacturedItemsStock" name="test_prepare_dispatch_stock_check_for_manufactured" time="0.112" /><testcase classname="backend.tests.test_iteration_85_bug_fixes.TestBug2DuplicateOrderPrevention" name="test_pending_fulfillment_unique_index_exists" time="0.919" /><testcase classname="backend.tests.test_iteration_85_bug_fixes.TestBug2DuplicateOrderPrevention" name="test_duplicate_tracking_id_prevented" time="0.552" /><testcase classname="backend.tests.test_iteration_85_bug_fixes.TestBug3TrackingIdExcludeOnDispatch" name="test_check_tracking_id_duplicate_with_exclude" time="0.522" /><testcase classname="backend.tests.test_iteration_85_bug_fixes.TestBug3TrackingIdExcludeOnDispatch" name="test_validate_no_duplicates_api" time="0.091"><skipped type="pytest.skip" message="No direct validation endpoint">/app/backend/tests/test_iteration_85_bug_fixes.py:371: No direct validation endpoint</skipped></testcase><testcase classname="backend.tests.test_iteration_85_bug_fixes.TestMasterSKUProductType" name="test_master_sku_has_product_type_field" time="0.442" /><testcase classname="backend.tests.test_iteration_85_bug_fixes.TestMasterSKUProductType" name="test_get_test_manufactured_sku" time="0.116" /><testcase classname="backend.tests.test_iteration_85_bug_fixes.TestFinishedGoodSerials" name="test_get_serials_for_test_sku" time="0.430" /><testcase classname="backend.tests.test_iteration_85_bug_fixes.TestPendingFulfillmentEntry" name="test_get_test_pending_fulfillment" time="0.503" /></testsuite></testsuites>