<?xml version="1.0" encoding="utf-8"?><testsuites name="pytest tests"><testsuite name="pytest" errors="0" failures="0" skipped="0" tests="24" time="4.005" timestamp="2026-03-25T09:46:23.530882+00:00" hostname="agent-env-1712049c-d6d1-4e6a-9408-05866edeaf39"><testcase classname="backend.tests.test_quotation_incentive_v35.TestQuotationIncentiveModule" name="test_01_admin_login" time="0.353" /><testcase classname="backend.tests.test_quotation_incentive_v35.TestQuotationIncentiveModule" name="test_02_accountant_login" time="0.312" /><testcase classname="backend.tests.test_quotation_incentive_v35.TestQuotationIncentiveModule" name="test_03_get_firms" time="0.115" /><testcase classname="backend.tests.test_quotation_incentive_v35.TestQuotationIncentiveModule" name="test_04_get_master_skus" time="0.098" /><testcase classname="backend.tests.test_quotation_incentive_v35.TestQuotationIncentiveModule" name="test_05_create_quotation_draft" time="0.161" /><testcase classname="backend.tests.test_quotation_incentive_v35.TestQuotationIncentiveModule" name="test_06_list_quotations" time="0.148" /><testcase classname="backend.tests.test_quotation_incentive_v35.TestQuotationIncentiveModule" name="test_07_get_quotation_reports" time="0.096" /><testcase classname="backend.tests.test_quotation_incentive_v35.TestQuotationIncentiveModule" name="test_08_get_quotation_details" time="0.103" /><testcase classname="backend.tests.test_quotation_incentive_v35.TestQuotationIncentiveModule" name="test_09_send_quotation" time="0.119" /><testcase classname="backend.tests.test_quotation_incentive_v35.TestQuotationIncentiveModule" name="test_10_public_view_quotation" time="0.099" /><testcase classname="backend.tests.test_quotation_incentive_v35.TestQuotationIncentiveModule" name="test_11_public_pdf_download" time="0.728" /><testcase classname="backend.tests.test_quotation_incentive_v35.TestQuotationIncentiveModule" name="test_12_approve_quotation" time="0.100" /><testcase classname="backend.tests.test_quotation_incentive_v35.TestQuotationIncentiveModule" name="test_13_pending_action_queue" time="0.103" /><testcase classname="backend.tests.test_quotation_incentive_v35.TestQuotationIncentiveModule" name="test_14_create_incentive_config" time="0.105" /><testcase classname="backend.tests.test_quotation_incentive_v35.TestQuotationIncentiveModule" name="test_15_list_incentive_configs" time="0.158" /><testcase classname="backend.tests.test_quotation_incentive_v35.TestQuotationIncentiveModule" name="test_16_convert_quotation_to_dispatch" time="0.106" /><testcase classname="backend.tests.test_quotation_incentive_v35.TestQuotationIncentiveModule" name="test_17_admin_incentives_list" time="0.097" /><testcase classname="backend.tests.test_quotation_incentive_v35.TestQuotationIncentiveModule" name="test_18_admin_incentives_summary" time="0.100" /><testcase classname="backend.tests.test_quotation_incentive_v35.TestQuotationIncentiveModule" name="test_19_bulk_approve_incentives" time="0.105" /><testcase classname="backend.tests.test_quotation_incentive_v35.TestQuotationIncentiveModule" name="test_20_bulk_mark_paid" time="0.096" /><testcase classname="backend.tests.test_quotation_incentive_v35.TestQuotationIncentiveModule" name="test_21_my_incentives" time="0.100" /><testcase classname="backend.tests.test_quotation_incentive_v35.TestQuotationIncentiveModule" name="test_22_my_incentives_stats" time="0.108" /><testcase classname="backend.tests.test_quotation_incentive_v35.TestQuotationIncentiveModule" name="test_23_create_and_reject_quotation" time="0.297" /><testcase classname="backend.tests.test_quotation_incentive_v35.TestQuotationIncentiveModule" name="test_24_existing_approved_pi" time="0.101" /></testsuite></testsuites>