<?xml version="1.0" encoding="utf-8"?><testsuites name="pytest tests"><testsuite name="pytest" errors="0" failures="0" skipped="0" tests="14" time="6.555" timestamp="2026-04-11T10:26:43.760203+00:00" hostname="agent-env-1712049c-d6d1-4e6a-9408-05866edeaf39"><testcase classname="backend.tests.test_iteration_62_calls_features.TestAuthentication" name="test_admin_login" time="0.458" /><testcase classname="backend.tests.test_iteration_62_calls_features.TestAuthentication" name="test_agent_login" time="0.380" /><testcase classname="backend.tests.test_iteration_62_calls_features.TestMyCallsEndpoint" name="test_my_calls_returns_data" time="0.505" /><testcase classname="backend.tests.test_iteration_62_calls_features.TestMyCallsEndpoint" name="test_my_calls_includes_answered_calls" time="0.486" /><testcase classname="backend.tests.test_iteration_62_calls_features.TestDashboardEndpoint" name="test_dashboard_returns_data" time="0.446" /><testcase classname="backend.tests.test_iteration_62_calls_features.TestDashboardEndpoint" name="test_dashboard_agent_stats_have_names" time="0.484" /><testcase classname="backend.tests.test_iteration_62_calls_features.TestDashboardEndpoint" name="test_recent_calls_have_agent_names" time="0.451" /><testcase classname="backend.tests.test_iteration_62_calls_features.TestCustomerLinkingAPIs" name="test_customer_call_history_endpoint" time="0.421" /><testcase classname="backend.tests.test_iteration_62_calls_features.TestCustomerLinkingAPIs" name="test_link_customer_requires_params" time="0.548" /><testcase classname="backend.tests.test_iteration_62_calls_features.TestBatchAnalyzeAPI" name="test_batch_analyze_endpoint_exists" time="0.503" /><testcase classname="backend.tests.test_iteration_62_calls_features.TestBatchAnalyzeAPI" name="test_batch_analyze_requires_admin" time="0.544" /><testcase classname="backend.tests.test_iteration_62_calls_features.TestAgentPerformanceEndpoint" name="test_agent_performance_endpoint" time="0.472" /><testcase classname="backend.tests.test_iteration_62_calls_features.TestAIAnalysisVisibility" name="test_call_support_can_view_ai_analysis" time="0.329" /><testcase classname="backend.tests.test_iteration_62_calls_features.TestCallsWithAIAnalysis" name="test_calls_include_ai_analysis_field" time="0.453" /></testsuite></testsuites>