<?xml version="1.0" encoding="utf-8"?><testsuites name="pytest tests"><testsuite name="pytest" errors="0" failures="0" skipped="0" tests="8" time="1.069" timestamp="2026-04-13T11:53:12.674130+00:00" hostname="agent-env-1712049c-d6d1-4e6a-9408-05866edeaf39"><testcase classname="backend.tests.test_iteration_75_master_sku_lbh.TestMasterSKULBHWeight" name="test_create_master_sku_with_lbh_weight" time="0.589" /><testcase classname="backend.tests.test_iteration_75_master_sku_lbh.TestMasterSKULBHWeight" name="test_get_master_sku_returns_lbh_weight" time="0.049" /><testcase classname="backend.tests.test_iteration_75_master_sku_lbh.TestMasterSKULBHWeight" name="test_update_master_sku_lbh_weight" time="0.051" /><testcase classname="backend.tests.test_iteration_75_master_sku_lbh.TestMasterSKULBHWeight" name="test_create_master_sku_without_lbh_weight" time="0.048" /><testcase classname="backend.tests.test_iteration_75_master_sku_lbh.TestMasterSKULBHWeight" name="test_list_master_skus_includes_lbh_weight" time="0.052" /><testcase classname="backend.tests.test_iteration_75_master_sku_lbh.TestMasterSKUResponseModel" name="test_master_sku_response_has_dimension_fields" time="0.056" /><testcase classname="backend.tests.test_iteration_75_master_sku_lbh.TestPendingFulfillmentFirmAssignment" name="test_pending_fulfillment_list_has_firm_info" time="0.104" /><testcase classname="backend.tests.test_iteration_75_master_sku_lbh.TestExistingMasterSKUDimensions" name="test_check_24v_normal_sku_dimensions" time="0.052" /></testsuite></testsuites>