<?xml version="1.0" encoding="utf-8"?><testsuites name="pytest tests"><testsuite name="pytest" errors="0" failures="0" skipped="0" tests="10" time="3.338" timestamp="2026-03-31T05:10:39.491252+00:00" hostname="agent-env-1712049c-d6d1-4e6a-9408-05866edeaf39"><testcase classname="backend.tests.test_otp_auth.TestOTPAuthentication" name="test_send_otp_success" time="0.437" /><testcase classname="backend.tests.test_otp_auth.TestOTPAuthentication" name="test_send_otp_invalid_phone" time="0.104" /><testcase classname="backend.tests.test_otp_auth.TestOTPAuthentication" name="test_verify_otp_no_otp_sent" time="0.111" /><testcase classname="backend.tests.test_otp_auth.TestOTPAuthentication" name="test_verify_otp_invalid_otp" time="0.445" /><testcase classname="backend.tests.test_otp_auth.TestEmailLogin" name="test_admin_login_success" time="0.317" /><testcase classname="backend.tests.test_otp_auth.TestEmailLogin" name="test_login_invalid_credentials" time="0.330" /><testcase classname="backend.tests.test_otp_auth.TestEmailLogin" name="test_login_nonexistent_user" time="0.102" /><testcase classname="backend.tests.test_otp_auth.TestUserResponseModel" name="test_auth_me_response_structure" time="0.411" /><testcase classname="backend.tests.test_otp_auth.TestUserResponseModel" name="test_otp_verify_returns_profile_fields" time="0.583" /><testcase classname="backend.tests.test_otp_auth.TestOTPResend" name="test_resend_otp_rate_limit" time="0.448" /></testsuite></testsuites>