<?xml version="1.0" encoding="utf-8"?><testsuites name="pytest tests"><testsuite name="pytest" errors="0" failures="0" skipped="2" tests="12" time="5.496" timestamp="2026-03-14T08:36:34.521629+00:00" hostname="agent-env-1712049c-d6d1-4e6a-9408-05866edeaf39"><testcase classname="backend.tests.test_warranty_extensions_v9.TestWarrantyExtensionFeature" name="test_get_warranty_extensions_endpoint_exists" time="0.508" /><testcase classname="backend.tests.test_warranty_extensions_v9.TestWarrantyExtensionFeature" name="test_warranty_extensions_returns_pending_requests" time="0.392" /><testcase classname="backend.tests.test_warranty_extensions_v9.TestWarrantyExtensionFeature" name="test_warranty_extensions_unauthorized" time="0.446" /><testcase classname="backend.tests.test_warranty_extensions_v9.TestWarrantyExtensionFeature" name="test_review_extension_approve_with_months" time="0.385"><skipped type="pytest.skip" message="No pending extension requests to test approval">/app/backend/tests/test_warranty_extensions_v9.py:102: No pending extension requests to test approval</skipped></testcase><testcase classname="backend.tests.test_warranty_extensions_v9.TestWarrantyExtensionFeature" name="test_review_extension_reject_with_notes" time="0.367"><skipped type="pytest.skip" message="No pending extension requests to test rejection">/app/backend/tests/test_warranty_extensions_v9.py:142: No pending extension requests to test rejection</skipped></testcase><testcase classname="backend.tests.test_warranty_extensions_v9.TestWarrantyExtensionFeature" name="test_review_extension_invalid_action" time="0.437" /><testcase classname="backend.tests.test_warranty_extensions_v9.TestWarrantyExtensionFeature" name="test_review_extension_without_pending_request" time="0.498" /><testcase classname="backend.tests.test_warranty_extensions_v9.TestWarrantyExtensionFeature" name="test_review_extension_customer_cannot_review" time="0.707" /><testcase classname="backend.tests.test_warranty_extensions_v9.TestCustomerWarrantyExtensionView" name="test_customer_can_see_warranties" time="0.374" /><testcase classname="backend.tests.test_warranty_extensions_v9.TestCustomerWarrantyExtensionView" name="test_warranty_response_includes_extension_fields" time="0.376" /><testcase classname="backend.tests.test_warranty_extensions_v9.TestAdminDashboardStats" name="test_admin_stats_includes_pending_extensions" time="0.422" /><testcase classname="backend.tests.test_warranty_extensions_v9.TestAdminDashboardStats" name="test_pending_extensions_count_matches_actual" time="0.443" /></testsuite></testsuites>