<?xml version="1.0" encoding="utf-8"?><testsuites name="pytest tests"><testsuite name="pytest" errors="0" failures="0" skipped="1" tests="16" time="8.344" timestamp="2026-04-11T18:21:01.338410+00:00" hostname="agent-env-1712049c-d6d1-4e6a-9408-05866edeaf39"><testcase classname="backend.tests.test_iteration_66_dispatch_flow.TestDispatchFlowBugFixes" name="test_01_auth_working" time="0.581" /><testcase classname="backend.tests.test_iteration_66_dispatch_flow.TestDispatchFlowBugFixes" name="test_02_orders_missing_invoices_endpoint" time="0.437" /><testcase classname="backend.tests.test_iteration_66_dispatch_flow.TestDispatchFlowBugFixes" name="test_03_prepare_dispatch_returns_easyship_flags" time="0.567" /><testcase classname="backend.tests.test_iteration_66_dispatch_flow.TestDispatchFlowBugFixes" name="test_04_easyship_order_phone_not_required" time="0.574" /><testcase classname="backend.tests.test_iteration_66_dispatch_flow.TestDispatchFlowBugFixes" name="test_05_dispatch_endpoint_error_handling" time="0.563" /><testcase classname="backend.tests.test_iteration_66_dispatch_flow.TestDispatchFlowBugFixes" name="test_06_dispatch_compliance_checks" time="0.590" /><testcase classname="backend.tests.test_iteration_66_dispatch_flow.TestDispatchFlowBugFixes" name="test_07_label_expiry_date_none_handling" time="0.573" /><testcase classname="backend.tests.test_iteration_66_dispatch_flow.TestDispatchFlowBugFixes" name="test_08_bot_search_endpoint" time="0.444" /><testcase classname="backend.tests.test_iteration_66_dispatch_flow.TestDispatchFlowBugFixes" name="test_09_daily_briefing_endpoint" time="0.448" /><testcase classname="backend.tests.test_iteration_66_dispatch_flow.TestDispatchFlowBugFixes" name="test_10_stuck_orders_endpoint" time="0.465" /><testcase classname="backend.tests.test_iteration_66_dispatch_flow.TestDispatchFlowBugFixes" name="test_11_missing_data_endpoint" time="0.458" /><testcase classname="backend.tests.test_iteration_66_dispatch_flow.TestDispatchFlowBugFixes" name="test_12_production_suggestions_endpoint" time="0.445" /><testcase classname="backend.tests.test_iteration_66_dispatch_flow.TestDispatchFlowBugFixes" name="test_13_comprehensive_order_endpoint" time="0.590" /><testcase classname="backend.tests.test_iteration_66_dispatch_flow.TestDispatchFlowBugFixes" name="test_14_chat_nlp_endpoint" time="0.571" /><testcase classname="backend.tests.test_iteration_66_dispatch_flow.TestDispatchFlowBugFixes" name="test_15_dispatch_already_dispatched_error" time="0.507"><skipped type="pytest.skip" message="No dispatched orders to test">/app/backend/tests/test_iteration_66_dispatch_flow.py:436: No dispatched orders to test</skipped></testcase><testcase classname="backend.tests.test_iteration_66_dispatch_flow.TestDispatchFlowBugFixes" name="test_16_dispatch_not_found_error" time="0.449" /></testsuite></testsuites>