<?xml version="1.0" encoding="utf-8"?><testsuites name="pytest tests"><testsuite name="pytest" errors="0" failures="1" skipped="0" tests="20" time="8.757" timestamp="2026-03-21T16:31:33.438743+00:00" hostname="agent-env-1712049c-d6d1-4e6a-9408-05866edeaf39"><testcase classname="backend.tests.test_production_v21.TestProductionModule" name="test_01_admin_login" time="0.472" /><testcase classname="backend.tests.test_production_v21.TestProductionModule" name="test_02_accountant_login" time="0.327" /><testcase classname="backend.tests.test_production_v21.TestProductionModule" name="test_03_get_firms" time="0.410" /><testcase classname="backend.tests.test_production_v21.TestProductionModule" name="test_04_get_raw_materials" time="0.387" /><testcase classname="backend.tests.test_production_v21.TestProductionModule" name="test_05_get_skus" time="0.374" /><testcase classname="backend.tests.test_production_v21.TestProductionModule" name="test_06_get_productions_list" time="0.442" /><testcase classname="backend.tests.test_production_v21.TestProductionModule" name="test_07_get_productions_with_filters" time="0.459" /><testcase classname="backend.tests.test_production_v21.TestProductionModule" name="test_08_accountant_can_access_productions" time="0.399" /><testcase classname="backend.tests.test_production_v21.TestProductionModule" name="test_09_production_requires_auth" time="0.099" /><testcase classname="backend.tests.test_production_v21.TestProductionModule" name="test_10_create_production_validation_missing_firm" time="0.377" /><testcase classname="backend.tests.test_production_v21.TestProductionModule" name="test_11_create_production_validation_invalid_firm" time="0.377" /><testcase classname="backend.tests.test_production_v21.TestProductionModule" name="test_12_create_production_validation_invalid_sku" time="0.436" /><testcase classname="backend.tests.test_production_v21.TestProductionModule" name="test_13_create_production_validation_invalid_material" time="0.480" /><testcase classname="backend.tests.test_production_v21.TestProductionModule" name="test_14_create_production_validation_zero_quantity" time="0.605" /><testcase classname="backend.tests.test_production_v21.TestProductionModule" name="test_15_create_production_insufficient_stock" time="0.601" /><testcase classname="backend.tests.test_production_v21.TestProductionModule" name="test_16_full_production_flow" time="0.701"><failure message="AssertionError: No production_consume ledger entries found&#10;assert 0 &gt;= 1&#10; +  where 0 = len([])">backend/tests/test_production_v21.py:413: in test_16_full_production_flow
    assert len(consume_entries) &gt;= 1, "No production_consume ledger entries found"
E   AssertionError: No production_consume ledger entries found
E   assert 0 &gt;= 1
E    +  where 0 = len([])</failure></testcase><testcase classname="backend.tests.test_production_v21.TestProductionModule" name="test_17_ledger_shows_production_entries" time="0.379" /><testcase classname="backend.tests.test_production_v21.TestProductionModule" name="test_18_stock_reports_show_production_entries" time="0.395" /><testcase classname="backend.tests.test_production_v21.TestProductionModule" name="test_19_accountant_can_create_production" time="0.543" /><testcase classname="backend.tests.test_production_v21.TestProductionModule" name="test_20_accountant_can_view_productions" time="0.383" /></testsuite></testsuites>