<?xml version="1.0" encoding="utf-8"?><testsuites name="pytest tests"><testsuite name="pytest" errors="0" failures="0" skipped="0" tests="14" time="4.497" timestamp="2026-03-21T15:45:15.173601+00:00" hostname="agent-env-1712049c-d6d1-4e6a-9408-05866edeaf39"><testcase classname="backend.tests.test_incoming_queue_v19.TestIncomingQueueEndpoints" name="test_get_incoming_queue_list" time="0.496" /><testcase classname="backend.tests.test_incoming_queue_v19.TestIncomingQueueEndpoints" name="test_get_pending_count" time="0.123" /><testcase classname="backend.tests.test_incoming_queue_v19.TestIncomingQueueEndpoints" name="test_accountant_can_access_queue" time="0.457" /><testcase classname="backend.tests.test_incoming_queue_v19.TestIncomingQueueEndpoints" name="test_accountant_can_get_pending_count" time="0.115" /><testcase classname="backend.tests.test_incoming_queue_v19.TestManualQueueEntry" name="test_create_manual_queue_entry" time="0.103" /><testcase classname="backend.tests.test_incoming_queue_v19.TestManualQueueEntry" name="test_accountant_can_create_entry" time="0.120" /><testcase classname="backend.tests.test_incoming_queue_v19.TestGateScanCreatesQueueEntry" name="test_gate_scan_inward_creates_queue_entry" time="0.558" /><testcase classname="backend.tests.test_incoming_queue_v19.TestClassificationTypes" name="test_return_inventory_classification" time="0.421" /><testcase classname="backend.tests.test_incoming_queue_v19.TestClassificationTypes" name="test_repair_yard_requires_mandatory_reason" time="0.214" /><testcase classname="backend.tests.test_incoming_queue_v19.TestClassificationTypes" name="test_repair_yard_with_reason_succeeds" time="0.427" /><testcase classname="backend.tests.test_incoming_queue_v19.TestClassificationTypes" name="test_scrap_classification_no_stock_impact" time="0.436" /><testcase classname="backend.tests.test_incoming_queue_v19.TestDuplicateProcessingPrevention" name="test_cannot_classify_already_processed_entry" time="0.335" /><testcase classname="backend.tests.test_incoming_queue_v19.TestLedgerEntryTypes" name="test_return_in_ledger_entry_type" time="0.294" /><testcase classname="backend.tests.test_incoming_queue_v19.TestLedgerEntryTypes" name="test_repair_yard_in_ledger_entry_type" time="0.312" /></testsuite></testsuites>