<?xml version="1.0" encoding="utf-8"?><testsuites name="pytest tests"><testsuite name="pytest" errors="0" failures="0" skipped="1" tests="20" time="10.383" timestamp="2026-04-11T20:32:18.637496+00:00" hostname="agent-env-1712049c-d6d1-4e6a-9408-05866edeaf39"><testcase classname="backend.tests.test_iteration_71_amazon_order_processing.TestAmazonOrderProcessing" name="test_universal_search_endpoint_exists" time="0.478" /><testcase classname="backend.tests.test_iteration_71_amazon_order_processing.TestAmazonOrderProcessing" name="test_universal_search_returns_proper_structure" time="0.427" /><testcase classname="backend.tests.test_iteration_71_amazon_order_processing.TestAmazonOrderProcessing" name="test_universal_search_amazon_order_in_crm_check" time="0.566" /><testcase classname="backend.tests.test_iteration_71_amazon_order_processing.TestAmazonOrderProcessing" name="test_mfn_orders_in_pending_fulfillment" time="0.474" /><testcase classname="backend.tests.test_iteration_71_amazon_order_processing.TestAmazonOrderProcessing" name="test_mfn_order_in_crm_shows_prepare_dispatch_action" time="0.514" /><testcase classname="backend.tests.test_iteration_71_amazon_order_processing.TestAmazonOrderProcessing" name="test_easyship_orders_in_pending_fulfillment" time="0.457" /><testcase classname="backend.tests.test_iteration_71_amazon_order_processing.TestAmazonOrderProcessing" name="test_easyship_order_handling" time="0.511" /><testcase classname="backend.tests.test_iteration_71_amazon_order_processing.TestAmazonOrderProcessing" name="test_import_amazon_order_to_crm_endpoint" time="0.440" /><testcase classname="backend.tests.test_iteration_71_amazon_order_processing.TestAmazonOrderProcessing" name="test_amazon_order_not_in_crm_shows_import_action" time="0.436" /><testcase classname="backend.tests.test_iteration_71_amazon_order_processing.TestAmazonOrderProcessing" name="test_prepare_dispatch_endpoint_accepts_amazon_order_id" time="0.534" /><testcase classname="backend.tests.test_iteration_71_amazon_order_processing.TestAmazonOrderProcessing" name="test_prepare_dispatch_endpoint_accepts_order_id" time="0.516" /><testcase classname="backend.tests.test_iteration_71_amazon_order_processing.TestAmazonOrderProcessing" name="test_prepare_dispatch_returns_compliance_info" time="0.596" /><testcase classname="backend.tests.test_iteration_71_amazon_order_processing.TestAmazonOrderProcessing" name="test_bot_dispatch_endpoint_exists" time="0.479" /><testcase classname="backend.tests.test_iteration_71_amazon_order_processing.TestAmazonOrderProcessing" name="test_bot_dispatch_accepts_amazon_order_id" time="0.765"><skipped type="pytest.skip" message="No pending fulfillment entries with amazon_order_id found">/app/backend/tests/test_iteration_71_amazon_order_processing.py:320: No pending fulfillment entries with amazon_order_id found</skipped></testcase><testcase classname="backend.tests.test_iteration_71_amazon_order_processing.TestAmazonOrderProcessing" name="test_sku_mapping_endpoint_exists" time="0.711" /><testcase classname="backend.tests.test_iteration_71_amazon_order_processing.TestAmazonOrderProcessing" name="test_unmapped_skus_endpoint" time="0.455" /><testcase classname="backend.tests.test_iteration_71_amazon_order_processing.TestAmazonOrderProcessing" name="test_create_sku_mapping" time="0.477" /><testcase classname="backend.tests.test_iteration_71_amazon_order_processing.TestAmazonOrderProcessing" name="test_full_amazon_order_search_flow" time="0.532" /><testcase classname="backend.tests.test_iteration_71_amazon_order_processing.TestAmazonOrderProcessing" name="test_pending_fulfillment_search_via_universal_search" time="0.508" /><testcase classname="backend.tests.test_iteration_71_amazon_order_processing.TestAmazonOrderProcessing" name="test_mark_amazon_dispatched_endpoint" time="0.436" /></testsuite></testsuites>