<?xml version="1.0" encoding="utf-8"?><testsuites name="pytest tests"><testsuite name="pytest" errors="0" failures="0" skipped="2" tests="18" time="7.854" timestamp="2026-04-11T16:22:36.242382+00:00" hostname="agent-env-1712049c-d6d1-4e6a-9408-05866edeaf39"><testcase classname="backend.tests.test_iteration_63_orderbot.TestOrderBotAPIs" name="test_daily_briefing_returns_summary" time="0.438" /><testcase classname="backend.tests.test_iteration_63_orderbot.TestOrderBotAPIs" name="test_queue_health_returns_statistics" time="0.393" /><testcase classname="backend.tests.test_iteration_63_orderbot.TestOrderBotAPIs" name="test_stuck_orders_returns_list" time="0.380" /><testcase classname="backend.tests.test_iteration_63_orderbot.TestOrderBotAPIs" name="test_stuck_orders_custom_days" time="0.372" /><testcase classname="backend.tests.test_iteration_63_orderbot.TestOrderBotAPIs" name="test_missing_data_returns_gaps" time="0.394" /><testcase classname="backend.tests.test_iteration_63_orderbot.TestOrderBotAPIs" name="test_production_suggestions_returns_items" time="0.376" /><testcase classname="backend.tests.test_iteration_63_orderbot.TestOrderBotAPIs" name="test_search_by_order_id" time="0.554" /><testcase classname="backend.tests.test_iteration_63_orderbot.TestOrderBotAPIs" name="test_search_returns_enriched_results" time="0.449" /><testcase classname="backend.tests.test_iteration_63_orderbot.TestOrderBotAPIs" name="test_update_field_requires_order_id" time="0.377" /><testcase classname="backend.tests.test_iteration_63_orderbot.TestOrderBotAPIs" name="test_update_field_not_found" time="0.445" /><testcase classname="backend.tests.test_iteration_63_orderbot.TestOrderBotAPIs" name="test_upload_file_requires_order_id" time="0.370" /><testcase classname="backend.tests.test_iteration_63_orderbot.TestOrderBotAPIs" name="test_upload_file_not_found" time="0.453" /><testcase classname="backend.tests.test_iteration_63_orderbot.TestOrderBotAPIs" name="test_dispatch_requires_order_id" time="0.389" /><testcase classname="backend.tests.test_iteration_63_orderbot.TestOrderBotAPIs" name="test_dispatch_not_found" time="0.444" /><testcase classname="backend.tests.test_iteration_63_orderbot.TestOrderBotAPIs" name="test_customer_history_returns_data" time="0.390" /><testcase classname="backend.tests.test_iteration_63_orderbot.TestOrderBotAPIs" name="test_bot_endpoints_require_auth" time="0.670" /><testcase classname="backend.tests.test_iteration_63_orderbot.TestOrderBotIntegration" name="test_dispatch_pending_order" time="0.446"><skipped type="pytest.skip" message="No ready_to_dispatch orders available for testing">/app/backend/tests/test_iteration_63_orderbot.py:442: No ready_to_dispatch orders available for testing</skipped></testcase><testcase classname="backend.tests.test_iteration_63_orderbot.TestOrderBotIntegration" name="test_update_field_on_real_order" time="0.419"><skipped type="pytest.skip" message="No pending orders available for testing">/app/backend/tests/test_iteration_63_orderbot.py:475: No pending orders available for testing</skipped></testcase></testsuite></testsuites>