<?xml version="1.0" encoding="utf-8"?><testsuites name="pytest tests"><testsuite name="pytest" errors="0" failures="0" skipped="0" tests="26" time="8.931" timestamp="2026-03-21T20:50:06.815153+00:00" hostname="agent-env-1712049c-d6d1-4e6a-9408-05866edeaf39"><testcase classname="backend.tests.test_production_module.TestAuthAndSetup" name="test_admin_login" time="0.441" /><testcase classname="backend.tests.test_production_module.TestAuthAndSetup" name="test_accountant_login" time="0.347" /><testcase classname="backend.tests.test_production_module.TestAuthAndSetup" name="test_supervisor_login" time="0.330" /><testcase classname="backend.tests.test_production_module.TestAuthAndSetup" name="test_technician_login" time="0.328" /><testcase classname="backend.tests.test_production_module.TestProductionRequestEndpoints" name="test_list_production_requests_accountant" time="0.448" /><testcase classname="backend.tests.test_production_module.TestProductionRequestEndpoints" name="test_list_production_requests_supervisor" time="0.474" /><testcase classname="backend.tests.test_production_module.TestProductionRequestEndpoints" name="test_list_production_requests_technician" time="0.505" /><testcase classname="backend.tests.test_production_module.TestSupervisorPayablesEndpoints" name="test_list_supervisor_payables_accountant" time="0.544" /><testcase classname="backend.tests.test_production_module.TestSupervisorPayablesEndpoints" name="test_list_supervisor_payables_supervisor" time="0.472" /><testcase classname="backend.tests.test_production_module.TestFinishedGoodSerialsEndpoints" name="test_list_finished_good_serials" time="0.478" /><testcase classname="backend.tests.test_production_module.TestFinishedGoodSerialsEndpoints" name="test_lookup_nonexistent_serial" time="0.155" /><testcase classname="backend.tests.test_production_module.TestPrerequisitesForProductionWorkflow" name="test_list_firms" time="0.447" /><testcase classname="backend.tests.test_production_module.TestPrerequisitesForProductionWorkflow" name="test_list_master_skus" time="0.108" /><testcase classname="backend.tests.test_production_module.TestPrerequisitesForProductionWorkflow" name="test_list_raw_materials" time="0.188" /><testcase classname="backend.tests.test_production_module.TestFullProductionWorkflow" name="test_get_or_create_firm" time="0.451" /><testcase classname="backend.tests.test_production_module.TestFullProductionWorkflow" name="test_get_or_create_raw_material" time="0.261" /><testcase classname="backend.tests.test_production_module.TestFullProductionWorkflow" name="test_check_manufactured_sku_exists" time="0.121" /><testcase classname="backend.tests.test_production_module.TestFullProductionWorkflow" name="test_create_production_request_validation" time="0.443" /><testcase classname="backend.tests.test_production_module.TestFullProductionWorkflow" name="test_create_production_request_requires_manufactured_sku" time="0.339" /><testcase classname="backend.tests.test_production_module.TestProductionRequestActions" name="test_accept_nonexistent_request" time="0.465" /><testcase classname="backend.tests.test_production_module.TestProductionRequestActions" name="test_start_nonexistent_request" time="0.117" /><testcase classname="backend.tests.test_production_module.TestProductionRequestActions" name="test_complete_nonexistent_request" time="0.109" /><testcase classname="backend.tests.test_production_module.TestProductionRequestActions" name="test_receive_nonexistent_request" time="0.453" /><testcase classname="backend.tests.test_production_module.TestProductionRequestActions" name="test_cancel_nonexistent_request" time="0.157" /><testcase classname="backend.tests.test_production_module.TestPaymentEndpoints" name="test_record_payment_nonexistent_payable" time="0.435" /><testcase classname="backend.tests.test_production_module.TestPaymentEndpoints" name="test_get_nonexistent_payable" time="0.102" /></testsuite></testsuites>