<?xml version="1.0" encoding="utf-8"?><testsuites name="pytest tests"><testsuite name="pytest" errors="0" failures="0" skipped="0" tests="29" time="4.916" timestamp="2026-04-01T19:56:59.750147+00:00" hostname="agent-env-1712049c-d6d1-4e6a-9408-05866edeaf39"><testcase classname="tests.test_excel_import_export.TestExcelDataSources" name="test_get_sources_returns_200" time="0.561" /><testcase classname="tests.test_excel_import_export.TestExcelDataSources" name="test_get_sources_returns_6_sources" time="0.143" /><testcase classname="tests.test_excel_import_export.TestExcelDataSources" name="test_get_sources_has_correct_keys" time="0.121" /><testcase classname="tests.test_excel_import_export.TestExcelDataSources" name="test_get_sources_has_record_counts" time="0.117" /><testcase classname="tests.test_excel_import_export.TestExcelDataSources" name="test_get_sources_has_required_fields" time="0.118" /><testcase classname="tests.test_excel_import_export.TestExcelDataSources" name="test_get_sources_requires_auth" time="0.104" /><testcase classname="tests.test_excel_import_export.TestExcelExport" name="test_export_returns_excel_file[customers]" time="0.157" /><testcase classname="tests.test_excel_import_export.TestExcelExport" name="test_export_returns_excel_file[dealers]" time="0.127" /><testcase classname="tests.test_excel_import_export.TestExcelExport" name="test_export_returns_excel_file[orders]" time="0.148" /><testcase classname="tests.test_excel_import_export.TestExcelExport" name="test_export_returns_excel_file[warranties]" time="0.311" /><testcase classname="tests.test_excel_import_export.TestExcelExport" name="test_export_returns_excel_file[master_skus]" time="0.165" /><testcase classname="tests.test_excel_import_export.TestExcelExport" name="test_export_returns_excel_file[inventory]" time="0.128" /><testcase classname="tests.test_excel_import_export.TestExcelExport" name="test_export_invalid_source_returns_400" time="0.137" /><testcase classname="tests.test_excel_import_export.TestExcelExport" name="test_export_requires_auth" time="0.123" /><testcase classname="tests.test_excel_import_export.TestExcelTemplate" name="test_template_returns_excel_file[customers]" time="0.130" /><testcase classname="tests.test_excel_import_export.TestExcelTemplate" name="test_template_returns_excel_file[dealers]" time="0.216" /><testcase classname="tests.test_excel_import_export.TestExcelTemplate" name="test_template_returns_excel_file[orders]" time="0.126" /><testcase classname="tests.test_excel_import_export.TestExcelTemplate" name="test_template_returns_excel_file[warranties]" time="0.126" /><testcase classname="tests.test_excel_import_export.TestExcelTemplate" name="test_template_returns_excel_file[master_skus]" time="0.196" /><testcase classname="tests.test_excel_import_export.TestExcelTemplate" name="test_template_returns_excel_file[inventory]" time="0.136" /><testcase classname="tests.test_excel_import_export.TestExcelTemplate" name="test_template_invalid_source_returns_400" time="0.117" /><testcase classname="tests.test_excel_import_export.TestExcelTemplate" name="test_template_requires_auth" time="0.133" /><testcase classname="tests.test_excel_import_export.TestExcelImport" name="test_import_requires_auth" time="0.114" /><testcase classname="tests.test_excel_import_export.TestExcelImport" name="test_import_invalid_source_returns_400" time="0.280" /><testcase classname="tests.test_excel_import_export.TestExcelImport" name="test_import_non_excel_file_returns_400" time="0.104" /><testcase classname="tests.test_excel_import_export.TestExcelImport" name="test_import_master_skus_merge_mode" time="0.122" /><testcase classname="tests.test_excel_import_export.TestExcelImport" name="test_import_missing_required_fields_returns_400" time="0.119" /><testcase classname="tests.test_excel_import_export.TestExcelImportCustomers" name="test_import_customers_merge_mode" time="0.203" /><testcase classname="tests.test_excel_import_export.TestExcelRoundTrip" name="test_export_and_reimport_master_skus" time="0.262" /></testsuite></testsuites>