<?xml version="1.0" encoding="utf-8"?><testsuites name="pytest tests"><testsuite name="pytest" errors="0" failures="0" skipped="0" tests="15" time="4.327" timestamp="2026-04-04T16:01:19.434586+00:00" hostname="agent-env-1712049c-d6d1-4e6a-9408-05866edeaf39"><testcase classname="backend.tests.test_ecommerce_reconciliation_v46.TestFirmSelection" name="test_firms_endpoint_available" time="0.631" /><testcase classname="backend.tests.test_ecommerce_reconciliation_v46.TestFirmSelection" name="test_statements_filter_by_firm" time="0.321" /><testcase classname="backend.tests.test_ecommerce_reconciliation_v46.TestAmazonUpload" name="test_upload_amazon_csv_with_firm" time="0.588" /><testcase classname="backend.tests.test_ecommerce_reconciliation_v46.TestAmazonUpload" name="test_upload_amazon_without_firm_fails" time="0.151" /><testcase classname="backend.tests.test_ecommerce_reconciliation_v46.TestFlipkartUpload" name="test_upload_flipkart_excel_with_firm" time="0.548" /><testcase classname="backend.tests.test_ecommerce_reconciliation_v46.TestFlipkartStatementDetails" name="test_flipkart_statement_has_non_order_charges" time="0.222" /><testcase classname="backend.tests.test_ecommerce_reconciliation_v46.TestFlipkartStatementDetails" name="test_flipkart_statement_has_tax_entries" time="0.221" /><testcase classname="backend.tests.test_ecommerce_reconciliation_v46.TestFlipkartStatementDetails" name="test_flipkart_summary_has_tax_breakdown" time="0.248" /><testcase classname="backend.tests.test_ecommerce_reconciliation_v46.TestFlipkartStatementDetails" name="test_flipkart_summary_has_ad_spend_and_services" time="0.214" /><testcase classname="backend.tests.test_ecommerce_reconciliation_v46.TestAmazonStatementDetails" name="test_amazon_summary_has_reserve_fields" time="0.211" /><testcase classname="backend.tests.test_ecommerce_reconciliation_v46.TestStatementListWithFirm" name="test_statements_list_includes_firm_name" time="0.103" /><testcase classname="backend.tests.test_ecommerce_reconciliation_v46.TestOrderReconciliation" name="test_order_reconciliation_endpoint" time="0.115" /><testcase classname="backend.tests.test_ecommerce_reconciliation_v46.TestOrderReconciliation" name="test_order_reconciliation_filter_by_statement" time="0.218" /><testcase classname="backend.tests.test_ecommerce_reconciliation_v46.TestExportFunctionality" name="test_export_charges" time="0.213" /><testcase classname="backend.tests.test_ecommerce_reconciliation_v46.TestExportFunctionality" name="test_export_taxes" time="0.250" /></testsuite></testsuites>