<?xml version="1.0" encoding="utf-8"?><testsuites name="pytest tests"><testsuite name="pytest" errors="0" failures="0" skipped="0" tests="21" time="15.987" timestamp="2026-04-13T12:20:43.250383+00:00" hostname="agent-env-1712049c-d6d1-4e6a-9408-05866edeaf39"><testcase classname="backend.tests.test_iteration_76_bigship_integration.TestBigshipIntegration" name="test_bot_update_tracking_missing_order" time="0.496" /><testcase classname="backend.tests.test_iteration_76_bigship_integration.TestBigshipIntegration" name="test_bot_update_tracking_unauthorized" time="0.108" /><testcase classname="backend.tests.test_iteration_76_bigship_integration.TestBigshipIntegration" name="test_get_courier_warehouses" time="2.492" /><testcase classname="backend.tests.test_iteration_76_bigship_integration.TestBigshipIntegration" name="test_get_courier_warehouses_unauthorized" time="0.107" /><testcase classname="backend.tests.test_iteration_76_bigship_integration.TestBigshipIntegration" name="test_calculate_courier_rates_b2c" time="2.576" /><testcase classname="backend.tests.test_iteration_76_bigship_integration.TestBigshipIntegration" name="test_calculate_courier_rates_b2b" time="1.155" /><testcase classname="backend.tests.test_iteration_76_bigship_integration.TestBigshipIntegration" name="test_calculate_courier_rates_invalid_pincode" time="1.113" /><testcase classname="backend.tests.test_iteration_76_bigship_integration.TestBigshipIntegration" name="test_calculate_courier_rates_unauthorized" time="0.113" /><testcase classname="backend.tests.test_iteration_76_bigship_integration.TestBigshipIntegration" name="test_get_courier_shipments_list" time="0.120" /><testcase classname="backend.tests.test_iteration_76_bigship_integration.TestBigshipIntegration" name="test_get_courier_shipments_with_pagination" time="0.115" /><testcase classname="backend.tests.test_iteration_76_bigship_integration.TestBigshipIntegration" name="test_get_courier_shipments_with_search" time="0.121" /><testcase classname="backend.tests.test_iteration_76_bigship_integration.TestBigshipIntegration" name="test_track_shipment_invalid_awb" time="1.322" /><testcase classname="backend.tests.test_iteration_76_bigship_integration.TestBigshipIntegration" name="test_track_shipment_unauthorized" time="0.112" /><testcase classname="backend.tests.test_iteration_76_bigship_integration.TestBigshipIntegration" name="test_get_label_invalid_order" time="1.704" /><testcase classname="backend.tests.test_iteration_76_bigship_integration.TestBigshipIntegration" name="test_get_label_unauthorized" time="0.157" /><testcase classname="backend.tests.test_iteration_76_bigship_integration.TestBigshipIntegration" name="test_create_shipment_missing_required_fields" time="0.102" /><testcase classname="backend.tests.test_iteration_76_bigship_integration.TestBigshipIntegration" name="test_create_shipment_unauthorized" time="0.107" /><testcase classname="backend.tests.test_iteration_76_bigship_integration.TestBigshipIntegration" name="test_manifest_missing_required_fields" time="0.114" /><testcase classname="backend.tests.test_iteration_76_bigship_integration.TestBigshipIntegration" name="test_manifest_unauthorized" time="0.118" /><testcase classname="backend.tests.test_iteration_76_bigship_integration.TestBotTrackingWithRealData" name="test_check_pending_fulfillment_orders" time="0.467" /><testcase classname="backend.tests.test_iteration_76_bigship_integration.TestBigshipAPIAuthentication" name="test_bigship_token_caching" time="3.181" /></testsuite></testsuites>