<?xml version="1.0" encoding="utf-8"?><testsuites name="pytest tests"><testsuite name="pytest" errors="0" failures="0" skipped="1" tests="17" time="4.286" timestamp="2026-04-04T15:07:58.351472+00:00" hostname="agent-env-1712049c-d6d1-4e6a-9408-05866edeaf39"><testcase classname="backend.tests.test_ecommerce_reconciliation.TestEcommerceStatements" name="test_list_statements" time="0.569" /><testcase classname="backend.tests.test_ecommerce_reconciliation.TestEcommerceStatements" name="test_list_statements_filter_by_platform" time="0.121" /><testcase classname="backend.tests.test_ecommerce_reconciliation.TestEcommerceStatements" name="test_get_statement_details" time="0.294" /><testcase classname="backend.tests.test_ecommerce_reconciliation.TestEcommerceStatements" name="test_get_nonexistent_statement" time="0.122" /><testcase classname="backend.tests.test_ecommerce_reconciliation.TestEcommerceAlerts" name="test_get_all_alerts" time="0.114" /><testcase classname="backend.tests.test_ecommerce_reconciliation.TestEcommerceAlerts" name="test_get_alerts_by_statement" time="0.237" /><testcase classname="backend.tests.test_ecommerce_reconciliation.TestEcommerceOrderReconciliation" name="test_get_order_reconciliation" time="0.179" /><testcase classname="backend.tests.test_ecommerce_reconciliation.TestEcommerceOrderReconciliation" name="test_filter_unmatched_orders" time="0.148" /><testcase classname="backend.tests.test_ecommerce_reconciliation.TestEcommerceExport" name="test_export_summary" time="0.873" /><testcase classname="backend.tests.test_ecommerce_reconciliation.TestEcommerceExport" name="test_export_transactions" time="0.257" /><testcase classname="backend.tests.test_ecommerce_reconciliation.TestEcommerceExport" name="test_export_orders" time="0.242" /><testcase classname="backend.tests.test_ecommerce_reconciliation.TestEcommerceExport" name="test_export_unmatched" time="0.261" /><testcase classname="backend.tests.test_ecommerce_reconciliation.TestCSVUpload" name="test_upload_amazon_csv" time="0.219" /><testcase classname="backend.tests.test_ecommerce_reconciliation.TestCSVUpload" name="test_upload_invalid_platform" time="0.104" /><testcase classname="backend.tests.test_ecommerce_reconciliation.TestLinkTransaction" name="test_link_transaction_invalid_ids" time="0.134" /><testcase classname="backend.tests.test_ecommerce_reconciliation.TestDispatchOrderSource" name="test_dispatches_endpoint" time="0.108" /><testcase classname="backend.tests.test_ecommerce_reconciliation.TestDispatchOrderSource" name="test_create_dispatch_with_order_source" time="0.218"><skipped type="pytest.skip" message="Cannot fetch customers">/app/backend/tests/test_ecommerce_reconciliation.py:368: Cannot fetch customers</skipped></testcase></testsuite></testsuites>