<?xml version="1.0" encoding="utf-8"?><testsuites name="pytest tests"><testsuite name="pytest" errors="0" failures="0" skipped="0" tests="16" time="4.654" timestamp="2026-04-11T19:15:07.846226+00:00" hostname="agent-env-1712049c-d6d1-4e6a-9408-05866edeaf39"><testcase classname="backend.tests.test_iteration_69_gst_bug_fix.TestGSTBugFix" name="test_01_login_success" time="0.383" /><testcase classname="backend.tests.test_iteration_69_gst_bug_fix.TestGSTBugFix" name="test_02_prepare_dispatch_returns_gst_inclusive_flag" time="0.438" /><testcase classname="backend.tests.test_iteration_69_gst_bug_fix.TestGSTBugFix" name="test_03_gst_calculation_for_5_percent_rate" time="0.331" /><testcase classname="backend.tests.test_iteration_69_gst_bug_fix.TestGSTBugFix" name="test_04_gst_calculation_for_18_percent_rate" time="0.319" /><testcase classname="backend.tests.test_iteration_69_gst_bug_fix.TestGSTBugFix" name="test_05_gst_calculation_for_41500_example" time="0.333" /><testcase classname="backend.tests.test_iteration_69_gst_bug_fix.TestGSTBugFix" name="test_06_mark_amazon_dispatched_endpoint_exists" time="0.414" /><testcase classname="backend.tests.test_iteration_69_gst_bug_fix.TestGSTBugFix" name="test_07_bot_dispatch_order_endpoint_exists" time="0.424" /><testcase classname="backend.tests.test_iteration_69_gst_bug_fix.TestGSTBugFix" name="test_08_prepare_dispatch_endpoint_exists" time="0.384" /><testcase classname="backend.tests.test_iteration_69_gst_bug_fix.TestGSTBugFix" name="test_09_verify_dispatch_has_gst_fields" time="0.412" /><testcase classname="backend.tests.test_iteration_69_gst_bug_fix.TestGSTBugFix" name="test_10_verify_sales_invoice_uses_dispatch_taxable_value" time="0.537" /><testcase classname="backend.tests.test_iteration_69_gst_bug_fix.TestGSTBugFix" name="test_11_create_test_amazon_order_and_verify_gst" time="0.607" /><testcase classname="backend.tests.test_iteration_69_gst_bug_fix.TestGSTCalculationLogic" name="test_reverse_gst_calculation_5_percent" time="0.000" /><testcase classname="backend.tests.test_iteration_69_gst_bug_fix.TestGSTCalculationLogic" name="test_reverse_gst_calculation_12_percent" time="0.000" /><testcase classname="backend.tests.test_iteration_69_gst_bug_fix.TestGSTCalculationLogic" name="test_reverse_gst_calculation_18_percent" time="0.000" /><testcase classname="backend.tests.test_iteration_69_gst_bug_fix.TestGSTCalculationLogic" name="test_reverse_gst_calculation_28_percent" time="0.000" /><testcase classname="backend.tests.test_iteration_69_gst_bug_fix.TestGSTCalculationLogic" name="test_bug_scenario_41500" time="0.000" /></testsuite></testsuites>