<?xml version="1.0" encoding="utf-8"?><testsuites name="pytest tests"><testsuite name="pytest" errors="0" failures="0" skipped="5" tests="15" time="7.055" timestamp="2026-04-11T18:41:38.765267+00:00" hostname="agent-env-1712049c-d6d1-4e6a-9408-05866edeaf39"><testcase classname="backend.tests.test_iteration_67_dispatch_workflow.TestDispatchWorkflow" name="test_bot_dispatch_creates_ready_for_dispatch_status" time="0.555"><skipped type="pytest.skip" message="No orders ready for dispatch. Sample order missing: ['invoice_url', 'label_url']">/app/backend/tests/test_iteration_67_dispatch_workflow.py:87: No orders ready for dispatch. Sample order missing: ['invoice_url', 'label_url']</skipped></testcase><testcase classname="backend.tests.test_iteration_67_dispatch_workflow.TestDispatchWorkflow" name="test_bot_dispatch_copies_document_urls" time="0.504"><skipped type="pytest.skip" message="No dispatches in queue to verify document URLs">/app/backend/tests/test_iteration_67_dispatch_workflow.py:163: No dispatches in queue to verify document URLs</skipped></testcase><testcase classname="backend.tests.test_iteration_67_dispatch_workflow.TestDispatchWorkflow" name="test_bot_dispatch_returns_correct_message" time="0.474"><skipped type="pytest.skip" message="No orders ready for dispatch to test message">/app/backend/tests/test_iteration_67_dispatch_workflow.py:192: No orders ready for dispatch to test message</skipped></testcase><testcase classname="backend.tests.test_iteration_67_dispatch_workflow.TestDispatchWorkflow" name="test_dispatcher_queue_returns_ready_for_dispatch" time="0.445" /><testcase classname="backend.tests.test_iteration_67_dispatch_workflow.TestDispatchWorkflow" name="test_dispatcher_queue_includes_document_columns" time="0.434"><skipped type="pytest.skip" message="No dispatches in queue to verify document fields">/app/backend/tests/test_iteration_67_dispatch_workflow.py:252: No dispatches in queue to verify document fields</skipped></testcase><testcase classname="backend.tests.test_iteration_67_dispatch_workflow.TestDispatchWorkflow" name="test_prepare_dispatch_endpoint" time="0.580" /><testcase classname="backend.tests.test_iteration_67_dispatch_workflow.TestDispatchWorkflow" name="test_daily_briefing_endpoint" time="0.432" /><testcase classname="backend.tests.test_iteration_67_dispatch_workflow.TestDispatchWorkflow" name="test_stuck_orders_endpoint" time="0.435" /><testcase classname="backend.tests.test_iteration_67_dispatch_workflow.TestDispatchWorkflow" name="test_missing_data_endpoint" time="0.431" /><testcase classname="backend.tests.test_iteration_67_dispatch_workflow.TestDispatchWorkflow" name="test_orders_missing_invoices_endpoint" time="0.480" /><testcase classname="backend.tests.test_iteration_67_dispatch_workflow.TestDispatcherDashboardAPI" name="test_dispatcher_queue_endpoint" time="0.461" /><testcase classname="backend.tests.test_iteration_67_dispatch_workflow.TestDispatcherDashboardAPI" name="test_dispatcher_recent_endpoint" time="0.436" /><testcase classname="backend.tests.test_iteration_67_dispatch_workflow.TestDispatcherDashboardAPI" name="test_dispatch_status_update" time="0.435"><skipped type="pytest.skip" message="No dispatches in queue to test status update">/app/backend/tests/test_iteration_67_dispatch_workflow.py:445: No dispatches in queue to test status update</skipped></testcase><testcase classname="backend.tests.test_iteration_67_dispatch_workflow.TestBotSearchAndAnalysis" name="test_bot_search_endpoint" time="0.436" /><testcase classname="backend.tests.test_iteration_67_dispatch_workflow.TestBotSearchAndAnalysis" name="test_production_suggestions_endpoint" time="0.436" /></testsuite></testsuites>