<?xml version="1.0" encoding="utf-8"?><testsuites name="pytest tests"><testsuite name="pytest" errors="0" failures="0" skipped="0" tests="13" time="6.140" timestamp="2026-04-11T01:14:38.145073+00:00" hostname="agent-env-1712049c-d6d1-4e6a-9408-05866edeaf39"><testcase classname="backend.tests.test_smartflo_agents.TestSmartfloAgents" name="test_list_smartflo_agents" time="0.434" /><testcase classname="backend.tests.test_smartflo_agents.TestSmartfloAgents" name="test_create_smartflo_agent" time="0.490" /><testcase classname="backend.tests.test_smartflo_agents.TestSmartfloAgents" name="test_create_duplicate_agent_fails" time="0.484" /><testcase classname="backend.tests.test_smartflo_agents.TestSmartfloAgents" name="test_update_smartflo_agent" time="0.542" /><testcase classname="backend.tests.test_smartflo_agents.TestSmartfloAgents" name="test_delete_smartflo_agent" time="0.507" /><testcase classname="backend.tests.test_smartflo_agents.TestSmartfloAgents" name="test_delete_nonexistent_agent" time="0.405" /><testcase classname="backend.tests.test_smartflo_agents.TestCallOutcomes" name="test_get_call_outcomes" time="0.402" /><testcase classname="backend.tests.test_smartflo_agents.TestCallOutcomes" name="test_update_call_outcome_invalid_call" time="0.650" /><testcase classname="backend.tests.test_smartflo_agents.TestCallOutcomes" name="test_update_call_outcome_invalid_outcome" time="0.440" /><testcase classname="backend.tests.test_smartflo_agents.TestAIAnalysis" name="test_analyze_call_endpoint_exists" time="0.418" /><testcase classname="backend.tests.test_smartflo_agents.TestAIAnalysis" name="test_analyze_call_no_recording" time="0.442" /><testcase classname="backend.tests.test_smartflo_agents.TestSmartfloDashboard" name="test_get_dashboard" time="0.447" /><testcase classname="backend.tests.test_smartflo_agents.TestSmartfloDashboard" name="test_dashboard_with_department_filter" time="0.398" /></testsuite></testsuites>