<?xml version="1.0" encoding="utf-8"?><testsuites name="pytest tests"><testsuite name="pytest" errors="0" failures="0" skipped="0" tests="15" time="5.802" timestamp="2026-04-08T06:20:43.845563+00:00" hostname="agent-env-1712049c-d6d1-4e6a-9408-05866edeaf39"><testcase classname="backend.tests.test_amazon_dispatch_workflow_v52.TestAmazonDispatchWorkflow" name="test_01_admin_login" time="0.354" /><testcase classname="backend.tests.test_amazon_dispatch_workflow_v52.TestAmazonDispatchWorkflow" name="test_02_get_amazon_orders" time="0.410" /><testcase classname="backend.tests.test_amazon_dispatch_workflow_v52.TestAmazonDispatchWorkflow" name="test_03_get_amazon_history_orders" time="0.407" /><testcase classname="backend.tests.test_amazon_dispatch_workflow_v52.TestAmazonDispatchWorkflow" name="test_04_refresh_order_items_endpoint_exists" time="0.369" /><testcase classname="backend.tests.test_amazon_dispatch_workflow_v52.TestAmazonDispatchWorkflow" name="test_05_get_pending_fulfillment" time="0.384" /><testcase classname="backend.tests.test_amazon_dispatch_workflow_v52.TestAmazonDispatchWorkflow" name="test_06_mark_ready_endpoint_validation" time="0.369" /><testcase classname="backend.tests.test_amazon_dispatch_workflow_v52.TestAmazonDispatchWorkflow" name="test_07_dispatch_endpoint_validation" time="0.381" /><testcase classname="backend.tests.test_amazon_dispatch_workflow_v52.TestAmazonDispatchWorkflow" name="test_08_get_sales_orders" time="0.378" /><testcase classname="backend.tests.test_amazon_dispatch_workflow_v52.TestAmazonDispatchWorkflow" name="test_09_get_inventory_ledger" time="0.383" /><testcase classname="backend.tests.test_amazon_dispatch_workflow_v52.TestAmazonDispatchWorkflow" name="test_10_get_dispatches" time="0.367" /><testcase classname="backend.tests.test_amazon_dispatch_workflow_v52.TestAmazonDispatchWorkflow" name="test_11_update_tracking_validation" time="0.431" /><testcase classname="backend.tests.test_amazon_dispatch_workflow_v52.TestAmazonDispatchWorkflow" name="test_12_get_sku_mappings" time="0.364" /><testcase classname="backend.tests.test_amazon_dispatch_workflow_v52.TestAmazonDispatchWorkflow" name="test_13_get_unmapped_skus" time="0.371" /><testcase classname="backend.tests.test_amazon_dispatch_workflow_v52.TestAmazonDispatchWorkflow" name="test_14_pending_fulfillment_structure" time="0.377" /><testcase classname="backend.tests.test_amazon_dispatch_workflow_v52.TestAmazonDispatchWorkflow" name="test_15_full_workflow_integration" time="0.396" /></testsuite></testsuites>