<?xml version="1.0" encoding="utf-8"?><testsuites name="pytest tests"><testsuite name="pytest" errors="0" failures="0" skipped="0" tests="20" time="3.956" timestamp="2026-04-17T09:44:11.801637+00:00" hostname="agent-env-1712049c-d6d1-4e6a-9408-05866edeaf39"><testcase classname="backend.tests.test_dealer_portal_phase2_3.TestAuth" name="test_admin_login" time="0.475" /><testcase classname="backend.tests.test_dealer_portal_phase2_3.TestAuth" name="test_dealer_login" time="0.335" /><testcase classname="backend.tests.test_dealer_portal_phase2_3.TestDealerCatalogue" name="test_dealer_catalogue_with_admin" time="0.456" /><testcase classname="backend.tests.test_dealer_portal_phase2_3.TestDealerCatalogue" name="test_dealer_catalogue_with_dealer" time="0.472" /><testcase classname="backend.tests.test_dealer_portal_phase2_3.TestDealerCatalogue" name="test_catalogue_unauthorized" time="0.110" /><testcase classname="backend.tests.test_dealer_portal_phase2_3.TestAdminAnnouncements" name="test_create_announcement" time="0.112" /><testcase classname="backend.tests.test_dealer_portal_phase2_3.TestAdminAnnouncements" name="test_create_announcement_with_all_fields" time="0.126" /><testcase classname="backend.tests.test_dealer_portal_phase2_3.TestAdminAnnouncements" name="test_get_announcements_admin" time="0.104" /><testcase classname="backend.tests.test_dealer_portal_phase2_3.TestAdminAnnouncements" name="test_dealer_cannot_create_announcement" time="0.110" /><testcase classname="backend.tests.test_dealer_portal_phase2_3.TestDealerAnnouncements" name="test_dealer_get_announcements" time="0.107" /><testcase classname="backend.tests.test_dealer_portal_phase2_3.TestDealerAnnouncements" name="test_mark_announcement_read" time="0.220" /><testcase classname="backend.tests.test_dealer_portal_phase2_3.TestDealerTargets" name="test_dealer_get_targets" time="0.115" /><testcase classname="backend.tests.test_dealer_portal_phase2_3.TestDealerTargets" name="test_targets_unauthorized" time="0.099" /><testcase classname="backend.tests.test_dealer_portal_phase2_3.TestWarrantyRegistration" name="test_get_warranty_registrations" time="0.101" /><testcase classname="backend.tests.test_dealer_portal_phase2_3.TestWarrantyRegistration" name="test_create_warranty_registration" time="0.235" /><testcase classname="backend.tests.test_dealer_portal_phase2_3.TestWarrantyRegistration" name="test_duplicate_serial_rejected" time="0.229" /><testcase classname="backend.tests.test_dealer_portal_phase2_3.TestReorderSuggestions" name="test_get_reorder_suggestions" time="0.110" /><testcase classname="backend.tests.test_dealer_portal_phase2_3.TestReorderSuggestions" name="test_suggestions_unauthorized" time="0.118" /><testcase classname="backend.tests.test_dealer_portal_phase2_3.TestAdminCannotAccessDealerOnlyEndpoints" name="test_admin_cannot_access_dealer_announcements" time="0.104" /><testcase classname="backend.tests.test_dealer_portal_phase2_3.TestAdminCannotAccessDealerOnlyEndpoints" name="test_admin_cannot_access_dealer_targets" time="0.122" /></testsuite></testsuites>