<?xml version="1.0" encoding="utf-8"?><testsuites name="pytest tests"><testsuite name="pytest" errors="0" failures="0" skipped="0" tests="15" time="1.605" timestamp="2026-04-04T12:58:08.626065+00:00" hostname="agent-env-1712049c-d6d1-4e6a-9408-05866edeaf39"><testcase classname="backend.tests.test_tds_gst_hsn.TestTDSSections" name="test_list_tds_sections" time="0.399" /><testcase classname="backend.tests.test_tds_gst_hsn.TestTDSSections" name="test_tds_section_194c_structure" time="0.064" /><testcase classname="backend.tests.test_tds_gst_hsn.TestTDSSections" name="test_tds_section_194i_rent_types" time="0.047" /><testcase classname="backend.tests.test_tds_gst_hsn.TestTDSSummary" name="test_tds_summary_endpoint" time="0.046" /><testcase classname="backend.tests.test_tds_gst_hsn.TestTDSSummary" name="test_tds_entries_endpoint" time="0.053" /><testcase classname="backend.tests.test_tds_gst_hsn.TestTDSSummary" name="test_tds_entries_filter_by_status" time="0.091" /><testcase classname="backend.tests.test_tds_gst_hsn.TestTDSCalculation" name="test_tds_calculate_requires_party" time="0.053" /><testcase classname="backend.tests.test_tds_gst_hsn.TestGSTHSNSummary" name="test_hsn_summary_endpoint" time="0.050" /><testcase classname="backend.tests.test_tds_gst_hsn.TestGSTHSNSummary" name="test_hsn_summary_state_wise_data" time="0.049" /><testcase classname="backend.tests.test_tds_gst_hsn.TestGSTMissingDataAlerts" name="test_missing_data_alerts_endpoint" time="0.051" /><testcase classname="backend.tests.test_tds_gst_hsn.TestGSTMissingDataAlerts" name="test_missing_data_alerts_types" time="0.046" /><testcase classname="backend.tests.test_tds_gst_hsn.TestGSTHSNDrilldown" name="test_hsn_drilldown_endpoint" time="0.093" /><testcase classname="backend.tests.test_tds_gst_hsn.TestPartiesAPI" name="test_parties_list" time="0.241" /><testcase classname="backend.tests.test_tds_gst_hsn.TestPartiesAPI" name="test_supplier_parties_have_tds_fields" time="0.190" /><testcase classname="backend.tests.test_tds_gst_hsn.TestFirmsAPI" name="test_firms_list" time="0.046" /></testsuite></testsuites>