<?xml version="1.0" encoding="utf-8"?><testsuites name="pytest tests"><testsuite name="pytest" errors="0" failures="0" skipped="0" tests="16" time="5.471" timestamp="2026-04-03T09:39:52.289984+00:00" hostname="agent-env-1712049c-d6d1-4e6a-9408-05866edeaf39"><testcase classname="tests.test_crm_ui_improvements.TestTicketsPagination" name="test_tickets_returns_paginated_response" time="0.570" /><testcase classname="tests.test_crm_ui_improvements.TestTicketsPagination" name="test_tickets_default_limit_is_50" time="0.134" /><testcase classname="tests.test_crm_ui_improvements.TestTicketsPagination" name="test_tickets_page_parameter" time="0.116" /><testcase classname="tests.test_crm_ui_improvements.TestTicketsPagination" name="test_tickets_sla_breached_filter_true" time="0.141" /><testcase classname="tests.test_crm_ui_improvements.TestTicketsPagination" name="test_tickets_sla_breached_filter_false" time="0.127" /><testcase classname="tests.test_crm_ui_improvements.TestTicketsPagination" name="test_tickets_search_preserves_pagination" time="0.115" /><testcase classname="tests.test_crm_ui_improvements.TestCustomersPagination" name="test_customers_returns_paginated_response" time="0.500" /><testcase classname="tests.test_crm_ui_improvements.TestCustomersPagination" name="test_customers_default_limit_is_50" time="0.136" /><testcase classname="tests.test_crm_ui_improvements.TestCustomersPagination" name="test_customers_search_with_pagination" time="0.105" /><testcase classname="tests.test_crm_ui_improvements.TestCustomerCRUD" name="test_create_customer" time="0.645" /><testcase classname="tests.test_crm_ui_improvements.TestCustomerCRUD" name="test_update_customer" time="0.630" /><testcase classname="tests.test_crm_ui_improvements.TestCustomerCRUD" name="test_delete_customer_without_tickets" time="0.427" /><testcase classname="tests.test_crm_ui_improvements.TestCustomerCRUD" name="test_delete_customer_with_tickets_blocked" time="0.270" /><testcase classname="tests.test_crm_ui_improvements.TestWarrantyRejection" name="test_warranty_reject_with_formdata_notes" time="0.522" /><testcase classname="tests.test_crm_ui_improvements.TestWarrantyRejection" name="test_warranty_reject_with_query_param_reason" time="0.207" /><testcase classname="tests.test_crm_ui_improvements.TestWarrantyRejection" name="test_warranty_reject_requires_reason" time="0.736" /></testsuite></testsuites>