<?xml version="1.0" encoding="utf-8"?><testsuites name="pytest tests"><testsuite name="pytest" errors="0" failures="0" skipped="0" tests="10" time="2.724" timestamp="2026-03-21T22:08:51.893062+00:00" hostname="agent-env-1712049c-d6d1-4e6a-9408-05866edeaf39"><testcase classname="backend.tests.test_raw_materials_refactor_v27.TestRawMaterialsFirmAgnostic" name="test_list_raw_materials_returns_global_materials" time="0.573" /><testcase classname="backend.tests.test_raw_materials_refactor_v27.TestRawMaterialsFirmAgnostic" name="test_create_raw_material_without_firm_id" time="0.109" /><testcase classname="backend.tests.test_raw_materials_refactor_v27.TestRawMaterialsFirmAgnostic" name="test_get_single_raw_material_has_stock_by_firm" time="0.249" /><testcase classname="backend.tests.test_raw_materials_refactor_v27.TestInventoryStockEndpoint" name="test_inventory_stock_returns_raw_materials_per_firm" time="0.129" /><testcase classname="backend.tests.test_raw_materials_refactor_v27.TestInventoryStockEndpoint" name="test_inventory_stock_all_types" time="0.184" /><testcase classname="backend.tests.test_raw_materials_refactor_v27.TestProductionRequestsNoLimit" name="test_production_requests_returns_all" time="0.191" /><testcase classname="backend.tests.test_raw_materials_refactor_v27.TestSupervisorPayablesPayment" name="test_list_supervisor_payables" time="0.160" /><testcase classname="backend.tests.test_raw_materials_refactor_v27.TestSupervisorPayablesPayment" name="test_supervisor_payables_payment_endpoint_exists" time="0.279" /><testcase classname="backend.tests.test_raw_materials_refactor_v27.TestRawMaterialLedgerEntry" name="test_create_ledger_entry_for_raw_material" time="0.670" /><testcase classname="backend.tests.test_raw_materials_refactor_v27.TestFirmsEndpoint" name="test_list_firms" time="0.108" /></testsuite></testsuites>