<?xml version="1.0" encoding="utf-8"?><testsuites name="pytest tests"><testsuite name="pytest" errors="0" failures="0" skipped="1" tests="14" time="6.759" timestamp="2026-03-13T07:28:14.938273+00:00" hostname="agent-env-1712049c-d6d1-4e6a-9408-05866edeaf39"><testcase classname="backend.tests.test_accountant_workflow_v7.TestAccountantLogin" name="test_accountant_login" time="0.366" /><testcase classname="backend.tests.test_accountant_workflow_v7.TestTicketsForAccountant" name="test_get_tickets_with_supervisor_action" time="0.444" /><testcase classname="backend.tests.test_accountant_workflow_v7.TestTicketsForAccountant" name="test_get_repaired_tickets" time="0.434" /><testcase classname="backend.tests.test_accountant_workflow_v7.TestUploadPickupLabel" name="test_upload_pickup_label_endpoint" time="0.427"><skipped type="pytest.skip" message="No reverse pickup tickets without label">/app/backend/tests/test_accountant_workflow_v7.py:128: No reverse pickup tickets without label</skipped></testcase><testcase classname="backend.tests.test_accountant_workflow_v7.TestUploadPickupLabel" name="test_ticket_status_after_pickup_label_upload" time="0.442" /><testcase classname="backend.tests.test_accountant_workflow_v7.TestCustomerDownloadPickupLabel" name="test_customer_sees_tickets" time="0.483" /><testcase classname="backend.tests.test_accountant_workflow_v7.TestCustomerDownloadPickupLabel" name="test_customer_ticket_has_pickup_label_info" time="0.431" /><testcase classname="backend.tests.test_accountant_workflow_v7.TestOutboundDispatch" name="test_get_skus_for_dropdown" time="0.423" /><testcase classname="backend.tests.test_accountant_workflow_v7.TestOutboundDispatch" name="test_get_dispatches" time="0.429" /><testcase classname="backend.tests.test_accountant_workflow_v7.TestOutboundDispatch" name="test_dispatches_pending_labels" time="0.454" /><testcase classname="backend.tests.test_accountant_workflow_v7.TestDispatchFromTicket" name="test_create_spare_dispatch_from_ticket" time="0.552" /><testcase classname="backend.tests.test_accountant_workflow_v7.TestRepairedTicketsWorkflow" name="test_repaired_tickets_for_return_dispatch" time="0.936" /><testcase classname="backend.tests.test_accountant_workflow_v7.TestTicketNumberConsistency" name="test_ticket_number_format" time="0.447" /><testcase classname="backend.tests.test_accountant_workflow_v7.TestTicketNumberConsistency" name="test_ticket_number_in_history" time="0.435" /></testsuite></testsuites>