<?xml version="1.0" encoding="utf-8"?><testsuites name="pytest tests"><testsuite name="pytest" errors="0" failures="0" skipped="0" tests="16" time="8.022" timestamp="2026-04-11T17:47:36.949803+00:00" hostname="agent-env-1712049c-d6d1-4e6a-9408-05866edeaf39"><testcase classname="backend.tests.test_iteration_65_bot_enhancements.TestBotEnhancements" name="test_comprehensive_order_endpoint_exists" time="0.439" /><testcase classname="backend.tests.test_iteration_65_bot_enhancements.TestBotEnhancements" name="test_comprehensive_order_8_checks" time="0.410" /><testcase classname="backend.tests.test_iteration_65_bot_enhancements.TestBotEnhancements" name="test_comprehensive_order_summary" time="0.424" /><testcase classname="backend.tests.test_iteration_65_bot_enhancements.TestBotEnhancements" name="test_comprehensive_order_not_found" time="0.380" /><testcase classname="backend.tests.test_iteration_65_bot_enhancements.TestBotEnhancements" name="test_orders_missing_invoices_endpoint" time="0.397" /><testcase classname="backend.tests.test_iteration_65_bot_enhancements.TestBotEnhancements" name="test_orders_missing_invoices_limit" time="0.377" /><testcase classname="backend.tests.test_iteration_65_bot_enhancements.TestBotEnhancements" name="test_chat_endpoint_exists" time="0.428" /><testcase classname="backend.tests.test_iteration_65_bot_enhancements.TestBotEnhancements" name="test_chat_nlp_find_order" time="0.696" /><testcase classname="backend.tests.test_iteration_65_bot_enhancements.TestBotEnhancements" name="test_chat_nlp_fix_invoices" time="0.673" /><testcase classname="backend.tests.test_iteration_65_bot_enhancements.TestBotEnhancements" name="test_chat_nlp_status" time="0.637" /><testcase classname="backend.tests.test_iteration_65_bot_enhancements.TestBotEnhancements" name="test_chat_nlp_stuck_orders" time="0.689" /><testcase classname="backend.tests.test_iteration_65_bot_enhancements.TestBotEnhancements" name="test_chat_nlp_production" time="0.656" /><testcase classname="backend.tests.test_iteration_65_bot_enhancements.TestBotEnhancements" name="test_chat_nlp_help" time="0.437" /><testcase classname="backend.tests.test_iteration_65_bot_enhancements.TestBotEnhancements" name="test_comprehensive_order_requires_auth" time="0.427" /><testcase classname="backend.tests.test_iteration_65_bot_enhancements.TestBotEnhancements" name="test_missing_invoices_requires_auth" time="0.448" /><testcase classname="backend.tests.test_iteration_65_bot_enhancements.TestBotEnhancements" name="test_chat_requires_auth" time="0.446" /></testsuite></testsuites>