<?xml version="1.0" encoding="utf-8"?><testsuites name="pytest tests"><testsuite name="pytest" errors="0" failures="0" skipped="0" tests="13" time="2.600" timestamp="2026-04-10T01:21:00.134385+00:00" hostname="agent-env-1712049c-d6d1-4e6a-9408-05866edeaf39"><testcase classname="backend.tests.test_iteration_55.TestImportCosting" name="test_get_import_shipments" time="0.540" /><testcase classname="backend.tests.test_iteration_55.TestImportCosting" name="test_import_shipment_api_url_correct" time="0.240" /><testcase classname="backend.tests.test_iteration_55.TestSalesRegisterEdit" name="test_get_sales_invoices" time="0.132" /><testcase classname="backend.tests.test_iteration_55.TestSalesRegisterEdit" name="test_sales_invoice_update_endpoint_exists" time="0.322" /><testcase classname="backend.tests.test_iteration_55.TestPurchaseRegisterEdit" name="test_get_purchases" time="0.123" /><testcase classname="backend.tests.test_iteration_55.TestPurchaseRegisterEdit" name="test_purchase_update_endpoint_exists" time="0.231" /><testcase classname="backend.tests.test_iteration_55.TestGSTPlanningData" name="test_get_firms" time="0.140" /><testcase classname="backend.tests.test_iteration_55.TestGSTPlanningData" name="test_finance_dashboard" time="0.142" /><testcase classname="backend.tests.test_iteration_55.TestGSTPlanningData" name="test_firm_financial_summary" time="0.138" /><testcase classname="backend.tests.test_iteration_55.TestGSTPlanningData" name="test_gst_data_from_sales_invoices" time="0.152" /><testcase classname="backend.tests.test_iteration_55.TestGSTPlanningData" name="test_gst_data_from_purchases" time="0.126" /><testcase classname="backend.tests.test_iteration_55.TestAdminOnlyAccess" name="test_sales_invoice_update_requires_admin" time="0.119" /><testcase classname="backend.tests.test_iteration_55.TestAdminOnlyAccess" name="test_purchase_update_requires_admin" time="0.141" /></testsuite></testsuites>