<?xml version="1.0" encoding="utf-8"?><testsuites name="pytest tests"><testsuite name="pytest" errors="0" failures="0" skipped="0" tests="7" time="3.750" timestamp="2026-04-15T08:21:47.373679+00:00" hostname="agent-env-1712049c-d6d1-4e6a-9408-05866edeaf39"><testcase classname="backend.tests.test_dispatch_payment_reference.TestDispatchPaymentReference" name="test_dispatch_without_payment_reference_for_pending_fulfillment" time="0.647" /><testcase classname="backend.tests.test_dispatch_payment_reference.TestDispatchPaymentReference" name="test_dispatch_without_payment_reference_for_amazon_order" time="0.544" /><testcase classname="backend.tests.test_dispatch_payment_reference.TestDispatchPaymentReference" name="test_dispatch_without_payment_reference_for_flipkart_order" time="0.543" /><testcase classname="backend.tests.test_dispatch_payment_reference.TestDispatchPaymentReference" name="test_dispatch_requires_payment_reference_for_direct_order" time="0.529" /><testcase classname="backend.tests.test_dispatch_payment_reference.TestDispatchPaymentReference" name="test_dispatch_with_payment_reference_for_direct_order" time="0.529" /><testcase classname="backend.tests.test_dispatch_payment_reference.TestDispatchPaymentReference" name="test_dispatch_with_empty_payment_reference_for_pending_fulfillment" time="0.537" /><testcase classname="backend.tests.test_dispatch_payment_reference.TestDispatchEndpointAcceptsOptionalPaymentReference" name="test_endpoint_schema_accepts_optional_payment_reference" time="0.362" /></testsuite></testsuites>