<?xml version="1.0" encoding="utf-8"?><testsuites name="pytest tests"><testsuite name="pytest" errors="0" failures="0" skipped="0" tests="10" time="2.970" timestamp="2026-03-16T07:18:24.904149+00:00" hostname="agent-env-1712049c-d6d1-4e6a-9408-05866edeaf39"><testcase classname="backend.tests.test_admin_orders_v13.TestAdminOrders" name="test_get_new_orders" time="0.491" /><testcase classname="backend.tests.test_admin_orders_v13.TestAdminOrders" name="test_order_has_required_fields" time="0.103" /><testcase classname="backend.tests.test_admin_orders_v13.TestAdminOrders" name="test_admin_edit_order" time="0.323" /><testcase classname="backend.tests.test_admin_orders_v13.TestAdminOrders" name="test_admin_edit_order_status" time="0.309" /><testcase classname="backend.tests.test_admin_orders_v13.TestAdminDeleteOrder" name="test_admin_delete_order_flow" time="0.107" /><testcase classname="backend.tests.test_admin_orders_v13.TestTicketReply" name="test_support_can_reply_to_ticket" time="0.457" /><testcase classname="backend.tests.test_admin_orders_v13.TestTicketReply" name="test_reply_with_status_change" time="0.346" /><testcase classname="backend.tests.test_admin_orders_v13.TestTicketReply" name="test_reply_adds_to_history" time="0.557" /><testcase classname="backend.tests.test_admin_orders_v13.TestVoltDoctorTickets" name="test_voltdoctor_tickets_visible" time="0.112" /><testcase classname="backend.tests.test_admin_orders_v13.TestDispatchStats" name="test_orders_stats_calculation" time="0.107" /></testsuite></testsuites>