<?xml version="1.0" encoding="utf-8"?><testsuites name="pytest tests"><testsuite name="pytest" errors="0" failures="0" skipped="0" tests="12" time="3.608" timestamp="2026-04-02T13:00:10.333295+00:00" hostname="agent-env-1712049c-d6d1-4e6a-9408-05866edeaf39"><testcase classname="tests.test_purchase_supplier_parties.TestPurchaseSupplierParties" name="test_get_parties_returns_suppliers" time="0.619" /><testcase classname="tests.test_purchase_supplier_parties.TestPurchaseSupplierParties" name="test_get_parties_with_party_type_filter" time="0.118" /><testcase classname="tests.test_purchase_supplier_parties.TestPurchaseSupplierParties" name="test_get_specific_party" time="0.399" /><testcase classname="tests.test_purchase_supplier_parties.TestPurchaseSupplierParties" name="test_get_purchases" time="0.108" /><testcase classname="tests.test_purchase_supplier_parties.TestPurchaseSupplierParties" name="test_get_firms" time="0.126" /><testcase classname="tests.test_purchase_supplier_parties.TestPurchaseSupplierParties" name="test_get_raw_materials" time="0.110" /><testcase classname="tests.test_purchase_supplier_parties.TestPurchaseSupplierParties" name="test_get_master_skus" time="0.100" /><testcase classname="tests.test_purchase_supplier_parties.TestPurchaseSupplierParties" name="test_excel_sources_includes_parties" time="0.119" /><testcase classname="tests.test_purchase_supplier_parties.TestPurchaseSupplierParties" name="test_excel_export_parties" time="0.539" /><testcase classname="tests.test_purchase_supplier_parties.TestPurchaseSupplierParties" name="test_excel_template_parties" time="0.123" /><testcase classname="tests.test_purchase_supplier_parties.TestPurchaseSupplierParties" name="test_create_purchase_with_supplier" time="0.765" /><testcase classname="tests.test_purchase_supplier_parties.TestPartyMasterCRUD" name="test_create_supplier_party" time="0.428" /></testsuite></testsuites>