<?xml version="1.0" encoding="utf-8"?><testsuites name="pytest tests"><testsuite name="pytest" errors="0" failures="0" skipped="0" tests="11" time="4.488" timestamp="2026-03-25T08:29:43.169793+00:00" hostname="agent-env-1712049c-d6d1-4e6a-9408-05866edeaf39"><testcase classname="backend.tests.test_iteration_34.TestAccountantUserManual" name="test_user_manual_exists" time="0.000" /><testcase classname="backend.tests.test_iteration_34.TestAuthentication" name="test_admin_login" time="0.429" /><testcase classname="backend.tests.test_iteration_34.TestAuthentication" name="test_accountant_login" time="0.318" /><testcase classname="backend.tests.test_iteration_34.TestGateControlAccessForAccountant" name="test_accountant_can_access_gate_scheduled" time="0.456" /><testcase classname="backend.tests.test_iteration_34.TestGateControlAccessForAccountant" name="test_accountant_can_access_gate_logs" time="0.456" /><testcase classname="backend.tests.test_iteration_34.TestGateControlAccessForAccountant" name="test_accountant_can_post_gate_scan" time="0.437" /><testcase classname="backend.tests.test_iteration_34.TestFinanceAndPurchaseAPIs" name="test_finance_dashboard_api" time="0.516" /><testcase classname="backend.tests.test_iteration_34.TestFinanceAndPurchaseAPIs" name="test_purchases_api" time="0.461" /><testcase classname="backend.tests.test_iteration_34.TestFinanceAndPurchaseAPIs" name="test_firms_api" time="0.426" /><testcase classname="backend.tests.test_iteration_34.TestTechnicianAndSupervisorAPIs" name="test_technician_queue_api" time="0.472" /><testcase classname="backend.tests.test_iteration_34.TestTechnicianAndSupervisorAPIs" name="test_supervisor_stats_api" time="0.419" /></testsuite></testsuites>