<?xml version="1.0" encoding="utf-8"?><testsuites name="pytest tests"><testsuite name="pytest" errors="0" failures="0" skipped="0" tests="11" time="4.145" timestamp="2026-04-05T13:36:18.915779+00:00" hostname="agent-env-1712049c-d6d1-4e6a-9408-05866edeaf39"><testcase classname="backend.tests.test_amazon_tracking_expenses_v47.TestAuth" name="test_login_success" time="0.477" /><testcase classname="backend.tests.test_amazon_tracking_expenses_v47.TestExpensesAPI" name="test_expenses_list_endpoint" time="0.470" /><testcase classname="backend.tests.test_amazon_tracking_expenses_v47.TestExpensesAPI" name="test_create_expense_with_gross_amount" time="0.661" /><testcase classname="backend.tests.test_amazon_tracking_expenses_v47.TestAmazonTrackingAPI" name="test_amazon_tracking_endpoint_exists" time="0.554" /><testcase classname="backend.tests.test_amazon_tracking_expenses_v47.TestAmazonTrackingAPI" name="test_amazon_tracking_mfn_validation_requires_customer_name" time="0.162" /><testcase classname="backend.tests.test_amazon_tracking_expenses_v47.TestAmazonTrackingAPI" name="test_amazon_tracking_phone_validation" time="0.136" /><testcase classname="backend.tests.test_amazon_tracking_expenses_v47.TestPendingFulfillmentAPI" name="test_pending_fulfillment_list_endpoint" time="0.426" /><testcase classname="backend.tests.test_amazon_tracking_expenses_v47.TestPendingFulfillmentAPI" name="test_dispatch_pending_fulfillment_endpoint_exists" time="0.100" /><testcase classname="backend.tests.test_amazon_tracking_expenses_v47.TestSalesOrdersAPI" name="test_sales_orders_endpoint" time="0.442" /><testcase classname="backend.tests.test_amazon_tracking_expenses_v47.TestSalesOrdersAPI" name="test_sales_orders_new_orders_tab" time="0.097" /><testcase classname="backend.tests.test_amazon_tracking_expenses_v47.TestAmazonOrdersAPI" name="test_amazon_orders_endpoint" time="0.554" /></testsuite></testsuites>