<?xml version="1.0" encoding="utf-8"?><testsuites name="pytest tests"><testsuite name="pytest" errors="0" failures="0" skipped="0" tests="9" time="2.562" timestamp="2026-04-11T01:27:25.151279+00:00" hostname="agent-env-1712049c-d6d1-4e6a-9408-05866edeaf39"><testcase classname="backend.tests.test_iteration_60.TestAgentPerformance" name="test_agent_performance_endpoint_exists" time="0.485" /><testcase classname="backend.tests.test_iteration_60.TestAgentPerformance" name="test_agent_performance_with_days_param" time="0.119" /><testcase classname="backend.tests.test_iteration_60.TestAgentPerformance" name="test_agent_performance_data_structure" time="0.113" /><testcase classname="backend.tests.test_iteration_60.TestAgentPerformance" name="test_agent_performance_requires_auth" time="0.119" /><testcase classname="backend.tests.test_iteration_60.TestAgentPerformance" name="test_agent_performance_requires_admin_or_supervisor" time="0.098" /><testcase classname="backend.tests.test_iteration_60.TestCallSupportAccess" name="test_smartflo_dashboard_accessible" time="0.513" /><testcase classname="backend.tests.test_iteration_60.TestCallSupportAccess" name="test_my_calls_endpoint_exists" time="0.142" /><testcase classname="backend.tests.test_iteration_60.TestAIAnalysisPrompt" name="test_call_outcomes_endpoint" time="0.449" /><testcase classname="backend.tests.test_iteration_60.TestTicketsEndpoint" name="test_tickets_endpoint_returns_phone_numbers" time="0.463" /></testsuite></testsuites>