<?xml version="1.0" encoding="utf-8"?><testsuites name="pytest tests"><testsuite name="pytest" errors="0" failures="0" skipped="0" tests="16" time="6.565" timestamp="2026-04-13T12:34:54.479028+00:00" hostname="agent-env-1712049c-d6d1-4e6a-9408-05866edeaf39"><testcase classname="backend.tests.test_iteration_77_bot_dispatch.TestBotDispatchEndpoint" name="test_dispatch_endpoint_accepts_courier_parameter" time="0.521" /><testcase classname="backend.tests.test_iteration_77_bot_dispatch.TestBotDispatchEndpoint" name="test_dispatch_endpoint_accepts_bigship_order_id_parameter" time="0.446" /><testcase classname="backend.tests.test_iteration_77_bot_dispatch.TestBotDispatchEndpoint" name="test_dispatch_endpoint_accepts_all_new_parameters" time="0.457" /><testcase classname="backend.tests.test_iteration_77_bot_dispatch.TestBotDispatchEndpoint" name="test_dispatch_endpoint_requires_auth" time="0.115" /><testcase classname="backend.tests.test_iteration_77_bot_dispatch.TestBotDispatchEndpoint" name="test_update_tracking_endpoint_exists" time="0.471" /><testcase classname="backend.tests.test_iteration_77_bot_dispatch.TestBotDispatchEndpoint" name="test_update_tracking_requires_auth" time="0.106" /><testcase classname="backend.tests.test_iteration_77_bot_dispatch.TestBotDispatchEndpoint" name="test_update_tracking_requires_order_id" time="0.425" /><testcase classname="backend.tests.test_iteration_77_bot_dispatch.TestBotDispatchEndpoint" name="test_update_tracking_requires_tracking_id" time="0.440" /><testcase classname="backend.tests.test_iteration_77_bot_dispatch.TestBotDispatchWithRealData" name="test_get_pending_fulfillment_list" time="0.415" /><testcase classname="backend.tests.test_iteration_77_bot_dispatch.TestBotDispatchWithRealData" name="test_dispatch_validation_without_confirmation" time="0.468" /><testcase classname="backend.tests.test_iteration_77_bot_dispatch.TestBigshipLabelValidation" name="test_dispatch_endpoint_signature" time="0.384" /><testcase classname="backend.tests.test_iteration_77_bot_dispatch.TestUpdateTrackingEndpoint" name="test_update_tracking_searches_pending_fulfillment" time="0.463" /><testcase classname="backend.tests.test_iteration_77_bot_dispatch.TestUpdateTrackingEndpoint" name="test_update_tracking_searches_dispatches" time="0.489" /><testcase classname="backend.tests.test_iteration_77_bot_dispatch.TestUpdateTrackingEndpoint" name="test_update_tracking_returns_404_for_nonexistent" time="0.410" /><testcase classname="backend.tests.test_iteration_77_bot_dispatch.TestDispatchRecordFields" name="test_dispatch_response_model_has_courier_field" time="0.381" /><testcase classname="backend.tests.test_iteration_77_bot_dispatch.TestDispatchRecordFields" name="test_prepare_dispatch_endpoint" time="0.501" /></testsuite></testsuites>