<?xml version="1.0" encoding="utf-8"?><testsuites name="pytest tests"><testsuite name="pytest" errors="0" failures="0" skipped="0" tests="18" time="3.716" timestamp="2026-03-19T11:37:50.314588+00:00" hostname="agent-env-1712049c-d6d1-4e6a-9408-05866edeaf39"><testcase classname="backend.tests.test_appointments_feedback_v14.TestAuthentication" name="test_customer_login" time="0.425" /><testcase classname="backend.tests.test_appointments_feedback_v14.TestAuthentication" name="test_supervisor_login" time="0.306" /><testcase classname="backend.tests.test_appointments_feedback_v14.TestAuthentication" name="test_call_support_login" time="0.309" /><testcase classname="backend.tests.test_appointments_feedback_v14.TestAuthentication" name="test_accountant_login" time="0.308" /><testcase classname="backend.tests.test_appointments_feedback_v14.TestAuthentication" name="test_admin_login" time="0.306" /><testcase classname="backend.tests.test_appointments_feedback_v14.TestAppointmentSystem" name="test_get_available_slots" time="0.366" /><testcase classname="backend.tests.test_appointments_feedback_v14.TestAppointmentSystem" name="test_customer_get_appointments" time="0.052" /><testcase classname="backend.tests.test_appointments_feedback_v14.TestSupervisorCalendar" name="test_supervisor_get_appointments" time="0.367" /><testcase classname="backend.tests.test_appointments_feedback_v14.TestSupervisorCalendar" name="test_supervisor_get_availability" time="0.061" /><testcase classname="backend.tests.test_appointments_feedback_v14.TestSupervisorCalendar" name="test_supervisor_update_availability" time="0.066" /><testcase classname="backend.tests.test_appointments_feedback_v14.TestFeedbackSystem" name="test_feedback_endpoint_exists" time="0.057" /><testcase classname="backend.tests.test_appointments_feedback_v14.TestFeedbackSystem" name="test_pending_feedback_endpoint" time="0.083" /><testcase classname="backend.tests.test_appointments_feedback_v14.TestFeedbackCallsForCallSupport" name="test_call_support_get_feedback_calls" time="0.343" /><testcase classname="backend.tests.test_appointments_feedback_v14.TestAmazonOrderDispatch" name="test_admin_stats_endpoint" time="0.344" /><testcase classname="backend.tests.test_appointments_feedback_v14.TestAmazonOrderDispatch" name="test_admin_get_dispatches" time="0.053" /><testcase classname="backend.tests.test_appointments_feedback_v14.TestCustomerTicketsFeedback" name="test_customer_get_tickets" time="0.053" /><testcase classname="backend.tests.test_appointments_feedback_v14.TestAdminAnalytics" name="test_admin_agent_performance" time="0.096" /><testcase classname="backend.tests.test_appointments_feedback_v14.TestAdminAnalytics" name="test_admin_feedback_call_performance" time="0.055" /></testsuite></testsuites>