<?xml version="1.0" encoding="utf-8"?><testsuites name="pytest tests"><testsuite name="pytest" errors="0" failures="0" skipped="2" tests="14" time="6.295" timestamp="2026-04-05T15:10:28.039157+00:00" hostname="agent-env-1712049c-d6d1-4e6a-9408-05866edeaf39"><testcase classname="backend.tests.test_amazon_sku_mapping_flow_v49.TestAmazonSKUMappingFlow" name="test_01_admin_login" time="0.392" /><testcase classname="backend.tests.test_amazon_sku_mapping_flow_v49.TestAmazonSKUMappingFlow" name="test_02_get_firms" time="0.378" /><testcase classname="backend.tests.test_amazon_sku_mapping_flow_v49.TestAmazonSKUMappingFlow" name="test_03_get_amazon_orders" time="0.548" /><testcase classname="backend.tests.test_amazon_sku_mapping_flow_v49.TestAmazonSKUMappingFlow" name="test_04_update_tracking_rejects_unmapped_skus" time="0.452"><skipped type="pytest.skip" message="No pending orders to test">/app/backend/tests/test_amazon_sku_mapping_flow_v49.py:133: No pending orders to test</skipped></testcase><testcase classname="backend.tests.test_amazon_sku_mapping_flow_v49.TestAmazonSKUMappingFlow" name="test_05_get_unmapped_skus_endpoint" time="0.435" /><testcase classname="backend.tests.test_amazon_sku_mapping_flow_v49.TestAmazonSKUMappingFlow" name="test_06_pending_fulfillment_has_sku_info" time="0.437" /><testcase classname="backend.tests.test_amazon_sku_mapping_flow_v49.TestAmazonSKUMappingFlow" name="test_07_pending_fulfillment_stock_check" time="0.463" /><testcase classname="backend.tests.test_amazon_sku_mapping_flow_v49.TestAmazonSKUMappingFlow" name="test_08_push_tracking_403_error_handling" time="0.417"><skipped type="pytest.skip" message="No orders with tracking to test push">/app/backend/tests/test_amazon_sku_mapping_flow_v49.py:243: No orders with tracking to test push</skipped></testcase><testcase classname="backend.tests.test_amazon_sku_mapping_flow_v49.TestAmazonSKUMappingFlow" name="test_09_sku_mapping_endpoint" time="0.480" /><testcase classname="backend.tests.test_amazon_sku_mapping_flow_v49.TestAmazonSKUMappingFlow" name="test_10_order_items_have_mapping_info" time="0.430" /><testcase classname="backend.tests.test_amazon_sku_mapping_flow_v49.TestAmazonOrderEndpoints" name="test_amazon_orders_endpoint" time="0.418" /><testcase classname="backend.tests.test_amazon_sku_mapping_flow_v49.TestAmazonOrderEndpoints" name="test_update_tracking_endpoint_exists" time="0.427" /><testcase classname="backend.tests.test_amazon_sku_mapping_flow_v49.TestAmazonOrderEndpoints" name="test_push_tracking_endpoint_exists" time="0.561" /><testcase classname="backend.tests.test_amazon_sku_mapping_flow_v49.TestAmazonOrderEndpoints" name="test_pending_fulfillment_endpoint" time="0.385" /></testsuite></testsuites>