<?xml version="1.0" encoding="utf-8"?><testsuites name="pytest tests"><testsuite name="pytest" errors="0" failures="0" skipped="0" tests="10" time="3.790" timestamp="2026-04-04T10:09:24.365738+00:00" hostname="agent-env-1712049c-d6d1-4e6a-9408-05866edeaf39"><testcase classname="backend.tests.test_production_receive_bug.TestProductionReceiveBugFix" name="test_inventory_ledger_endpoint_returns_data" time="0.395" /><testcase classname="backend.tests.test_production_receive_bug.TestProductionReceiveBugFix" name="test_production_output_entries_have_positive_quantity" time="0.372" /><testcase classname="backend.tests.test_production_receive_bug.TestProductionReceiveBugFix" name="test_production_consume_entries_have_negative_quantity" time="0.363" /><testcase classname="backend.tests.test_production_receive_bug.TestProductionReceiveBugFix" name="test_production_requests_endpoint" time="0.362" /><testcase classname="backend.tests.test_production_receive_bug.TestProductionReceiveBugFix" name="test_stock_ledger_report_shows_correct_quantities" time="0.364" /><testcase classname="backend.tests.test_production_receive_bug.TestProductionReceiveBugFix" name="test_firms_endpoint" time="0.365" /><testcase classname="backend.tests.test_production_receive_bug.TestProductionReceiveBugFix" name="test_master_skus_with_bom" time="0.379" /><testcase classname="backend.tests.test_production_receive_bug.TestProductionReceiveBugFix" name="test_raw_materials_endpoint" time="0.391" /><testcase classname="backend.tests.test_production_receive_bug.TestAtomicValidation" name="test_receive_production_validates_all_materials_first" time="0.368" /><testcase classname="backend.tests.test_production_receive_bug.TestAtomicValidation" name="test_ledger_entry_types_are_correct" time="0.378" /></testsuite></testsuites>