<?xml version="1.0" encoding="utf-8"?><testsuites name="pytest tests"><testsuite name="pytest" errors="0" failures="0" skipped="1" tests="17" time="8.207" timestamp="2026-03-25T10:17:03.618577+00:00" hostname="agent-env-1712049c-d6d1-4e6a-9408-05866edeaf39"><testcase classname="backend.tests.test_iteration_36.TestAuthentication" name="test_admin_login" time="0.390" /><testcase classname="backend.tests.test_iteration_36.TestAuthentication" name="test_call_support_login" time="0.330" /><testcase classname="backend.tests.test_iteration_36.TestCallSupportFirmsAccess" name="test_call_support_can_access_firms" time="0.427" /><testcase classname="backend.tests.test_iteration_36.TestCallSupportFirmsAccess" name="test_call_support_can_access_quotations" time="0.428" /><testcase classname="backend.tests.test_iteration_36.TestCallSupportFirmsAccess" name="test_call_support_cannot_access_master_skus_BUG" time="0.429" /><testcase classname="backend.tests.test_iteration_36.TestReconciliationReports" name="test_reconciliation_endpoint_exists" time="0.427" /><testcase classname="backend.tests.test_iteration_36.TestReconciliationReports" name="test_reconciliation_has_purchase_section" time="0.443" /><testcase classname="backend.tests.test_iteration_36.TestReconciliationReports" name="test_reconciliation_has_sales_section" time="0.453" /><testcase classname="backend.tests.test_iteration_36.TestReconciliationReports" name="test_reconciliation_has_payment_section" time="0.425" /><testcase classname="backend.tests.test_iteration_36.TestReconciliationReports" name="test_reconciliation_has_gst_section" time="0.436" /><testcase classname="backend.tests.test_iteration_36.TestReconciliationReports" name="test_reconciliation_has_discrepancies" time="0.429" /><testcase classname="backend.tests.test_iteration_36.TestReconciliationReports" name="test_reconciliation_with_month_filter" time="0.423" /><testcase classname="backend.tests.test_iteration_36.TestReconciliationReports" name="test_reconciliation_with_firm_filter" time="0.547" /><testcase classname="backend.tests.test_iteration_36.TestCustomerQuotationsEndpoint" name="test_customer_quotations_endpoint_exists" time="0.416" /><testcase classname="backend.tests.test_iteration_36.TestPINotifications" name="test_notifications_endpoint_exists" time="0.435" /><testcase classname="backend.tests.test_iteration_36.TestPINotifications" name="test_create_and_approve_quotation_creates_notification" time="0.975"><skipped type="pytest.skip" message="Could not create test quotation">/app/backend/tests/test_iteration_36.py:301: Could not create test quotation</skipped></testcase><testcase classname="backend.tests.test_iteration_36.TestCallSupportQuotationCreation" name="test_call_support_partial_quotation_flow_BUG" time="0.707" /></testsuite></testsuites>