<?xml version="1.0" encoding="utf-8"?><testsuites name="pytest tests"><testsuite name="pytest" errors="0" failures="0" skipped="0" tests="14" time="5.605" timestamp="2026-04-05T15:33:38.934794+00:00" hostname="agent-env-1712049c-d6d1-4e6a-9408-05866edeaf39"><testcase classname="backend.tests.test_amazon_alias_mapping_v50.TestAmazonAliasMapping" name="test_01_login_success" time="0.409" /><testcase classname="backend.tests.test_amazon_alias_mapping_v50.TestAmazonAliasMapping" name="test_02_get_firms" time="0.390" /><testcase classname="backend.tests.test_amazon_alias_mapping_v50.TestAmazonAliasMapping" name="test_03_get_amazon_orders" time="0.397" /><testcase classname="backend.tests.test_amazon_alias_mapping_v50.TestAmazonAliasMapping" name="test_04_get_unmapped_skus" time="0.386" /><testcase classname="backend.tests.test_amazon_alias_mapping_v50.TestAmazonAliasMapping" name="test_05_get_master_skus" time="0.406" /><testcase classname="backend.tests.test_amazon_alias_mapping_v50.TestAmazonAliasMapping" name="test_06_sync_alias_mappings_endpoint" time="0.390" /><testcase classname="backend.tests.test_amazon_alias_mapping_v50.TestAmazonAliasMapping" name="test_07_get_sku_mappings" time="0.386" /><testcase classname="backend.tests.test_amazon_alias_mapping_v50.TestAmazonAliasMapping" name="test_08_check_orders_with_mapped_skus" time="0.389" /><testcase classname="backend.tests.test_amazon_alias_mapping_v50.TestAmazonAliasMapping" name="test_09_get_pending_fulfillment_queue" time="0.383" /><testcase classname="backend.tests.test_amazon_alias_mapping_v50.TestAmazonAliasMapping" name="test_10_check_pending_fulfillment_has_master_sku" time="0.390" /><testcase classname="backend.tests.test_amazon_alias_mapping_v50.TestAmazonAliasMapping" name="test_11_check_ready_to_dispatch_filter" time="0.392" /><testcase classname="backend.tests.test_amazon_alias_mapping_v50.TestAmazonAliasMapping" name="test_12_verify_tracking_validation_requires_mapping" time="0.435" /><testcase classname="backend.tests.test_amazon_alias_mapping_v50.TestAmazonAliasMapping" name="test_13_verify_order_with_tracking_in_queue" time="0.376" /><testcase classname="backend.tests.test_amazon_alias_mapping_v50.TestAmazonOrderStats" name="test_stats_structure" time="0.405" /></testsuite></testsuites>