<?xml version="1.0" encoding="utf-8"?><testsuites name="pytest tests"><testsuite name="pytest" errors="0" failures="0" skipped="5" tests="22" time="10.140" timestamp="2026-04-13T07:33:42.790037+00:00" hostname="agent-env-1712049c-d6d1-4e6a-9408-05866edeaf39"><testcase classname="backend.tests.test_iteration_73_amazon_order_stock_deduction.TestAmazonOrderStockDeduction" name="test_01_universal_search_finds_amazon_orders" time="0.461"><skipped type="pytest.skip" message="No amazon orders available">/app/backend/tests/test_iteration_73_amazon_order_stock_deduction.py:71: No amazon orders available</skipped></testcase><testcase classname="backend.tests.test_iteration_73_amazon_order_stock_deduction.TestAmazonOrderStockDeduction" name="test_02_universal_search_returns_in_crm_status" time="0.525" /><testcase classname="backend.tests.test_iteration_73_amazon_order_stock_deduction.TestAmazonOrderStockDeduction" name="test_03_import_amazon_to_crm_creates_pending_fulfillment" time="0.429" /><testcase classname="backend.tests.test_iteration_73_amazon_order_stock_deduction.TestAmazonOrderStockDeduction" name="test_04_mfn_order_requires_tracking_id" time="0.510" /><testcase classname="backend.tests.test_iteration_73_amazon_order_stock_deduction.TestAmazonOrderStockDeduction" name="test_05_mfn_order_requires_invoice_upload" time="0.527" /><testcase classname="backend.tests.test_iteration_73_amazon_order_stock_deduction.TestAmazonOrderStockDeduction" name="test_06_mfn_order_requires_shipping_label" time="0.512" /><testcase classname="backend.tests.test_iteration_73_amazon_order_stock_deduction.TestAmazonOrderStockDeduction" name="test_07_easyship_orders_exist_in_system" time="0.518" /><testcase classname="backend.tests.test_iteration_73_amazon_order_stock_deduction.TestAmazonOrderStockDeduction" name="test_08_move_to_pending_fulfillment_returns_stock_info" time="0.416"><skipped type="pytest.skip" message="No amazon orders available">/app/backend/tests/test_iteration_73_amazon_order_stock_deduction.py:300: No amazon orders available</skipped></testcase><testcase classname="backend.tests.test_iteration_73_amazon_order_stock_deduction.TestAmazonOrderStockDeduction" name="test_09_bot_dispatch_creates_dispatch_entry" time="0.514" /><testcase classname="backend.tests.test_iteration_73_amazon_order_stock_deduction.TestAmazonOrderStockDeduction" name="test_10_bot_dispatch_prevents_duplicates" time="0.418"><skipped type="pytest.skip" message="No dispatches in queue">/app/backend/tests/test_iteration_73_amazon_order_stock_deduction.py:388: No dispatches in queue</skipped></testcase><testcase classname="backend.tests.test_iteration_73_amazon_order_stock_deduction.TestAmazonOrderStockDeduction" name="test_11_dispatcher_queue_endpoint_works" time="0.418" /><testcase classname="backend.tests.test_iteration_73_amazon_order_stock_deduction.TestAmazonOrderStockDeduction" name="test_12_dispatcher_status_change_endpoint_exists" time="0.435" /><testcase classname="backend.tests.test_iteration_73_amazon_order_stock_deduction.TestAmazonOrderStockDeduction" name="test_13_inventory_ledger_endpoint_exists" time="0.415" /><testcase classname="backend.tests.test_iteration_73_amazon_order_stock_deduction.TestAmazonOrderStockDeduction" name="test_14_dispatch_out_entries_in_ledger" time="0.418" /><testcase classname="backend.tests.test_iteration_73_amazon_order_stock_deduction.TestAmazonOrderStockDeduction" name="test_15_stock_deduction_on_dispatch_status_change" time="0.418"><skipped type="pytest.skip" message="No dispatches ready for dispatch">/app/backend/tests/test_iteration_73_amazon_order_stock_deduction.py:480: No dispatches ready for dispatch</skipped></testcase><testcase classname="backend.tests.test_iteration_73_amazon_order_stock_deduction.TestAmazonOrderStockDeduction" name="test_16_finished_good_serials_collection_exists" time="0.427" /><testcase classname="backend.tests.test_iteration_73_amazon_order_stock_deduction.TestAmazonOrderStockDeduction" name="test_17_manufactured_items_have_serials" time="0.444" /><testcase classname="backend.tests.test_iteration_73_amazon_order_stock_deduction.TestAmazonOrderStockDeduction" name="test_18_traded_items_use_inventory_ledger" time="0.439" /><testcase classname="backend.tests.test_iteration_73_amazon_order_stock_deduction.TestAmazonOrderStockDeduction" name="test_19_pending_fulfillment_status_values" time="0.454" /><testcase classname="backend.tests.test_iteration_73_amazon_order_stock_deduction.TestAmazonOrderStockDeduction" name="test_20_pending_fulfillment_shows_stock_availability" time="0.457" /><testcase classname="backend.tests.test_iteration_73_amazon_order_stock_deduction.TestAmazonOrderStockDeduction" name="test_21_audit_logs_track_dispatch_stock_deduction" time="0.467" /><testcase classname="backend.tests.test_iteration_73_amazon_order_stock_deduction.TestAmazonOrderStockDeduction" name="test_22_complete_amazon_order_flow" time="0.438"><skipped type="pytest.skip" message="No amazon orders available">/app/backend/tests/test_iteration_73_amazon_order_stock_deduction.py:632: No amazon orders available</skipped></testcase></testsuite></testsuites>