<?xml version="1.0" encoding="utf-8"?><testsuites name="pytest tests"><testsuite name="pytest" errors="0" failures="0" skipped="0" tests="14" time="57.702" timestamp="2026-04-08T05:59:15.252598+00:00" hostname="agent-env-1712049c-d6d1-4e6a-9408-05866edeaf39"><testcase classname="backend.tests.test_amazon_history_sync_v51.TestAmazonHistorySync" name="test_01_login_success" time="5.495" /><testcase classname="backend.tests.test_amazon_history_sync_v51.TestAmazonHistorySync" name="test_02_list_amazon_orders_returns_amazon_shipped_stat" time="0.435" /><testcase classname="backend.tests.test_amazon_history_sync_v51.TestAmazonHistorySync" name="test_03_fetch_orders_endpoint_accepts_created_after_date" time="47.228" /><testcase classname="backend.tests.test_amazon_history_sync_v51.TestAmazonHistorySync" name="test_04_fetch_orders_invalid_date_format" time="0.538" /><testcase classname="backend.tests.test_amazon_history_sync_v51.TestAmazonHistorySync" name="test_05_get_amazon_orders_with_amazon_shipped_status" time="0.394" /><testcase classname="backend.tests.test_amazon_history_sync_v51.TestAmazonHistorySync" name="test_06_update_tracking_requires_customer_details_for_history_orders" time="0.426" /><testcase classname="backend.tests.test_amazon_history_sync_v51.TestAmazonHistorySync" name="test_07_update_tracking_validates_phone_format" time="0.425" /><testcase classname="backend.tests.test_amazon_history_sync_v51.TestAmazonHistorySync" name="test_08_check_pending_fulfillment_has_is_history_order_field" time="0.373" /><testcase classname="backend.tests.test_amazon_history_sync_v51.TestAmazonHistorySync" name="test_09_verify_amazon_orders_schema" time="0.403" /><testcase classname="backend.tests.test_amazon_history_sync_v51.TestAmazonHistorySync" name="test_10_verify_stats_calculation" time="0.424" /><testcase classname="backend.tests.test_amazon_history_sync_v51.TestAmazonHistorySync" name="test_11_verify_unmapped_skus_endpoint" time="0.384" /><testcase classname="backend.tests.test_amazon_history_sync_v51.TestAmazonHistorySync" name="test_12_verify_sku_mappings_endpoint" time="0.370" /><testcase classname="backend.tests.test_amazon_history_sync_v51.TestAmazonHistorySync" name="test_13_verify_credentials_check_endpoint" time="0.372" /><testcase classname="backend.tests.test_amazon_history_sync_v51.TestAmazonHistorySync" name="test_14_verify_firms_endpoint" time="0.366" /></testsuite></testsuites>