<?xml version="1.0" encoding="utf-8"?><testsuites name="pytest tests"><testsuite name="pytest" errors="0" failures="0" skipped="0" tests="11" time="5.457" timestamp="2026-04-11T21:39:42.397305+00:00" hostname="agent-env-1712049c-d6d1-4e6a-9408-05866edeaf39"><testcase classname="backend.tests.test_iteration_72_offline_order_flow.TestOfflineOrderFlow" name="test_01_admin_login" time="0.458" /><testcase classname="backend.tests.test_iteration_72_offline_order_flow.TestOfflineOrderFlow" name="test_02_bot_firms_endpoint" time="0.388" /><testcase classname="backend.tests.test_iteration_72_offline_order_flow.TestOfflineOrderFlow" name="test_03_search_products_with_stock_endpoint" time="0.441" /><testcase classname="backend.tests.test_iteration_72_offline_order_flow.TestOfflineOrderFlow" name="test_04_default_warranty_years_calculation" time="0.544" /><testcase classname="backend.tests.test_iteration_72_offline_order_flow.TestOfflineOrderFlow" name="test_05_customer_search_endpoint" time="0.447" /><testcase classname="backend.tests.test_iteration_72_offline_order_flow.TestOfflineOrderFlow" name="test_06_create_party_endpoint" time="0.388" /><testcase classname="backend.tests.test_iteration_72_offline_order_flow.TestOfflineOrderFlow" name="test_07_create_offline_order_endpoint" time="0.528" /><testcase classname="backend.tests.test_iteration_72_offline_order_flow.TestOfflineOrderFlow" name="test_08_verify_pending_fulfillment_created" time="0.699" /><testcase classname="backend.tests.test_iteration_72_offline_order_flow.TestOfflineOrderFlow" name="test_09_search_manufactured_products_with_serials" time="0.436" /><testcase classname="backend.tests.test_iteration_72_offline_order_flow.TestOfflineOrderFlow" name="test_10_create_offline_order_with_credit" time="0.533" /><testcase classname="backend.tests.test_iteration_72_offline_order_flow.TestOfflineOrderFlow" name="test_11_create_offline_order_with_partial_payment" time="0.523" /></testsuite></testsuites>