<?xml version="1.0" encoding="utf-8"?><testsuites name="pytest tests"><testsuite name="pytest" errors="0" failures="0" skipped="0" tests="28" time="8.995" timestamp="2026-03-12T22:43:46.564311+00:00" hostname="agent-env-1712049c-d6d1-4e6a-9408-05866edeaf39"><testcase classname="tests.test_crm_api.TestAdminAuthentication" name="test_admin_login_success" time="0.362" /><testcase classname="tests.test_crm_api.TestAdminAuthentication" name="test_admin_login_invalid_password" time="0.278" /><testcase classname="tests.test_crm_api.TestAdminAuthentication" name="test_admin_dashboard_stats" time="0.323" /><testcase classname="tests.test_crm_api.TestAdminCustomerManagement" name="test_admin_view_all_customers" time="0.348" /><testcase classname="tests.test_crm_api.TestAdminCustomerManagement" name="test_admin_search_customers" time="0.320" /><testcase classname="tests.test_crm_api.TestAdminCustomerManagement" name="test_admin_customer_details_with_warranties_and_tickets" time="0.364" /><testcase classname="tests.test_crm_api.TestCustomerAuthentication" name="test_customer_login_ami_t" time="0.276" /><testcase classname="tests.test_crm_api.TestCustomerAuthentication" name="test_customer_login_manas" time="0.284" /><testcase classname="tests.test_crm_api.TestCustomerDashboard" name="test_customer_dashboard_stats" time="0.326" /><testcase classname="tests.test_crm_api.TestCustomerDashboard" name="test_customer_view_tickets" time="0.337" /><testcase classname="tests.test_crm_api.TestCustomerDashboard" name="test_customer_view_warranties" time="0.323" /><testcase classname="tests.test_crm_api.TestCustomerDashboard" name="test_customer_create_ticket" time="0.401" /><testcase classname="tests.test_crm_api.TestCallSupportRole" name="test_support_login" time="0.272" /><testcase classname="tests.test_crm_api.TestCallSupportRole" name="test_support_view_tickets" time="0.339" /><testcase classname="tests.test_crm_api.TestDispatcherRole" name="test_dispatcher_login" time="0.291" /><testcase classname="tests.test_crm_api.TestDispatcherRole" name="test_dispatcher_view_queue" time="0.333" /><testcase classname="tests.test_crm_api.TestAccountantRole" name="test_accountant_login" time="0.269" /><testcase classname="tests.test_crm_api.TestAccountantRole" name="test_accountant_view_dispatches" time="0.333" /><testcase classname="tests.test_crm_api.TestTechnicianRole" name="test_technician_login" time="0.274" /><testcase classname="tests.test_crm_api.TestTechnicianRole" name="test_technician_view_repair_queue" time="0.324" /><testcase classname="tests.test_crm_api.TestGateRole" name="test_gate_login" time="0.277" /><testcase classname="tests.test_crm_api.TestGateRole" name="test_gate_view_expected" time="0.327" /><testcase classname="tests.test_crm_api.TestRoleBasedAccessControl" name="test_customer_cannot_access_admin_stats" time="0.314" /><testcase classname="tests.test_crm_api.TestRoleBasedAccessControl" name="test_customer_cannot_access_admin_customers" time="0.339" /><testcase classname="tests.test_crm_api.TestRoleBasedAccessControl" name="test_support_can_access_tickets" time="0.323" /><testcase classname="tests.test_crm_api.TestWarrantyEndpoints" name="test_admin_view_warranties" time="0.322" /><testcase classname="tests.test_crm_api.TestTicketManagement" name="test_admin_view_all_tickets" time="0.330" /><testcase classname="tests.test_crm_api.TestTicketManagement" name="test_ticket_has_required_fields" time="0.325" /></testsuite></testsuites>