<?xml version="1.0" encoding="utf-8"?><testsuites name="pytest tests"><testsuite name="pytest" errors="0" failures="0" skipped="0" tests="14" time="15.513" timestamp="2026-04-02T19:54:53.932323+00:00" hostname="agent-env-1712049c-d6d1-4e6a-9408-05866edeaf39"><testcase classname="backend.tests.test_gate_media.TestGateMediaFeatures" name="test_gate_scan_inward" time="0.486" /><testcase classname="backend.tests.test_gate_media.TestGateMediaFeatures" name="test_gate_scan_outward" time="0.437" /><testcase classname="backend.tests.test_gate_media.TestGateMediaFeatures" name="test_gate_scan_invalid_type" time="0.397" /><testcase classname="backend.tests.test_gate_media.TestGateMediaFeatures" name="test_media_upload_image" time="2.956" /><testcase classname="backend.tests.test_gate_media.TestGateMediaFeatures" name="test_media_upload_invalid_gate_log" time="0.502" /><testcase classname="backend.tests.test_gate_media.TestGateMediaFeatures" name="test_complete_inward_requires_2_images" time="1.387" /><testcase classname="backend.tests.test_gate_media.TestGateMediaFeatures" name="test_complete_outward_requires_1_image" time="0.452" /><testcase classname="backend.tests.test_gate_media.TestGateMediaFeatures" name="test_complete_inward_with_2_images_success" time="2.862" /><testcase classname="backend.tests.test_gate_media.TestGateMediaFeatures" name="test_complete_outward_with_1_image_success" time="1.936" /><testcase classname="backend.tests.test_gate_media.TestGateMediaFeatures" name="test_get_gate_logs" time="0.480" /><testcase classname="backend.tests.test_gate_media.TestGateMediaFeatures" name="test_get_scheduled_parcels" time="0.400" /><testcase classname="backend.tests.test_gate_media.TestGateMediaFeatures" name="test_get_media_by_gate_log" time="1.328" /><testcase classname="backend.tests.test_gate_media.TestIncomingQueueMedia" name="test_incoming_queue_has_media_fields" time="0.381" /><testcase classname="backend.tests.test_gate_media.TestIncomingQueueMedia" name="test_get_media_by_tracking_id" time="1.422" /></testsuite></testsuites>