<?xml version="1.0" encoding="utf-8"?><testsuites name="pytest tests"><testsuite name="pytest" errors="0" failures="0" skipped="1" tests="20" time="7.259" timestamp="2026-04-11T19:47:56.238348+00:00" hostname="agent-env-1712049c-d6d1-4e6a-9408-05866edeaf39"><testcase classname="backend.tests.test_iteration_70_orderbot_commands.TestStateNormalization" name="test_normalize_state_up_to_uttar_pradesh" time="0.468" /><testcase classname="backend.tests.test_iteration_70_orderbot_commands.TestStateNormalization" name="test_normalize_state_mp_to_madhya_pradesh" time="0.109" /><testcase classname="backend.tests.test_iteration_70_orderbot_commands.TestStateNormalization" name="test_normalize_state_full_name" time="0.131" /><testcase classname="backend.tests.test_iteration_70_orderbot_commands.TestStateNormalization" name="test_normalize_state_delhi" time="0.104" /><testcase classname="backend.tests.test_iteration_70_orderbot_commands.TestExpenseCategories" name="test_get_expense_categories" time="0.439" /><testcase classname="backend.tests.test_iteration_70_orderbot_commands.TestBotFirms" name="test_get_firms" time="0.445" /><testcase classname="backend.tests.test_iteration_70_orderbot_commands.TestMasterSkus" name="test_get_master_skus" time="0.437" /><testcase classname="backend.tests.test_iteration_70_orderbot_commands.TestMasterSkus" name="test_search_master_skus" time="0.116" /><testcase classname="backend.tests.test_iteration_70_orderbot_commands.TestUniversalSearch" name="test_universal_search_returns_structure" time="0.447" /><testcase classname="backend.tests.test_iteration_70_orderbot_commands.TestUniversalSearch" name="test_universal_search_phone_number" time="0.124" /><testcase classname="backend.tests.test_iteration_70_orderbot_commands.TestAdjustInventory" name="test_adjust_traded_item_allowed" time="0.573"><skipped type="pytest.skip" message="No firm or traded item available for testing">/app/backend/tests/test_iteration_70_orderbot_commands.py:219: No firm or traded item available for testing</skipped></testcase><testcase classname="backend.tests.test_iteration_70_orderbot_commands.TestAdjustInventory" name="test_adjust_raw_material_allowed" time="0.242" /><testcase classname="backend.tests.test_iteration_70_orderbot_commands.TestAdjustInventory" name="test_adjust_invalid_item_type_rejected" time="0.126" /><testcase classname="backend.tests.test_iteration_70_orderbot_commands.TestTransferStock" name="test_transfer_same_firm_rejected" time="0.549" /><testcase classname="backend.tests.test_iteration_70_orderbot_commands.TestTransferStock" name="test_transfer_negative_quantity_rejected" time="0.111" /><testcase classname="backend.tests.test_iteration_70_orderbot_commands.TestRecordExpense" name="test_record_expense_without_gst" time="1.073" /><testcase classname="backend.tests.test_iteration_70_orderbot_commands.TestRecordExpense" name="test_record_expense_with_gst" time="0.140" /><testcase classname="backend.tests.test_iteration_70_orderbot_commands.TestTicketInfo" name="test_ticket_info_not_found" time="0.442" /><testcase classname="backend.tests.test_iteration_70_orderbot_commands.TestDispatchInfo" name="test_dispatch_info_not_found" time="0.437" /><testcase classname="backend.tests.test_iteration_70_orderbot_commands.TestManufacturedItemRestriction" name="test_manufactured_item_adjustment_rejected" time="0.660" /></testsuite></testsuites>