<?xml version="1.0" encoding="utf-8"?><testsuites name="pytest tests"><testsuite name="pytest" errors="0" failures="0" skipped="0" tests="14" time="5.329" timestamp="2026-03-21T21:31:04.415587+00:00" hostname="agent-env-1712049c-d6d1-4e6a-9408-05866edeaf39"><testcase classname="backend.tests.test_manufactured_items_workflow.TestAuth" name="test_admin_login" time="0.538" /><testcase classname="backend.tests.test_manufactured_items_workflow.TestAuth" name="test_accountant_login" time="0.342" /><testcase classname="backend.tests.test_manufactured_items_workflow.TestLedgerBlocksManufacturedItems" name="test_ledger_blocks_purchase_for_manufactured_item" time="0.640" /><testcase classname="backend.tests.test_manufactured_items_workflow.TestLedgerBlocksManufacturedItems" name="test_ledger_blocks_adjustment_in_for_manufactured_item" time="0.103" /><testcase classname="backend.tests.test_manufactured_items_workflow.TestLedgerBlocksManufacturedItems" name="test_ledger_blocks_transfer_in_for_manufactured_item" time="0.103" /><testcase classname="backend.tests.test_manufactured_items_workflow.TestInventoryStockReturnsSerialNumbers" name="test_stock_endpoint_returns_serial_numbers_for_manufactured" time="0.498" /><testcase classname="backend.tests.test_manufactured_items_workflow.TestInventoryStockReturnsSerialNumbers" name="test_stock_endpoint_returns_empty_serials_for_traded" time="0.157" /><testcase classname="backend.tests.test_manufactured_items_workflow.TestAvailableSerialsEndpoint" name="test_available_serials_returns_only_in_stock" time="0.582" /><testcase classname="backend.tests.test_manufactured_items_workflow.TestAvailableSerialsEndpoint" name="test_available_serials_requires_firm_id" time="0.105" /><testcase classname="backend.tests.test_manufactured_items_workflow.TestAvailableSerialsEndpoint" name="test_available_serials_returns_empty_for_invalid_sku" time="0.243" /><testcase classname="backend.tests.test_manufactured_items_workflow.TestSerialStatusAfterDispatch" name="test_verify_dispatched_serial_status" time="0.546" /><testcase classname="backend.tests.test_manufactured_items_workflow.TestDispatchRequiresSerialForManufactured" name="test_dispatch_without_serial_fails_for_manufactured" time="0.684" /><testcase classname="backend.tests.test_manufactured_items_workflow.TestProductionWorkflowCreatesSerials" name="test_production_requests_exist" time="0.497" /><testcase classname="backend.tests.test_manufactured_items_workflow.TestProductionWorkflowCreatesSerials" name="test_finished_good_serials_exist" time="0.222" /></testsuite></testsuites>