<?xml version="1.0" encoding="utf-8"?><testsuites name="pytest tests"><testsuite name="pytest" errors="0" failures="1" skipped="0" tests="19" time="9.464" timestamp="2026-03-23T21:53:28.931721+00:00" hostname="agent-env-1712049c-d6d1-4e6a-9408-05866edeaf39"><testcase classname="backend.tests.test_sku_purchase_workflow_v30.TestAuthAndSetup" name="test_admin_login" time="0.354" /><testcase classname="backend.tests.test_sku_purchase_workflow_v30.TestAuthAndSetup" name="test_accountant_login" time="0.346" /><testcase classname="backend.tests.test_sku_purchase_workflow_v30.TestMasterSKUCreation" name="test_create_master_sku_with_all_mandatory_fields" time="0.449" /><testcase classname="backend.tests.test_sku_purchase_workflow_v30.TestMasterSKUCreation" name="test_create_master_sku_missing_hsn_code" time="0.471" /><testcase classname="backend.tests.test_sku_purchase_workflow_v30.TestMasterSKUCreation" name="test_create_master_sku_missing_gst_rate" time="0.451" /><testcase classname="backend.tests.test_sku_purchase_workflow_v30.TestMasterSKUCreation" name="test_create_master_sku_missing_cost_price" time="0.448" /><testcase classname="backend.tests.test_sku_purchase_workflow_v30.TestRawMaterialCreation" name="test_create_raw_material_with_all_mandatory_fields" time="0.486" /><testcase classname="backend.tests.test_sku_purchase_workflow_v30.TestRawMaterialCreation" name="test_create_raw_material_missing_hsn_code" time="0.437" /><testcase classname="backend.tests.test_sku_purchase_workflow_v30.TestRawMaterialCreation" name="test_create_raw_material_missing_gst_rate" time="0.459" /><testcase classname="backend.tests.test_sku_purchase_workflow_v30.TestRawMaterialCreation" name="test_create_raw_material_missing_cost_price" time="0.469" /><testcase classname="backend.tests.test_sku_purchase_workflow_v30.TestPurchaseWorkflow" name="test_create_purchase_entry" time="0.698"><failure message="KeyError: 'invoice_number'">backend/tests/test_sku_purchase_workflow_v30.py:372: in test_create_purchase_entry
    assert data["invoice_number"] == invoice_number
           ^^^^^^^^^^^^^^^^^^^^^^
E   KeyError: 'invoice_number'</failure></testcase><testcase classname="backend.tests.test_sku_purchase_workflow_v30.TestPurchaseWorkflow" name="test_list_purchases" time="0.486" /><testcase classname="backend.tests.test_sku_purchase_workflow_v30.TestPurchaseWorkflow" name="test_purchase_updates_inventory_stock" time="1.040" /><testcase classname="backend.tests.test_sku_purchase_workflow_v30.TestFinanceDashboard" name="test_finance_dashboard_loads" time="0.432" /><testcase classname="backend.tests.test_sku_purchase_workflow_v30.TestFinanceDashboard" name="test_itc_from_purchases" time="0.535" /><testcase classname="backend.tests.test_sku_purchase_workflow_v30.TestFinanceDashboard" name="test_inventory_valuation" time="0.435" /><testcase classname="backend.tests.test_sku_purchase_workflow_v30.TestExistingData" name="test_list_firms" time="0.485" /><testcase classname="backend.tests.test_sku_purchase_workflow_v30.TestExistingData" name="test_list_master_skus" time="0.447" /><testcase classname="backend.tests.test_sku_purchase_workflow_v30.TestExistingData" name="test_list_raw_materials" time="0.463" /></testsuite></testsuites>