<?xml version="1.0" encoding="utf-8"?><testsuites name="pytest tests"><testsuite name="pytest" errors="0" failures="0" skipped="0" tests="14" time="10.559" timestamp="2026-04-15T21:04:46.674936+00:00" hostname="agent-env-1712049c-d6d1-4e6a-9408-05866edeaf39"><testcase classname="backend.tests.test_iteration_82_catalogue_import.TestCatalogueImport" name="test_import_product_success" time="0.649" /><testcase classname="backend.tests.test_iteration_82_catalogue_import.TestCatalogueImport" name="test_import_product_pricing_calculation_default_margin" time="0.456" /><testcase classname="backend.tests.test_iteration_82_catalogue_import.TestCatalogueImport" name="test_import_product_pricing_calculation_custom_margin" time="0.482" /><testcase classname="backend.tests.test_iteration_82_catalogue_import.TestCatalogueImport" name="test_import_product_amazon_fields_saved" time="0.461" /><testcase classname="backend.tests.test_iteration_82_catalogue_import.TestCatalogueImport" name="test_import_product_missing_name" time="0.470" /><testcase classname="backend.tests.test_iteration_82_catalogue_import.TestCatalogueImport" name="test_import_product_missing_price" time="0.556" /><testcase classname="backend.tests.test_iteration_82_catalogue_import.TestCatalogueImport" name="test_import_product_requires_auth" time="0.472" /><testcase classname="backend.tests.test_iteration_82_catalogue_import.TestCatalogueImport" name="test_scrape_product_url_success" time="2.593" /><testcase classname="backend.tests.test_iteration_82_catalogue_import.TestCatalogueImport" name="test_scrape_product_url_missing_url" time="0.522" /><testcase classname="backend.tests.test_iteration_82_catalogue_import.TestCatalogueImport" name="test_scrape_product_url_requires_auth" time="0.453" /><testcase classname="backend.tests.test_iteration_82_catalogue_import.TestCatalogueImport" name="test_get_product_datasheets" time="0.491" /><testcase classname="backend.tests.test_iteration_82_catalogue_import.TestCatalogueImport" name="test_imported_product_in_datasheets" time="0.635" /><testcase classname="backend.tests.test_iteration_82_catalogue_import.TestCatalogueImport" name="test_cleanup_test_products" time="1.108" /><testcase classname="backend.tests.test_iteration_82_catalogue_import.TestPricingCalculation" name="test_pricing_formula_verification" time="1.136" /></testsuite></testsuites>