<?xml version="1.0" encoding="utf-8"?><testsuites name="pytest tests"><testsuite name="pytest" errors="0" failures="0" skipped="0" tests="14" time="1.862" timestamp="2026-04-15T22:54:07.205618+00:00" hostname="agent-env-1712049c-d6d1-4e6a-9408-05866edeaf39"><testcase classname="backend.tests.test_iteration_83_public_datasheet.TestAuthentication" name="test_admin_login" time="0.379" /><testcase classname="backend.tests.test_iteration_83_public_datasheet.TestPublicDatasheetAPI" name="test_get_public_datasheet" time="0.125" /><testcase classname="backend.tests.test_iteration_83_public_datasheet.TestPublicDatasheetAPI" name="test_datasheet_has_expected_fields" time="0.138" /><testcase classname="backend.tests.test_iteration_83_public_datasheet.TestAmazonCredentialsAPI" name="test_get_firms_with_credentials" time="0.447" /><testcase classname="backend.tests.test_iteration_83_public_datasheet.TestAmazonCredentialsAPI" name="test_get_credentials_for_nonexistent_firm" time="0.212" /><testcase classname="backend.tests.test_iteration_83_public_datasheet.TestAmazonCredentialsAPI" name="test_get_credentials_requires_admin" time="0.113" /><testcase classname="backend.tests.test_iteration_83_public_datasheet.TestAmazonCredentialsAPI" name="test_save_credentials_requires_admin" time="0.114" /><testcase classname="backend.tests.test_iteration_83_public_datasheet.TestSanitizeBrandText" name="test_sanitize_brand_text_function_exists" time="0.004" /><testcase classname="backend.tests.test_iteration_83_public_datasheet.TestSanitizeBrandText" name="test_sanitize_brand_text_logic" time="0.000" /><testcase classname="backend.tests.test_iteration_83_public_datasheet.TestThemeIsolation" name="test_public_datasheet_accessible_without_auth" time="0.118" /><testcase classname="backend.tests.test_iteration_83_public_datasheet.TestThemeIsolation" name="test_catalogue_endpoint_accessible" time="0.136" /><testcase classname="backend.tests.test_iteration_83_public_datasheet.TestAccessoriesDatasheetPDF" name="test_accessories_datasheet_component_no_source_url" time="0.000" /><testcase classname="backend.tests.test_iteration_83_public_datasheet.TestAccessoriesDatasheetPDF" name="test_public_datasheet_view_no_amazon_pricing" time="0.000" /><testcase classname="backend.tests.test_iteration_83_public_datasheet.TestSharedComponentsThemeHook" name="test_use_catalogue_theme_hook_exists" time="0.000" /></testsuite></testsuites>