<?xml version="1.0" encoding="utf-8"?><testsuites name="pytest tests"><testsuite name="pytest" errors="0" failures="0" skipped="0" tests="25" time="8.862" timestamp="2026-03-12T21:54:23.636458+00:00" hostname="agent-env-1712049c-d6d1-4e6a-9408-05866edeaf39"><testcase classname="backend.tests.test_crm_api.TestAdminAuthentication" name="test_admin_login_success" time="0.380" /><testcase classname="backend.tests.test_crm_api.TestAdminAuthentication" name="test_admin_login_invalid_password" time="0.289" /><testcase classname="backend.tests.test_crm_api.TestAdminAuthentication" name="test_admin_dashboard_stats" time="0.359" /><testcase classname="backend.tests.test_crm_api.TestAdminCustomerManagement" name="test_admin_view_all_customers" time="0.415" /><testcase classname="backend.tests.test_crm_api.TestAdminCustomerManagement" name="test_admin_search_customers" time="0.355" /><testcase classname="backend.tests.test_crm_api.TestAdminCustomerManagement" name="test_admin_customer_details_with_warranties_and_tickets" time="0.430" /><testcase classname="backend.tests.test_crm_api.TestCustomerAuthentication" name="test_customer_login_ami_t" time="0.292" /><testcase classname="backend.tests.test_crm_api.TestCustomerAuthentication" name="test_customer_login_manas" time="0.307" /><testcase classname="backend.tests.test_crm_api.TestCustomerDashboard" name="test_customer_dashboard_stats" time="0.370" /><testcase classname="backend.tests.test_crm_api.TestCustomerDashboard" name="test_customer_view_tickets" time="0.355" /><testcase classname="backend.tests.test_crm_api.TestCustomerDashboard" name="test_customer_view_warranties" time="0.363" /><testcase classname="backend.tests.test_crm_api.TestCustomerDashboard" name="test_customer_create_ticket" time="0.373" /><testcase classname="backend.tests.test_crm_api.TestCallSupportRole" name="test_support_login" time="0.293" /><testcase classname="backend.tests.test_crm_api.TestCallSupportRole" name="test_support_view_tickets" time="0.380" /><testcase classname="backend.tests.test_crm_api.TestDispatcherRole" name="test_dispatcher_login" time="0.313" /><testcase classname="backend.tests.test_crm_api.TestDispatcherRole" name="test_dispatcher_view_queue" time="0.348" /><testcase classname="backend.tests.test_crm_api.TestAccountantRole" name="test_accountant_login" time="0.288" /><testcase classname="backend.tests.test_crm_api.TestAccountantRole" name="test_accountant_view_dispatches" time="0.364" /><testcase classname="backend.tests.test_crm_api.TestServiceAgentRole" name="test_service_agent_login" time="0.353" /><testcase classname="backend.tests.test_crm_api.TestRoleBasedAccessControl" name="test_customer_cannot_access_admin_stats" time="0.358" /><testcase classname="backend.tests.test_crm_api.TestRoleBasedAccessControl" name="test_customer_cannot_access_admin_customers" time="0.354" /><testcase classname="backend.tests.test_crm_api.TestRoleBasedAccessControl" name="test_support_can_access_tickets" time="0.362" /><testcase classname="backend.tests.test_crm_api.TestWarrantyEndpoints" name="test_admin_view_warranties" time="0.365" /><testcase classname="backend.tests.test_crm_api.TestTicketManagement" name="test_admin_view_all_tickets" time="0.386" /><testcase classname="backend.tests.test_crm_api.TestTicketManagement" name="test_ticket_has_required_fields" time="0.356" /></testsuite></testsuites>