<?xml version="1.0" encoding="utf-8"?><testsuites name="pytest tests"><testsuite name="pytest" errors="0" failures="2" skipped="0" tests="20" time="5.351" timestamp="2026-03-24T19:39:21.219303+00:00" hostname="agent-env-1712049c-d6d1-4e6a-9408-05866edeaf39"><testcase classname="backend.tests.test_compliance_v32.TestAuth" name="test_admin_login" time="0.473" /><testcase classname="backend.tests.test_compliance_v32.TestAuth" name="test_accountant_login" time="0.397" /><testcase classname="backend.tests.test_compliance_v32.TestComplianceDashboard" name="test_get_compliance_dashboard" time="0.457" /><testcase classname="backend.tests.test_compliance_v32.TestComplianceDashboard" name="test_dashboard_with_firm_filter" time="0.231" /><testcase classname="backend.tests.test_compliance_v32.TestComplianceExceptions" name="test_get_exceptions_list" time="0.156" /><testcase classname="backend.tests.test_compliance_v32.TestComplianceExceptions" name="test_exceptions_with_status_filter" time="0.329" /><testcase classname="backend.tests.test_compliance_v32.TestComplianceExceptions" name="test_exceptions_with_severity_filter" time="0.373" /><testcase classname="backend.tests.test_compliance_v32.TestComplianceExceptions" name="test_exceptions_with_type_filter" time="0.374" /><testcase classname="backend.tests.test_compliance_v32.TestComplianceExceptions" name="test_exceptions_with_age_filter" time="0.535" /><testcase classname="backend.tests.test_compliance_v32.TestComplianceMatrix" name="test_get_compliance_matrix" time="0.116" /><testcase classname="backend.tests.test_compliance_v32.TestDrafts" name="test_get_drafts_list" time="0.105" /><testcase classname="backend.tests.test_compliance_v32.TestDrafts" name="test_drafts_with_type_filter" time="0.221" /><testcase classname="backend.tests.test_compliance_v32.TestComplianceScore" name="test_get_compliance_score" time="0.126" /><testcase classname="backend.tests.test_compliance_v32.TestComplianceValidation" name="test_validate_purchase_entry" time="0.122"><failure message="AssertionError: Validation API failed: {&quot;detail&quot;:[{&quot;type&quot;:&quot;missing&quot;,&quot;loc&quot;:[&quot;body&quot;,&quot;data&quot;],&quot;msg&quot;:&quot;Field required&quot;,&quot;input&quot;:null,&quot;url&quot;:&quot;https://errors.pydantic.dev/2.12/v/missing&quot;}]}&#10;assert 422 == 200&#10; +  where 422 = &lt;Response [422]&gt;.status_code">backend/tests/test_compliance_v32.py:352: in test_validate_purchase_entry
    assert response.status_code == 200, f"Validation API failed: {response.text}"
E   AssertionError: Validation API failed: {"detail":[{"type":"missing","loc":["body","data"],"msg":"Field required","input":null,"url":"https://errors.pydantic.dev/2.12/v/missing"}]}
E   assert 422 == 200
E    +  where 422 = &lt;Response [422]&gt;.status_code</failure></testcase><testcase classname="backend.tests.test_compliance_v32.TestComplianceValidation" name="test_validate_missing_required_fields" time="0.152"><failure message="assert 422 == 200&#10; +  where 422 = &lt;Response [422]&gt;.status_code">backend/tests/test_compliance_v32.py:386: in test_validate_missing_required_fields
    assert response.status_code == 200
E   assert 422 == 200
E    +  where 422 = &lt;Response [422]&gt;.status_code</failure></testcase><testcase classname="backend.tests.test_compliance_v32.TestPurchaseRegisterCompliance" name="test_get_purchases_with_status" time="0.123" /><testcase classname="backend.tests.test_compliance_v32.TestAccountantAccess" name="test_accountant_can_access_dashboard" time="0.442" /><testcase classname="backend.tests.test_compliance_v32.TestAccountantAccess" name="test_accountant_can_access_exceptions" time="0.139" /><testcase classname="backend.tests.test_compliance_v32.TestAccountantAccess" name="test_accountant_can_access_matrix" time="0.112" /><testcase classname="backend.tests.test_compliance_v32.TestAccountantAccess" name="test_accountant_can_access_drafts" time="0.200" /></testsuite></testsuites>