<?xml version="1.0" encoding="utf-8"?><testsuites name="pytest tests"><testsuite name="pytest" errors="0" failures="0" skipped="0" tests="14" time="6.419" timestamp="2026-03-14T07:34:28.560324+00:00" hostname="agent-env-1712049c-d6d1-4e6a-9408-05866edeaf39"><testcase classname="tests.test_crm_fixes_v8.TestAccountantDashboard" name="test_accountant_login_success" time="0.414" /><testcase classname="tests.test_crm_fixes_v8.TestAccountantDashboard" name="test_accountant_get_dispatches" time="0.430" /><testcase classname="tests.test_crm_fixes_v8.TestAccountantDashboard" name="test_accountant_get_tickets" time="0.451" /><testcase classname="tests.test_crm_fixes_v8.TestAccountantDashboard" name="test_accountant_get_skus" time="0.437" /><testcase classname="tests.test_crm_fixes_v8.TestDispatcherConfirmDispatch" name="test_dispatcher_login_success" time="0.324" /><testcase classname="tests.test_crm_fixes_v8.TestDispatcherConfirmDispatch" name="test_dispatcher_get_queue" time="0.433" /><testcase classname="tests.test_crm_fixes_v8.TestDispatcherConfirmDispatch" name="test_dispatcher_confirm_dispatch" time="0.556" /><testcase classname="tests.test_crm_fixes_v8.TestCustomerPickupLabel" name="test_customer_login_success" time="0.342" /><testcase classname="tests.test_crm_fixes_v8.TestCustomerPickupLabel" name="test_customer_get_tickets" time="0.431" /><testcase classname="tests.test_crm_fixes_v8.TestCustomerPickupLabel" name="test_customer_ticket_has_pickup_label" time="0.442" /><testcase classname="tests.test_crm_fixes_v8.TestCustomerPickupLabel" name="test_pickup_label_download" time="0.557" /><testcase classname="tests.test_crm_fixes_v8.TestTicketNumberConsistency" name="test_ticket_number_format" time="0.456" /><testcase classname="tests.test_crm_fixes_v8.TestTicketNumberConsistency" name="test_ticket_number_in_history" time="0.532" /><testcase classname="tests.test_crm_fixes_v8.TestRepairNotesVisibility" name="test_customer_can_see_repair_notes" time="0.429" /></testsuite></testsuites>