<?xml version="1.0" encoding="utf-8"?><testsuites name="pytest tests"><testsuite name="pytest" errors="0" failures="0" skipped="0" tests="23" time="7.108" timestamp="2026-03-25T07:51:36.964095+00:00" hostname="agent-env-1712049c-d6d1-4e6a-9408-05866edeaf39"><testcase classname="backend.tests.test_accounting_layer_v33.TestAuthAndSetup" name="test_admin_login" time="0.423" /><testcase classname="backend.tests.test_accounting_layer_v33.TestAuthAndSetup" name="test_accountant_login" time="0.325" /><testcase classname="backend.tests.test_accounting_layer_v33.TestPartyLedger" name="test_get_parties_list" time="0.594" /><testcase classname="backend.tests.test_accounting_layer_v33.TestPartyLedger" name="test_get_party_ledger" time="0.418" /><testcase classname="backend.tests.test_accounting_layer_v33.TestPartyLedger" name="test_party_ledger_with_date_filter" time="0.104" /><testcase classname="backend.tests.test_accounting_layer_v33.TestPartyLedger" name="test_party_ledger_invalid_party" time="0.109" /><testcase classname="backend.tests.test_accounting_layer_v33.TestPayments" name="test_get_payments_list" time="0.450" /><testcase classname="backend.tests.test_accounting_layer_v33.TestPayments" name="test_create_payment_received" time="0.429" /><testcase classname="backend.tests.test_accounting_layer_v33.TestPayments" name="test_create_payment_made" time="0.137" /><testcase classname="backend.tests.test_accounting_layer_v33.TestPayments" name="test_create_payment_validation" time="0.104" /><testcase classname="backend.tests.test_accounting_layer_v33.TestAccountingReports" name="test_get_receivables_report" time="0.446" /><testcase classname="backend.tests.test_accounting_layer_v33.TestAccountingReports" name="test_get_receivables_with_firm_filter" time="0.194" /><testcase classname="backend.tests.test_accounting_layer_v33.TestAccountingReports" name="test_get_payables_report" time="0.102" /><testcase classname="backend.tests.test_accounting_layer_v33.TestAccountingReports" name="test_get_profit_summary_report" time="0.107" /><testcase classname="backend.tests.test_accounting_layer_v33.TestCreditNotes" name="test_get_credit_notes_list" time="0.502" /><testcase classname="backend.tests.test_accounting_layer_v33.TestCreditNotes" name="test_create_credit_note" time="0.698" /><testcase classname="backend.tests.test_accounting_layer_v33.TestComplianceExtensions" name="test_dispatches_have_compliance_fields" time="0.425" /><testcase classname="backend.tests.test_accounting_layer_v33.TestComplianceExtensions" name="test_compliance_dashboard_includes_dispatches" time="0.098" /><testcase classname="backend.tests.test_accounting_layer_v33.TestComplianceExtensions" name="test_compliance_matrix_includes_dispatch" time="0.114" /><testcase classname="backend.tests.test_accounting_layer_v33.TestComplianceExtensions" name="test_compliance_matrix_includes_stock_adjustment" time="0.103" /><testcase classname="backend.tests.test_accounting_layer_v33.TestComplianceAlertBannerData" name="test_compliance_dashboard_for_banner" time="0.433" /><testcase classname="backend.tests.test_accounting_layer_v33.TestComplianceAlertBannerData" name="test_drafts_endpoint_for_banner" time="0.120" /><testcase classname="backend.tests.test_accounting_layer_v33.TestComplianceAlertBannerData" name="test_accountant_can_access_compliance_data" time="0.531" /></testsuite></testsuites>