<?xml version="1.0" encoding="utf-8"?><testsuites name="pytest tests"><testsuite name="pytest" errors="0" failures="0" skipped="0" tests="14" time="7.522" timestamp="2026-03-23T19:25:39.746475+00:00" hostname="agent-env-1712049c-d6d1-4e6a-9408-05866edeaf39"><testcase classname="backend.tests.test_call_support_features.TestCallSupportLogin" name="test_call_support_login_success" time="0.384" /><testcase classname="backend.tests.test_call_support_features.TestCallSupportLogin" name="test_call_support_login_invalid_credentials" time="0.407" /><testcase classname="backend.tests.test_call_support_features.TestAllTicketsVisibility" name="test_get_all_tickets_no_filter" time="0.499" /><testcase classname="backend.tests.test_call_support_features.TestAllTicketsVisibility" name="test_filter_tickets_by_status_open" time="0.485" /><testcase classname="backend.tests.test_call_support_features.TestAllTicketsVisibility" name="test_filter_tickets_by_status_hardware_service" time="0.458" /><testcase classname="backend.tests.test_call_support_features.TestAllTicketsVisibility" name="test_filter_tickets_by_status_in_progress" time="0.479" /><testcase classname="backend.tests.test_call_support_features.TestAllTicketsVisibility" name="test_filter_tickets_by_status_resolved" time="0.481" /><testcase classname="backend.tests.test_call_support_features.TestGlobalSearch" name="test_search_by_phone_number" time="0.578" /><testcase classname="backend.tests.test_call_support_features.TestGlobalSearch" name="test_search_by_email" time="0.581" /><testcase classname="backend.tests.test_call_support_features.TestGlobalSearch" name="test_search_requires_parameter" time="0.633" /><testcase classname="backend.tests.test_call_support_features.TestGlobalSearch" name="test_search_by_order_id" time="0.604" /><testcase classname="backend.tests.test_call_support_features.TestCustomerHistory" name="test_get_customer_history_for_ticket" time="0.639" /><testcase classname="backend.tests.test_call_support_features.TestCustomerHistory" name="test_customer_history_invalid_ticket" time="0.628" /><testcase classname="backend.tests.test_call_support_features.TestTicketDetails" name="test_get_ticket_details" time="0.609" /></testsuite></testsuites>