<?xml version="1.0" encoding="utf-8"?><testsuites name="pytest tests"><testsuite name="pytest" errors="0" failures="0" skipped="1" tests="16" time="8.351" timestamp="2026-04-11T17:21:42.405198+00:00" hostname="agent-env-1712049c-d6d1-4e6a-9408-05866edeaf39"><testcase classname="backend.tests.test_iteration_64_bot_compliance.TestBotComplianceEndpoints" name="test_prepare_dispatch_returns_comprehensive_data" time="0.613" /><testcase classname="backend.tests.test_iteration_64_bot_compliance.TestBotComplianceEndpoints" name="test_prepare_dispatch_shows_pricing_with_gst" time="0.444" /><testcase classname="backend.tests.test_iteration_64_bot_compliance.TestBotComplianceEndpoints" name="test_prepare_dispatch_shows_compliance_status" time="0.469" /><testcase classname="backend.tests.test_iteration_64_bot_compliance.TestBotComplianceEndpoints" name="test_prepare_dispatch_shows_available_serials" time="0.462" /><testcase classname="backend.tests.test_iteration_64_bot_compliance.TestBotComplianceEndpoints" name="test_prepare_dispatch_not_found" time="0.416" /><testcase classname="backend.tests.test_iteration_64_bot_compliance.TestBotComplianceEndpoints" name="test_dispatch_requires_confirmed_true" time="0.454" /><testcase classname="backend.tests.test_iteration_64_bot_compliance.TestBotComplianceEndpoints" name="test_dispatch_fails_without_invoice" time="0.459" /><testcase classname="backend.tests.test_iteration_64_bot_compliance.TestBotComplianceEndpoints" name="test_dispatch_fails_without_shipping_label" time="0.439" /><testcase classname="backend.tests.test_iteration_64_bot_compliance.TestBotComplianceEndpoints" name="test_dispatch_fails_without_tracking_id" time="0.561" /><testcase classname="backend.tests.test_iteration_64_bot_compliance.TestBotComplianceEndpoints" name="test_dispatch_checks_eway_bill_for_high_value" time="0.477" /><testcase classname="backend.tests.test_iteration_64_bot_compliance.TestBotComplianceEndpoints" name="test_available_serials_returns_in_stock" time="0.464" /><testcase classname="backend.tests.test_iteration_64_bot_compliance.TestBotComplianceEndpoints" name="test_available_serials_not_found" time="0.404" /><testcase classname="backend.tests.test_iteration_64_bot_compliance.TestBotComplianceEndpoints" name="test_select_serial_invalid_order" time="0.380" /><testcase classname="backend.tests.test_iteration_64_bot_compliance.TestBotComplianceEndpoints" name="test_select_serial_invalid_serial" time="0.467" /><testcase classname="backend.tests.test_iteration_64_bot_compliance.TestBotComplianceEndpoints" name="test_select_serial_success" time="1.224"><skipped type="pytest.skip" message="No orders with available serials found">/app/backend/tests/test_iteration_64_bot_compliance.py:520: No orders with available serials found</skipped></testcase><testcase classname="backend.tests.test_iteration_64_bot_compliance.TestBotDispatchIntegration" name="test_full_compliance_check_flow" time="0.533" /></testsuite></testsuites>