<?xml version="1.0" encoding="utf-8"?><testsuites name="pytest tests"><testsuite name="pytest" errors="0" failures="0" skipped="0" tests="13" time="43.049" timestamp="2026-04-13T11:30:14.044001+00:00" hostname="agent-env-1712049c-d6d1-4e6a-9408-05866edeaf39"><testcase classname="backend.tests.test_courier_shipping.TestCourierShippingAPI" name="test_01_get_warehouses" time="4.385" /><testcase classname="backend.tests.test_courier_shipping.TestCourierShippingAPI" name="test_02_calculate_rates_b2c" time="4.547" /><testcase classname="backend.tests.test_courier_shipping.TestCourierShippingAPI" name="test_03_calculate_rates_b2b" time="6.051" /><testcase classname="backend.tests.test_courier_shipping.TestCourierShippingAPI" name="test_04_get_shipments_history" time="0.416" /><testcase classname="backend.tests.test_courier_shipping.TestCourierShippingAPI" name="test_05_search_shipments" time="0.421" /><testcase classname="backend.tests.test_courier_shipping.TestCourierShippingAPI" name="test_06_filter_shipments_by_status" time="0.439" /><testcase classname="backend.tests.test_courier_shipping.TestCourierShippingAPI" name="test_07_create_shipment_validation" time="1.529" /><testcase classname="backend.tests.test_courier_shipping.TestCourierShippingAPI" name="test_08_create_shipment_b2c" time="6.410" /><testcase classname="backend.tests.test_courier_shipping.TestCourierShippingAPI" name="test_09_b2b_eway_bill_validation" time="1.623" /><testcase classname="backend.tests.test_courier_shipping.TestCourierShippingAPI" name="test_10_get_label_for_manifested_shipment" time="15.845" /><testcase classname="backend.tests.test_courier_shipping.TestCourierShippingAPI" name="test_11_unauthorized_access" time="0.496" /><testcase classname="backend.tests.test_courier_shipping.TestCourierShippingDataIntegrity" name="test_shipment_data_persistence" time="0.405" /><testcase classname="backend.tests.test_courier_shipping.TestCourierShippingDataIntegrity" name="test_manifested_shipments_have_awb" time="0.398" /></testsuite></testsuites>