<?xml version="1.0" encoding="utf-8"?><testsuites name="pytest tests"><testsuite name="pytest" errors="0" failures="0" skipped="0" tests="20" time="8.013" timestamp="2026-04-10T17:14:28.807648+00:00" hostname="agent-env-1712049c-d6d1-4e6a-9408-05866edeaf39"><testcase classname="backend.tests.test_serial_numbers_management.TestSerialNumbersManagement" name="test_get_serial_numbers_management_basic" time="0.600" /><testcase classname="backend.tests.test_serial_numbers_management.TestSerialNumbersManagement" name="test_get_serial_numbers_with_unmapped_filter" time="0.424" /><testcase classname="backend.tests.test_serial_numbers_management.TestSerialNumbersManagement" name="test_get_serial_numbers_with_status_filter" time="0.397" /><testcase classname="backend.tests.test_serial_numbers_management.TestSerialNumbersManagement" name="test_get_serial_numbers_with_search" time="0.553" /><testcase classname="backend.tests.test_serial_numbers_management.TestSerialNumbersManagement" name="test_get_serial_numbers_includes_dispatch_info" time="0.505" /><testcase classname="backend.tests.test_serial_numbers_management.TestSerialNumbersManagement" name="test_update_serial_status" time="0.432" /><testcase classname="backend.tests.test_serial_numbers_management.TestSerialNumbersManagement" name="test_update_serial_customer_fields" time="0.526" /><testcase classname="backend.tests.test_serial_numbers_management.TestSerialNumbersManagement" name="test_update_serial_not_found" time="0.382" /><testcase classname="backend.tests.test_serial_numbers_management.TestSerialNumbersManagement" name="test_map_serial_to_sku" time="0.514" /><testcase classname="backend.tests.test_serial_numbers_management.TestSerialNumbersManagement" name="test_map_serial_to_invalid_sku" time="0.546" /><testcase classname="backend.tests.test_serial_numbers_management.TestSerialNumbersManagement" name="test_bulk_map_serials_to_sku" time="0.513" /><testcase classname="backend.tests.test_serial_numbers_management.TestSerialNumbersManagement" name="test_bulk_map_invalid_sku" time="0.418" /><testcase classname="backend.tests.test_serial_numbers_management.TestSerialNumbersManagement" name="test_delete_serial_not_found" time="0.457" /><testcase classname="backend.tests.test_serial_numbers_management.TestSerialNumbersManagement" name="test_delete_dispatched_serial_fails" time="0.583" /><testcase classname="backend.tests.test_serial_numbers_management.TestSerialNumbersManagement" name="test_swap_endpoint_exists" time="0.445" /><testcase classname="backend.tests.test_serial_numbers_management.TestSerialNumbersManagementAuth" name="test_management_requires_auth" time="0.122" /><testcase classname="backend.tests.test_serial_numbers_management.TestSerialNumbersManagementAuth" name="test_update_requires_auth" time="0.125" /><testcase classname="backend.tests.test_serial_numbers_management.TestSerialNumbersManagementAuth" name="test_map_sku_requires_auth" time="0.109" /><testcase classname="backend.tests.test_serial_numbers_management.TestSerialNumbersManagementAuth" name="test_bulk_map_requires_auth" time="0.158" /><testcase classname="backend.tests.test_serial_numbers_management.TestSerialNumbersManagementAuth" name="test_delete_requires_auth" time="0.141" /></testsuite></testsuites>