<?xml version="1.0" encoding="utf-8"?><testsuites name="pytest tests"><testsuite name="pytest" errors="0" failures="0" skipped="1" tests="16" time="7.605" timestamp="2026-04-02T16:00:39.575831+00:00" hostname="agent-env-1712049c-d6d1-4e6a-9408-05866edeaf39"><testcase classname="backend.tests.test_incentives_payroll_expenses.TestIncentivesPayrollExpenses" name="test_01_add_manual_incentive_success" time="0.631" /><testcase classname="backend.tests.test_incentives_payroll_expenses.TestIncentivesPayrollExpenses" name="test_02_add_manual_incentive_missing_fields" time="0.491" /><testcase classname="backend.tests.test_incentives_payroll_expenses.TestIncentivesPayrollExpenses" name="test_03_add_manual_incentive_invalid_user" time="0.466" /><testcase classname="backend.tests.test_incentives_payroll_expenses.TestIncentivesPayrollExpenses" name="test_04_get_incentives_summary" time="0.382" /><testcase classname="backend.tests.test_incentives_payroll_expenses.TestIncentivesPayrollExpenses" name="test_05_generate_payroll" time="0.424" /><testcase classname="backend.tests.test_incentives_payroll_expenses.TestIncentivesPayrollExpenses" name="test_06_get_payroll_with_pending_incentives" time="0.407" /><testcase classname="backend.tests.test_incentives_payroll_expenses.TestIncentivesPayrollExpenses" name="test_07_admin_download_payslip" time="0.732" /><testcase classname="backend.tests.test_incentives_payroll_expenses.TestIncentivesPayrollExpenses" name="test_08_payslip_contains_firm_name" time="0.636" /><testcase classname="backend.tests.test_incentives_payroll_expenses.TestIncentivesPayrollExpenses" name="test_09_payslip_not_found" time="0.412" /><testcase classname="backend.tests.test_incentives_payroll_expenses.TestIncentivesPayrollExpenses" name="test_10_mark_payroll_paid_creates_expense" time="0.469"><skipped type="pytest.skip" message="No pending payroll records available for mark-paid test">/app/backend/tests/test_incentives_payroll_expenses.py:372: No pending payroll records available for mark-paid test</skipped></testcase><testcase classname="backend.tests.test_incentives_payroll_expenses.TestIncentivesPayrollExpenses" name="test_11_mark_already_paid_payroll" time="0.460" /><testcase classname="backend.tests.test_incentives_payroll_expenses.TestIncentivesPayrollExpenses" name="test_12_get_expense_ledger" time="0.426" /><testcase classname="backend.tests.test_incentives_payroll_expenses.TestIncentivesPayrollExpenses" name="test_13_expense_ledger_filter_by_category" time="0.399" /><testcase classname="backend.tests.test_incentives_payroll_expenses.TestIncentivesPayrollExpenses" name="test_14_expense_ledger_filter_by_firm" time="0.452" /><testcase classname="backend.tests.test_incentives_payroll_expenses.TestIncentivesPayrollExpenses" name="test_15_employee_payslip_endpoint_exists" time="0.380" /><testcase classname="backend.tests.test_incentives_payroll_expenses.TestIncentivesPayrollExpenses" name="test_99_cleanup_test_data" time="0.360" /></testsuite></testsuites>