<?xml version="1.0" encoding="utf-8"?><testsuites name="pytest tests"><testsuite name="pytest" errors="0" failures="0" skipped="0" tests="14" time="5.944" timestamp="2026-03-13T00:19:18.305717+00:00" hostname="agent-env-1712049c-d6d1-4e6a-9408-05866edeaf39"><testcase classname="backend.tests.test_new_features_v4.TestAuthentication" name="test_supervisor_login" time="0.390" /><testcase classname="backend.tests.test_new_features_v4.TestAuthentication" name="test_dispatcher_login" time="0.352" /><testcase classname="backend.tests.test_new_features_v4.TestAuthentication" name="test_support_login" time="0.352" /><testcase classname="backend.tests.test_new_features_v4.TestDispatcherQueue" name="test_dispatcher_queue_endpoint" time="0.412" /><testcase classname="backend.tests.test_new_features_v4.TestDispatcherQueue" name="test_dispatcher_queue_contains_ready_for_dispatch" time="0.407" /><testcase classname="backend.tests.test_new_features_v4.TestSupervisorDashboard" name="test_supervisor_queue_endpoint" time="0.407" /><testcase classname="backend.tests.test_new_features_v4.TestSupervisorDashboard" name="test_supervisor_stats_endpoint" time="0.459" /><testcase classname="backend.tests.test_new_features_v4.TestSupervisorDashboard" name="test_supervisor_queue_contains_escalated_tickets" time="0.429" /><testcase classname="backend.tests.test_new_features_v4.TestSupervisorDashboard" name="test_supervisor_queue_has_sla_info" time="0.400" /><testcase classname="backend.tests.test_new_features_v4.TestSKUManagement" name="test_get_skus_endpoint" time="0.391" /><testcase classname="backend.tests.test_new_features_v4.TestSKUManagement" name="test_sku_has_required_fields" time="0.398" /><testcase classname="backend.tests.test_new_features_v4.TestSKUManagement" name="test_create_sku" time="0.389" /><testcase classname="backend.tests.test_new_features_v4.TestEscalateToSupervisor" name="test_escalate_requires_100_char_notes" time="0.535" /><testcase classname="backend.tests.test_new_features_v4.TestRouteToHardware" name="test_route_to_hardware_requires_100_char_notes" time="0.544" /></testsuite></testsuites>