<?xml version="1.0" encoding="utf-8"?><testsuites name="pytest tests"><testsuite name="pytest" errors="0" failures="0" skipped="0" tests="15" time="6.391" timestamp="2026-04-11T09:54:06.860427+00:00" hostname="agent-env-1712049c-d6d1-4e6a-9408-05866edeaf39"><testcase classname="backend.tests.test_tasks_alerts_iteration_61.TestTasksAndAlertsSystem" name="test_alerts_endpoint_returns_200" time="0.474" /><testcase classname="backend.tests.test_tasks_alerts_iteration_61.TestTasksAndAlertsSystem" name="test_alerts_response_structure" time="0.404" /><testcase classname="backend.tests.test_tasks_alerts_iteration_61.TestTasksAndAlertsSystem" name="test_alerts_contain_outcome_missing_type" time="0.471" /><testcase classname="backend.tests.test_tasks_alerts_iteration_61.TestTasksAndAlertsSystem" name="test_alerts_contain_missed_no_callback_type" time="0.408" /><testcase classname="backend.tests.test_tasks_alerts_iteration_61.TestTasksAndAlertsSystem" name="test_alerts_severity_ordering" time="0.412" /><testcase classname="backend.tests.test_tasks_alerts_iteration_61.TestTasksAndAlertsSystem" name="test_tasks_get_endpoint_returns_200" time="0.367" /><testcase classname="backend.tests.test_tasks_alerts_iteration_61.TestTasksAndAlertsSystem" name="test_tasks_response_structure" time="0.383" /><testcase classname="backend.tests.test_tasks_alerts_iteration_61.TestTasksAndAlertsSystem" name="test_tasks_filter_by_status" time="0.365" /><testcase classname="backend.tests.test_tasks_alerts_iteration_61.TestTasksAndAlertsSystem" name="test_agents_list_for_assignment" time="0.476" /><testcase classname="backend.tests.test_tasks_alerts_iteration_61.TestTasksAndAlertsSystem" name="test_create_task_requires_call_id" time="0.376" /><testcase classname="backend.tests.test_tasks_alerts_iteration_61.TestTasksAndAlertsSystem" name="test_create_task_with_valid_call" time="0.472" /><testcase classname="backend.tests.test_tasks_alerts_iteration_61.TestTasksAndAlertsSystem" name="test_complete_task" time="0.572" /><testcase classname="backend.tests.test_tasks_alerts_iteration_61.TestTasksAndAlertsSystem" name="test_complete_nonexistent_task" time="0.392" /><testcase classname="backend.tests.test_tasks_alerts_iteration_61.TestCallsDashboardEndpoints" name="test_smartflo_dashboard_returns_200" time="0.377" /><testcase classname="backend.tests.test_tasks_alerts_iteration_61.TestCallsDashboardEndpoints" name="test_agent_performance_endpoint" time="0.376" /></testsuite></testsuites>