<?xml version="1.0" encoding="utf-8"?><testsuites name="pytest tests"><testsuite name="pytest" errors="1" failures="0" skipped="0" tests="19" time="10.288" timestamp="2026-03-21T17:22:31.066869+00:00" hostname="agent-env-1712049c-d6d1-4e6a-9408-05866edeaf39"><testcase classname="backend.tests.test_master_sku_bom_v22.TestMasterSKUEndpoints" name="test_01_list_master_skus" time="0.556" /><testcase classname="backend.tests.test_master_sku_bom_v22.TestMasterSKUEndpoints" name="test_02_create_master_sku_basic" time="0.498" /><testcase classname="backend.tests.test_master_sku_bom_v22.TestMasterSKUEndpoints" name="test_03_create_master_sku_manufactured" time="0.468" /><testcase classname="backend.tests.test_master_sku_bom_v22.TestMasterSKUEndpoints" name="test_04_get_master_sku_by_id" time="0.510" /><testcase classname="backend.tests.test_master_sku_bom_v22.TestMasterSKUEndpoints" name="test_05_update_master_sku" time="0.522" /><testcase classname="backend.tests.test_master_sku_bom_v22.TestMasterSKUEndpoints" name="test_06_duplicate_sku_code_rejected" time="0.518" /><testcase classname="backend.tests.test_master_sku_bom_v22.TestPlatformAliases" name="test_01_add_alias" time="0.515" /><testcase classname="backend.tests.test_master_sku_bom_v22.TestPlatformAliases" name="test_02_remove_alias" time="0.596" /><testcase classname="backend.tests.test_master_sku_bom_v22.TestPlatformAliases" name="test_03_duplicate_alias_rejected" time="0.371"><error message="failed on setup with &quot;assert 400 == 200&#10; +  where 400 = &lt;Response [400]&gt;.status_code&quot;">backend/tests/test_master_sku_bom_v22.py:221: in setup
    assert create_response.status_code == 200
E   assert 400 == 200
E    +  where 400 = &lt;Response [400]&gt;.status_code</error></testcase><testcase classname="backend.tests.test_master_sku_bom_v22.TestBillOfMaterials" name="test_01_update_sku_with_bom" time="0.660" /><testcase classname="backend.tests.test_master_sku_bom_v22.TestBillOfMaterials" name="test_02_bom_validates_raw_material_exists" time="0.818" /><testcase classname="backend.tests.test_master_sku_bom_v22.TestMasterSKUStock" name="test_01_get_sku_stock_by_firm" time="0.433" /><testcase classname="backend.tests.test_master_sku_bom_v22.TestMasterSKUStock" name="test_02_get_all_stock_with_filters" time="0.511" /><testcase classname="backend.tests.test_master_sku_bom_v22.TestProductionWithBOM" name="test_01_production_validates_bom_exists" time="0.801" /><testcase classname="backend.tests.test_master_sku_bom_v22.TestProductionWithBOM" name="test_02_production_with_use_bom_true" time="0.541" /><testcase classname="backend.tests.test_master_sku_bom_v22.TestProductionWithBOM" name="test_03_production_shows_only_manufactured_skus" time="0.576" /><testcase classname="backend.tests.test_master_sku_bom_v22.TestAccountantAccess" name="test_01_accountant_can_list_master_skus" time="0.414" /><testcase classname="backend.tests.test_master_sku_bom_v22.TestAccountantAccess" name="test_02_accountant_can_create_master_sku" time="0.378" /><testcase classname="backend.tests.test_master_sku_bom_v22.TestAccountantAccess" name="test_03_accountant_can_list_productions" time="0.373" /></testsuite></testsuites>