<?xml version="1.0" encoding="utf-8"?><testsuites name="pytest tests"><testsuite name="pytest" errors="0" failures="0" skipped="0" tests="18" time="5.588" timestamp="2026-04-11T19:00:02.092799+00:00" hostname="agent-env-1712049c-d6d1-4e6a-9408-05866edeaf39"><testcase classname="backend.tests.test_iteration_68_universal_search.TestAuth" name="test_admin_login" time="0.473" /><testcase classname="backend.tests.test_iteration_68_universal_search.TestUniversalSearch" name="test_universal_search_endpoint_exists" time="0.527" /><testcase classname="backend.tests.test_iteration_68_universal_search.TestUniversalSearch" name="test_universal_search_amazon_order" time="0.161" /><testcase classname="backend.tests.test_iteration_68_universal_search.TestUniversalSearch" name="test_universal_search_phone_number" time="0.121" /><testcase classname="backend.tests.test_iteration_68_universal_search.TestUniversalSearch" name="test_universal_search_nonexistent" time="0.126" /><testcase classname="backend.tests.test_iteration_68_universal_search.TestImportAmazonToCRM" name="test_import_amazon_endpoint_exists" time="0.455" /><testcase classname="backend.tests.test_iteration_68_universal_search.TestImportAmazonToCRM" name="test_import_amazon_order" time="0.276" /><testcase classname="backend.tests.test_iteration_68_universal_search.TestMarkAmazonDispatched" name="test_mark_dispatched_endpoint_exists" time="0.462" /><testcase classname="backend.tests.test_iteration_68_universal_search.TestHandleRTO" name="test_handle_rto_endpoint_exists" time="0.460" /><testcase classname="backend.tests.test_iteration_68_universal_search.TestHandleRTO" name="test_handle_rto_invalid_action" time="0.100" /><testcase classname="backend.tests.test_iteration_68_universal_search.TestSerialInfo" name="test_serial_info_endpoint_exists" time="0.442" /><testcase classname="backend.tests.test_iteration_68_universal_search.TestSerialInfo" name="test_serial_info_not_found" time="0.147" /><testcase classname="backend.tests.test_iteration_68_universal_search.TestUpdateSerial" name="test_update_serial_endpoint_exists" time="0.459" /><testcase classname="backend.tests.test_iteration_68_universal_search.TestUpdateSerial" name="test_update_serial_invalid_field" time="0.103" /><testcase classname="backend.tests.test_iteration_68_universal_search.TestMasterSkus" name="test_master_skus_endpoint_exists" time="0.488" /><testcase classname="backend.tests.test_iteration_68_universal_search.TestMasterSkus" name="test_master_skus_with_search" time="0.131" /><testcase classname="backend.tests.test_iteration_68_universal_search.TestMasterSkus" name="test_master_skus_with_limit" time="0.104" /><testcase classname="backend.tests.test_iteration_68_universal_search.TestDailyBriefing" name="test_daily_briefing_endpoint" time="0.474" /></testsuite></testsuites>