<?xml version="1.0" encoding="utf-8"?><testsuites name="pytest tests"><testsuite name="pytest" errors="0" failures="0" skipped="0" tests="17" time="9.451" timestamp="2026-04-15T19:01:35.355423+00:00" hostname="agent-env-1712049c-d6d1-4e6a-9408-05866edeaf39"><testcase classname="backend.tests.test_iteration_81_troubleshoot_orders.TestTroubleshootOrders" name="test_diagnose_order_not_found" time="0.515" /><testcase classname="backend.tests.test_iteration_81_troubleshoot_orders.TestTroubleshootOrders" name="test_diagnose_order_with_missing_sku_1" time="0.454" /><testcase classname="backend.tests.test_iteration_81_troubleshoot_orders.TestTroubleshootOrders" name="test_diagnose_order_with_missing_sku_2" time="0.448" /><testcase classname="backend.tests.test_iteration_81_troubleshoot_orders.TestTroubleshootOrders" name="test_diagnose_order_with_missing_sku_3" time="0.456" /><testcase classname="backend.tests.test_iteration_81_troubleshoot_orders.TestTroubleshootOrders" name="test_diagnose_response_structure" time="0.561" /><testcase classname="backend.tests.test_iteration_81_troubleshoot_orders.TestTroubleshootOrders" name="test_fix_order_missing_order" time="0.510" /><testcase classname="backend.tests.test_iteration_81_troubleshoot_orders.TestTroubleshootOrders" name="test_fix_order_invalid_fix_type" time="0.626" /><testcase classname="backend.tests.test_iteration_81_troubleshoot_orders.TestTroubleshootOrders" name="test_fix_order_assign_firm_missing_firm_id" time="0.590" /><testcase classname="backend.tests.test_iteration_81_troubleshoot_orders.TestTroubleshootOrders" name="test_fix_order_link_sku_missing_sku_id" time="0.676" /><testcase classname="backend.tests.test_iteration_81_troubleshoot_orders.TestTroubleshootOrders" name="test_fix_order_assign_firm_invalid_firm" time="0.628" /><testcase classname="backend.tests.test_iteration_81_troubleshoot_orders.TestTroubleshootOrders" name="test_fix_order_link_sku_invalid_sku" time="0.599" /><testcase classname="backend.tests.test_iteration_81_troubleshoot_orders.TestTroubleshootOrders" name="test_diagnose_and_get_available_firms" time="0.429" /><testcase classname="backend.tests.test_iteration_81_troubleshoot_orders.TestTroubleshootOrders" name="test_fix_order_response_structure" time="0.673" /><testcase classname="backend.tests.test_iteration_81_troubleshoot_orders.TestTroubleshootOrders" name="test_diagnose_requires_auth" time="0.529" /><testcase classname="backend.tests.test_iteration_81_troubleshoot_orders.TestTroubleshootOrders" name="test_fix_requires_auth" time="0.670" /><testcase classname="backend.tests.test_iteration_81_troubleshoot_orders.TestDiagnoseIssueTypes" name="test_diagnose_detects_missing_firm" time="0.589" /><testcase classname="backend.tests.test_iteration_81_troubleshoot_orders.TestDiagnoseIssueTypes" name="test_diagnose_detects_missing_sku" time="0.422" /></testsuite></testsuites>