<?xml version="1.0" encoding="utf-8"?><testsuites name="pytest tests"><testsuite name="pytest" errors="0" failures="0" skipped="0" tests="15" time="4.368" timestamp="2026-04-05T14:51:29.232069+00:00" hostname="agent-env-1712049c-d6d1-4e6a-9408-05866edeaf39"><testcase classname="backend.tests.test_gst_tds_amazon_v48.TestAuth" name="test_login_success" time="0.424" /><testcase classname="backend.tests.test_gst_tds_amazon_v48.TestGSTHSNSummary" name="test_hsn_summary_endpoint_exists" time="0.435" /><testcase classname="backend.tests.test_gst_tds_amazon_v48.TestGSTHSNSummary" name="test_hsn_summary_has_gst_values" time="0.102" /><testcase classname="backend.tests.test_gst_tds_amazon_v48.TestGSTHSNSummary" name="test_hsn_summary_with_date_range" time="0.103" /><testcase classname="backend.tests.test_gst_tds_amazon_v48.TestTDSCalculation" name="test_tds_sections_endpoint" time="0.450" /><testcase classname="backend.tests.test_gst_tds_amazon_v48.TestTDSCalculation" name="test_tds_entries_endpoint" time="0.105" /><testcase classname="backend.tests.test_gst_tds_amazon_v48.TestTDSCalculation" name="test_tds_calculate_endpoint_exists" time="0.412" /><testcase classname="backend.tests.test_gst_tds_amazon_v48.TestTDSCalculation" name="test_tds_threshold_for_rent" time="0.105" /><testcase classname="backend.tests.test_gst_tds_amazon_v48.TestExpensesDashboard" name="test_expenses_endpoint" time="0.445" /><testcase classname="backend.tests.test_gst_tds_amazon_v48.TestExpensesDashboard" name="test_expenses_have_gross_amount_field" time="0.106" /><testcase classname="backend.tests.test_gst_tds_amazon_v48.TestAmazonPushTracking" name="test_push_tracking_endpoint_exists" time="0.585" /><testcase classname="backend.tests.test_gst_tds_amazon_v48.TestAmazonPushTracking" name="test_amazon_orders_endpoint" time="0.257" /><testcase classname="backend.tests.test_gst_tds_amazon_v48.TestAmazonPushTracking" name="test_amazon_update_tracking_endpoint" time="0.220" /><testcase classname="backend.tests.test_gst_tds_amazon_v48.TestSalesInvoicesForHSN" name="test_sales_invoices_endpoint" time="0.422" /><testcase classname="backend.tests.test_gst_tds_amazon_v48.TestSalesInvoicesForHSN" name="test_master_skus_have_hsn" time="0.101" /></testsuite></testsuites>