<?xml version="1.0" encoding="utf-8"?><testsuites name="pytest tests"><testsuite name="pytest" errors="0" failures="0" skipped="0" tests="10" time="5.873" timestamp="2026-03-21T21:07:17.566651+00:00" hostname="agent-env-1712049c-d6d1-4e6a-9408-05866edeaf39"><testcase classname="tests.test_serial_dispatch.TestHistoricalDataImport" name="test_production_requests_imported" time="0.558" /><testcase classname="tests.test_serial_dispatch.TestHistoricalDataImport" name="test_serial_numbers_imported" time="0.496" /><testcase classname="tests.test_serial_dispatch.TestHistoricalDataImport" name="test_supervisor_payables_imported" time="0.501" /><testcase classname="tests.test_serial_dispatch.TestAvailableSerialsEndpoint" name="test_get_available_serials_success" time="0.576" /><testcase classname="tests.test_serial_dispatch.TestAvailableSerialsEndpoint" name="test_get_available_serials_missing_firm_id" time="0.610" /><testcase classname="tests.test_serial_dispatch.TestAvailableSerialsEndpoint" name="test_get_available_serials_invalid_sku" time="0.558" /><testcase classname="tests.test_serial_dispatch.TestDispatchWithSerialNumber" name="test_dispatch_manufactured_item_requires_serial" time="0.547" /><testcase classname="tests.test_serial_dispatch.TestDispatchWithSerialNumber" name="test_dispatch_manufactured_item_with_invalid_serial" time="0.552" /><testcase classname="tests.test_serial_dispatch.TestDispatchWithSerialNumber" name="test_dispatch_manufactured_item_success" time="0.781" /><testcase classname="tests.test_serial_dispatch.TestMasterSKULookupForDispatch" name="test_lookup_manufactured_sku" time="0.642" /></testsuite></testsuites>