<?xml version="1.0" encoding="utf-8"?><testsuites name="pytest tests"><testsuite name="pytest" errors="0" failures="0" skipped="0" tests="12" time="4.268" timestamp="2026-04-10T23:35:49.839390+00:00" hostname="agent-env-1712049c-d6d1-4e6a-9408-05866edeaf39"><testcase classname="backend.tests.test_iteration_57.TestAuth" name="test_login_success" time="0.496" /><testcase classname="backend.tests.test_iteration_57.TestDispatcherCancelEndpoint" name="test_cancel_endpoint_exists" time="0.481" /><testcase classname="backend.tests.test_iteration_57.TestDispatcherCancelEndpoint" name="test_cancel_requires_reason" time="0.145" /><testcase classname="backend.tests.test_iteration_57.TestDispatcherCancelEndpoint" name="test_cancel_requires_auth" time="0.113" /><testcase classname="backend.tests.test_iteration_57.TestDispatcherQueue" name="test_dispatcher_queue_endpoint" time="0.487" /><testcase classname="backend.tests.test_iteration_57.TestDispatcherQueue" name="test_dispatcher_recent_endpoint" time="0.118" /><testcase classname="backend.tests.test_iteration_57.TestEwayBillUpload" name="test_eway_bill_endpoint_exists" time="0.477" /><testcase classname="backend.tests.test_iteration_57.TestEwayBillUpload" name="test_eway_bill_requires_auth" time="0.111" /><testcase classname="backend.tests.test_iteration_57.TestPendingFulfillmentInvoiceValue" name="test_pending_fulfillment_list_endpoint" time="0.463" /><testcase classname="backend.tests.test_iteration_57.TestPendingFulfillmentInvoiceValue" name="test_create_pending_fulfillment_with_invoice_value" time="0.560" /><testcase classname="backend.tests.test_iteration_57.TestPendingFulfillmentInvoiceValue" name="test_create_pending_fulfillment_below_50k" time="0.226" /><testcase classname="backend.tests.test_iteration_57.TestDispatchResponseModel" name="test_dispatch_list_has_item_serials_support" time="0.521" /></testsuite></testsuites>