<?xml version="1.0" encoding="utf-8"?><testsuites name="pytest tests"><testsuite name="pytest" errors="0" failures="0" skipped="0" tests="20" time="8.145" timestamp="2026-03-21T16:23:21.025153+00:00" hostname="agent-env-1712049c-d6d1-4e6a-9408-05866edeaf39"><testcase classname="backend.tests.test_stock_reports_v20.TestStockReportsAuth" name="test_admin_can_access_stock_ledger" time="0.588" /><testcase classname="backend.tests.test_stock_reports_v20.TestStockReportsAuth" name="test_accountant_can_access_stock_ledger" time="0.428" /><testcase classname="backend.tests.test_stock_reports_v20.TestStockReportsAuth" name="test_unauthorized_access_denied" time="0.147" /><testcase classname="backend.tests.test_stock_reports_v20.TestStockLedgerReport" name="test_stock_ledger_returns_entries_and_totals" time="0.423" /><testcase classname="backend.tests.test_stock_reports_v20.TestStockLedgerReport" name="test_stock_ledger_entry_type_filter" time="0.374" /><testcase classname="backend.tests.test_stock_reports_v20.TestStockLedgerReport" name="test_stock_ledger_date_filter" time="0.385" /><testcase classname="backend.tests.test_stock_reports_v20.TestCurrentStockReport" name="test_current_stock_returns_structure" time="0.420" /><testcase classname="backend.tests.test_stock_reports_v20.TestCurrentStockReport" name="test_current_stock_firm_filter" time="0.427" /><testcase classname="backend.tests.test_stock_reports_v20.TestTransfersReport" name="test_transfers_returns_structure" time="0.377" /><testcase classname="backend.tests.test_stock_reports_v20.TestTransfersReport" name="test_transfers_have_invoice_numbers" time="0.374" /><testcase classname="backend.tests.test_stock_reports_v20.TestDispatchReturnReport" name="test_dispatch_return_returns_structure" time="0.445" /><testcase classname="backend.tests.test_stock_reports_v20.TestDispatchReturnReport" name="test_dispatch_entries_are_dispatch_out" time="0.366" /><testcase classname="backend.tests.test_stock_reports_v20.TestDispatchReturnReport" name="test_return_entries_are_return_in" time="0.399" /><testcase classname="backend.tests.test_stock_reports_v20.TestAdjustmentsReport" name="test_adjustments_returns_structure" time="0.398" /><testcase classname="backend.tests.test_stock_reports_v20.TestAdjustmentsReport" name="test_adjustments_have_reasons" time="0.377" /><testcase classname="backend.tests.test_stock_reports_v20.TestCSVExport" name="test_export_ledger_csv" time="0.411" /><testcase classname="backend.tests.test_stock_reports_v20.TestCSVExport" name="test_export_stock_csv" time="0.376" /><testcase classname="backend.tests.test_stock_reports_v20.TestCSVExport" name="test_export_transfers_csv" time="0.442" /><testcase classname="backend.tests.test_stock_reports_v20.TestFirmFilter" name="test_firm_filter_on_ledger" time="0.453" /><testcase classname="backend.tests.test_stock_reports_v20.TestFirmFilter" name="test_firm_filter_on_dispatch_return" time="0.446" /></testsuite></testsuites>