<?xml version="1.0" encoding="utf-8"?><testsuites name="pytest tests"><testsuite name="pytest" errors="0" failures="0" skipped="0" tests="12" time="4.818" timestamp="2026-04-08T07:23:43.211076+00:00" hostname="agent-env-1712049c-d6d1-4e6a-9408-05866edeaf39"><testcase classname="backend.tests.test_multi_item_pending_fulfillment_v53.TestMultiItemPendingFulfillment" name="test_01_login_success" time="0.504" /><testcase classname="backend.tests.test_multi_item_pending_fulfillment_v53.TestMultiItemPendingFulfillment" name="test_02_get_firms_and_skus" time="0.442" /><testcase classname="backend.tests.test_multi_item_pending_fulfillment_v53.TestMultiItemPendingFulfillment" name="test_03_create_single_item_fulfillment_backward_compat" time="0.461" /><testcase classname="backend.tests.test_multi_item_pending_fulfillment_v53.TestMultiItemPendingFulfillment" name="test_04_create_multi_item_fulfillment" time="0.474" /><testcase classname="backend.tests.test_multi_item_pending_fulfillment_v53.TestMultiItemPendingFulfillment" name="test_05_list_fulfillment_shows_items" time="0.415" /><testcase classname="backend.tests.test_multi_item_pending_fulfillment_v53.TestMultiItemPendingFulfillment" name="test_06_create_fulfillment_validates_items" time="0.456" /><testcase classname="backend.tests.test_multi_item_pending_fulfillment_v53.TestMultiItemPendingFulfillment" name="test_07_mark_ready_checks_all_items_stock" time="0.575" /><testcase classname="backend.tests.test_multi_item_pending_fulfillment_v53.TestMultiItemPendingFulfillment" name="test_08_duplicate_order_id_rejected" time="0.502" /><testcase classname="backend.tests.test_multi_item_pending_fulfillment_v53.TestMultiItemPendingFulfillment" name="test_09_check_unique_endpoint" time="0.448" /><testcase classname="backend.tests.test_multi_item_pending_fulfillment_v53.TestMultiItemPendingFulfillment" name="test_10_items_enriched_with_sku_details" time="0.460" /><testcase classname="backend.tests.test_multi_item_pending_fulfillment_v53.TestPendingFulfillmentModel" name="test_model_accepts_items_array" time="0.000" /><testcase classname="backend.tests.test_multi_item_pending_fulfillment_v53.TestPendingFulfillmentModel" name="test_item_model_structure" time="0.000" /></testsuite></testsuites>