<?xml version="1.0" encoding="utf-8"?><testsuites name="pytest tests"><testsuite name="pytest" errors="0" failures="0" skipped="0" tests="12" time="4.603" timestamp="2026-03-15T20:41:41.591771+00:00" hostname="agent-env-1712049c-d6d1-4e6a-9408-05866edeaf39"><testcase classname="tests.test_sql_import_features_v12.TestSQLImport" name="test_sql_imported_tickets_count" time="0.713" /><testcase classname="tests.test_sql_import_features_v12.TestSQLImport" name="test_sql_imported_tickets_have_legacy_id" time="0.241" /><testcase classname="tests.test_sql_import_features_v12.TestSQLImport" name="test_phone_deduplication" time="0.221" /><testcase classname="tests.test_sql_import_features_v12.TestCustomerEdit" name="test_get_customer_info" time="0.382" /><testcase classname="tests.test_sql_import_features_v12.TestCustomerEdit" name="test_update_customer_address" time="0.581" /><testcase classname="tests.test_sql_import_features_v12.TestCustomerEdit" name="test_update_customer_city" time="0.636" /><testcase classname="tests.test_sql_import_features_v12.TestCustomerEdit" name="test_ticket_data_updated_with_customer" time="0.684" /><testcase classname="tests.test_sql_import_features_v12.TestWarrantyInvoice" name="test_list_approved_warranties" time="0.123" /><testcase classname="tests.test_sql_import_features_v12.TestWarrantyInvoice" name="test_warranty_has_invoice_fields" time="0.241" /><testcase classname="tests.test_sql_import_features_v12.TestWarrantyInvoice" name="test_upload_warranty_invoice" time="0.356" /><testcase classname="tests.test_sql_import_features_v12.TestProvidedIDs" name="test_provided_customer_id" time="0.119" /><testcase classname="tests.test_sql_import_features_v12.TestProvidedIDs" name="test_provided_warranty_id" time="0.125" /></testsuite></testsuites>